Mplus VERSION 8.4
MUTHEN & MUTHEN
10/27/2020   5:36 PM

INPUT INSTRUCTIONS

  TITLE:      Expert-network MoE
  Data:       FILE = example_data.csv;
  VARIABLE:   NAMES = id Y1-Y10 T1-T10 gX1 gX2 class eX1 eX2;
              USEVAR = Y1-Y10 eX1 eX2;
              CONSTRAINT = T1-T10;
              CLASSES = c(2);
  ANALYSIS:   TYPE = MIXTURE;
              ALGORITHM = EM;

  MODEL:
              %OVERALL%
              eta0s BY Y1-Y10@1;
              ! factor loadings for eta0s are set equal to 1
              ! Factor loadings for eta1s and eta2s are not fixed values,
              ! because they contain an estimate parameter, the fixed knot
              eta1s BY Y1* (L11)
                       Y2* (L12)
                       Y3* (L13)
                       Y4* (L14)
                       Y5* (L15)
                       Y6* (L16)
                       Y7* (L17)
                       Y8* (L18)
                       Y9* (L19)
                       Y10* (L110);
              eta2s BY Y1* (L21)
                       Y2* (L22)
                       Y3* (L23)
                       Y4* (L24)
                       Y5* (L25)
                       Y6* (L26)
                       Y7* (L27)
                       Y8* (L28)
                       Y9* (L29)
                       Y10* (L210);

              eta0s on eX1 (beta01s);
              eta1s on eX1 (beta11s);
              eta2s on eX1 (beta21s);

              eta0s on eX2 (beta02s);
              eta1s on eX2 (beta12s);
              eta2s on eX2 (beta22s);

              %c#1%
              eta0s BY Y1-Y10@1;
              eta1s BY Y1* (c1L11)
                       Y2* (c1L12)
                       Y3* (c1L13)
                       Y4* (c1L14)
                       Y5* (c1L15)
                       Y6* (c1L16)
                       Y7* (c1L17)
                       Y8* (c1L18)
                       Y9* (c1L19)
                       Y10* (c1L110);
              eta2s BY Y1* (c1L21)
                       Y2* (c1L22)
                       Y3* (c1L23)
                       Y4* (c1L24)
                       Y5* (c1L25)
                       Y6* (c1L26)
                       Y7* (c1L27)
                       Y8* (c1L28)
                       Y9* (c1L29)
                       Y10* (c1L210);

              ! Population values of parameters:
              !! Original settings:
              !! mueta0: 100, mueta1: -5, mueta2: -2.6, mug: 4.0
              !! psi00: 25, psi01: 1.5, psi02: 1.5
              !!            psi11: 1.0, psi12: 0.3
              !!                        psi22: 1.0

              !! Reparameterized settings:
              !! mueta0s: 82.5, mueta1s: -3.8, mueta2s: 1.2, mug: 3.5
              !! psi0s0s: 47.75, psi0s1s: 3.775, psi0s2s: -1.225
              !!                 psi1s1s: 0.650, psi1s2s: 0.00
              !!                                 psi2s2s: 0.35

              !! beta: 0.8849, 0.1770, 0.1770
              !!       1.3274, 0.2655, 0.2655

              !! theta: 1.0

              eta0s*50.0 (c1psi0s0s);
              eta1s*0.6  (c1psi1s1s);
              eta2s*0.4  (c1psi2s2s);

              eta0s WITH eta1s*4.0 (c1psi0s1s);
              eta0s WITH eta2s*-1.2 (c1psi0s2s);
              eta1s WITH eta2s*0.2 (c1psi1s2s);

              [eta0s*80]  (c1mueta0s);
              [eta1s*-4]  (c1mueta1s);
              [eta2s*1]   (c1mueta2s);

              eta0s on eX1*0.8 (c1beta01s);
              eta1s on eX1*0.2 (c1beta11s);
              eta2s on eX1*0.2 (c1beta21s);

              eta0s on eX2*1.3 (c1beta02s);
              eta1s on eX2*0.3 (c1beta12s);
              eta2s on eX2*0.3 (c1beta22s);

              eX1 eX2;
              [eX1 eX2];
              eX1 with eX2;

              Y1-Y10*1.1 (c1theta);
              [Y1-Y10@0];

              %c#2%
              eta0s BY Y1-Y10@1;
              eta1s BY Y1* (c2L11)
                       Y2* (c2L12)
                       Y3* (c2L13)
                       Y4* (c2L14)
                       Y5* (c2L15)
                       Y6* (c2L16)
                       Y7* (c2L17)
                       Y8* (c2L18)
                       Y9* (c2L19)
                       Y10* (c2L110);
              eta2s BY Y1* (c2L21)
                       Y2* (c2L22)
                       Y3* (c2L23)
                       Y4* (c2L24)
                       Y5* (c2L25)
                       Y6* (c2L26)
                       Y7* (c2L27)
                       Y8* (c2L28)
                       Y9* (c2L29)
                       Y10* (c2L210);

              ! Factor loadings for eta1s and eta2s are not fixed values,
              ! because they contain an estimate parameter, the fixed knot

              ! Population values of parameters:
              !! Original settings:
              !! mueta0: 100, mueta1: -5, mueta2: -3.4, mug: 5.0
              !! psi00: 25, psi01: 1.5, psi02: 1.5
              !!            psi11: 1.0, psi12: 0.3
              !!                        psi22: 1.0

              !! Reparameterized settings:
              !! mueta0s: 72.5, mueta1s: -4.2, mueta2s: 0.8, mug: 5.5
              !! psi0s0s: 71.750, psi0s1s: 5.075, psi0s2s: -1.925
              !!                  psi1s1s: 0.650, psi1s2s: 0.000
              !!                                  psi2s2s: 0.350

              !! beta: 1.2515, 0.2503, 0.2503
              !!       1.8773, 0.3755, 0.3755

              !! theta: 1.0
              eta0s*70.0 (c2psi0s0s);
              eta1s*0.6  (c2psi1s1s);
              eta2s*0.4  (c2psi2s2s);

              eta0s WITH eta1s*5.0 (c2psi0s1s);
              eta0s WITH eta2s*-2.0 (c2psi0s2s);
              eta1s WITH eta2s*0 (c2psi1s2s);

              [eta0s*75]  (c2mueta0s);
              [eta1s*-4]  (c2mueta1s);
              [eta2s*1]   (c2mueta2s);

              eta0s on eX1*1.2 (c2beta01s);
              eta1s on eX1*0.3 (c2beta11s);
              eta2s on eX1*0.3 (c2beta21s);

              eta0s on eX2*1.8 (c2beta02s);
              eta1s on eX2*0.4 (c2beta12s);
              eta2s on eX2*0.4 (c2beta22s);

              eX1 eX2;
              [eX1 eX2];
              eX1 with eX2;

              Y1-Y10*1.1 (c2theta);
              [Y1-Y10@0];

  MODEL CONSTRAINT:
              ! In the model constraint, we have 3 parts:
              ! Part I: Specify extra parameters other than those related to transformed LVs
              new(c1mueta0 c1mueta1 c1mueta2 c1mug*3.5
                  c1psi00 c1psi01 c1psi02
                          c1psi11 c1psi12
                                  c1psi22
                  c1beta01 c1beta11 c1beta21
                  c1beta02 c1beta12 c1beta22

                  c2mueta0 c2mueta1 c2mueta2 c2mug*5.5
                  c2psi00 c2psi01 c2psi02
                          c2psi11 c2psi12
                                  c2psi22
                  c2beta01 c2beta11 c2beta21
                  c2beta02 c2beta12 c2beta22);

              ! Part II: Specify a series of equations to anti-transform the LVs
              c1mueta0 = c1mueta0s + c1mug * (c1mueta2s - c1mueta1s);
              c1mueta1 = c1mueta1s - c1mueta2s;
              c1mueta2 = c1mueta1s + c1mueta2s;
              c1psi00 = (c1psi1s1s + c1psi2s2s - 2 * c1psi1s2s) * c1mug^2 +
                       2 * (c1psi0s2s - c1psi0s1s) * c1mug + c1psi0s0s;
              c1psi01 = (2 * c1psi1s2s - c1psi1s1s - c1psi2s2s) * c1mug +
                      (c1psi0s1s - c1psi0s2s);
              c1psi02 = (c1psi2s2s - c1psi1s1s) * c1mug +
                      (c1psi0s1s + c1psi0s2s);
              c1psi11 = c1psi1s1s + c1psi2s2s - 2 * c1psi1s2s;
              c1psi12 = c1psi1s1s - c1psi2s2s;
              c1psi22 = c1psi1s1s + c1psi2s2s + 2 * c1psi1s2s;

              c1beta01 = c1beta01s + (c1beta21s - c1beta11s) * c1mug;
              c1beta11 = c1beta11s - c1beta21s;
              c1beta21 = c1beta11s + c1beta21s;

              c1beta02 = c1beta02s + (c1beta22s - c1beta12s) * c1mug;
              c1beta12 = c1beta12s - c1beta22s;
              c1beta22 = c1beta12s + c1beta22s;

              c2mueta0 = c2mueta0s + c2mug * (c2mueta2s - c2mueta1s);
              c2mueta1 = c2mueta1s - c2mueta2s;
              c2mueta2 = c2mueta1s + c2mueta2s;
              c2psi00 = (c2psi1s1s + c2psi2s2s - 2 * c2psi1s2s) * c2mug^2 +
                       2 * (c2psi0s2s - c2psi0s1s) * c2mug + c2psi0s0s;
              c2psi01 = (2 * c2psi1s2s - c2psi1s1s - c2psi2s2s) * c2mug +
                        (c2psi0s1s - c2psi0s2s);
              c2psi02 = (c2psi2s2s - c2psi1s1s) * c2mug +
                        (c2psi0s1s + c2psi0s2s);
              c2psi11 = c2psi1s1s + c2psi2s2s - 2 * c2psi1s2s;
              c2psi12 = c2psi1s1s - c2psi2s2s;
              c2psi22 = c2psi1s1s + c2psi2s2s + 2 * c2psi1s2s;

              c2beta01 = c2beta01s + (c2beta21s - c2beta11s) * c2mug;
              c2beta11 = c2beta11s - c2beta21s;
              c2beta21 = c2beta11s + c2beta21s;

              c2beta02 = c2beta02s + (c2beta22s - c2beta12s) * c2mug;
              c2beta12 = c2beta12s - c2beta22s;
              c2beta22 = c2beta12s + c2beta22s;

              ! Part III: Define factor loadings for the 2nd and 3rd LVs with
              ! definition variables
              c1L11 = T1 - c1mug;
              c1L12 = T2 - c1mug;
              c1L13 = T3 - c1mug;
              c1L14 = T4 - c1mug;
              c1L15 = T5 - c1mug;
              c1L16 = T6 - c1mug;
              c1L17 = T7 - c1mug;
              c1L18 = T8 - c1mug;
              c1L19 = T9 - c1mug;
              c1L110 = T10 - c1mug;

              c1L21 = sqrt((T1 - c1mug)^2);
              c1L22 = sqrt((T2 - c1mug)^2);
              c1L23 = sqrt((T3 - c1mug)^2);
              c1L24 = sqrt((T4 - c1mug)^2);
              c1L25 = sqrt((T5 - c1mug)^2);
              c1L26 = sqrt((T6 - c1mug)^2);
              c1L27 = sqrt((T7 - c1mug)^2);
              c1L28 = sqrt((T8 - c1mug)^2);
              c1L29 = sqrt((T9 - c1mug)^2);
              c1L210 = sqrt((T10 - c1mug)^2);

              c2L11 = T1 - c2mug;
              c2L12 = T2 - c2mug;
              c2L13 = T3 - c2mug;
              c2L14 = T4 - c2mug;
              c2L15 = T5 - c2mug;
              c2L16 = T6 - c2mug;
              c2L17 = T7 - c2mug;
              c2L18 = T8 - c2mug;
              c2L19 = T9 - c2mug;
              c2L110 = T10 - c2mug;

              c2L21 = sqrt((T1 - c2mug)^2);
              c2L22 = sqrt((T2 - c2mug)^2);
              c2L23 = sqrt((T3 - c2mug)^2);
              c2L24 = sqrt((T4 - c2mug)^2);
              c2L25 = sqrt((T5 - c2mug)^2);
              c2L26 = sqrt((T6 - c2mug)^2);
              c2L27 = sqrt((T7 - c2mug)^2);
              c2L28 = sqrt((T8 - c2mug)^2);
              c2L29 = sqrt((T9 - c2mug)^2);
              c2L210 = sqrt((T10 - c2mug)^2);
   OUTPUT:    SAMPSTAT TECH1 TECH8;



INPUT READING TERMINATED NORMALLY



Expert-network MoE

SUMMARY OF ANALYSIS

Number of groups                                                 1
Number of observations                                         500

Number of dependent variables                                   10
Number of independent variables                                  2
Number of continuous latent variables                            3
Number of categorical latent variables                           1

Observed dependent variables

  Continuous
   Y1          Y2          Y3          Y4          Y5          Y6
   Y7          Y8          Y9          Y10

Observed independent variables
   EX1         EX2

Continuous latent variables
   ETA0S       ETA1S       ETA2S

Categorical latent variables
   C


Estimator                                                      MLR
Information matrix                                        OBSERVED
Optimization Specifications for the Quasi-Newton Algorithm for
Continuous Outcomes
  Maximum number of iterations                                 100
  Convergence criterion                                  0.100D-05
Optimization Specifications for the EM Algorithm
  Maximum number of iterations                                 500
  Convergence criteria
    Loglikelihood change                                 0.100D-06
    Relative loglikelihood change                        0.100D-06
    Derivative                                           0.100D-05
Optimization Specifications for the M step of the EM Algorithm for
Categorical Latent variables
  Number of M step iterations                                    1
  M step convergence criterion                           0.100D-05
  Basis for M step termination                           ITERATION
Optimization Specifications for the M step of the EM Algorithm for
Censored, Binary or Ordered Categorical (Ordinal), Unordered
Categorical (Nominal) and Count Outcomes
  Number of M step iterations                                    1
  M step convergence criterion                           0.100D-05
  Basis for M step termination                           ITERATION
  Maximum value for logit thresholds                            15
  Minimum value for logit thresholds                           -15
  Minimum expected cell size for chi-square              0.100D-01
Optimization algorithm                                          EM
Random Starts Specifications
  Number of initial stage random starts                         20
  Number of final stage optimizations                            4
  Number of initial stage iterations                            10
  Initial stage convergence criterion                    0.100D+01
  Random starts scale                                    0.500D+01
  Random seed for generating random starts                       0

Input data file(s)
  example_data.csv
Input data format  FREE


SAMPLE STATISTICS


     SAMPLE STATISTICS


           Means
              Y1            Y2            Y3            Y4            Y5
              ________      ________      ________      ________      ________
               99.861        94.930        89.962        85.096        80.761


           Means
              Y6            Y7            Y8            Y9            Y10
              ________      ________      ________      ________      ________
               77.038        73.721        70.724        67.793        64.838


           Means
              EX1           EX2
              ________      ________
                0.075         0.072


           Covariances
              Y1            Y2            Y3            Y4            Y5
              ________      ________      ________      ________      ________
 Y1            24.646
 Y2            25.323        29.415
 Y3            26.276        29.995        34.659
 Y4            27.401        31.961        36.172        41.731
 Y5            29.113        34.459        39.588        44.499        51.298
 Y6            30.278        36.087        41.741        46.910        53.757
 Y7            31.337        37.565        43.842        49.283        57.225
 Y8            32.516        38.956        45.441        50.961        59.532
 Y9            34.157        40.844        47.761        53.742        63.014
 Y10           35.144        42.232        49.576        55.679        65.565
 EX1            1.254         1.547         1.909         2.159         2.491
 EX2            1.588         1.894         2.332         2.665         3.063


           Covariances
              Y6            Y7            Y8            Y9            Y10
              ________      ________      ________      ________      ________
 Y6            61.016
 Y7            64.922        72.955
 Y8            68.051        76.121        82.859
 Y9            72.690        82.227        88.929        98.875
 Y10           76.140        86.745        94.497       104.397       113.123
 EX1            2.711         3.051         3.224         3.550         3.989
 EX2            3.388         3.986         4.252         4.871         5.326


           Covariances
              EX1           EX2
              ________      ________
 EX1            0.999
 EX2            0.299         0.966


           Correlations
              Y1            Y2            Y3            Y4            Y5
              ________      ________      ________      ________      ________
 Y1             1.000
 Y2             0.940         1.000
 Y3             0.899         0.939         1.000
 Y4             0.854         0.912         0.951         1.000
 Y5             0.819         0.887         0.939         0.962         1.000
 Y6             0.781         0.852         0.908         0.930         0.961
 Y7             0.739         0.811         0.872         0.893         0.935
 Y8             0.720         0.789         0.848         0.867         0.913
 Y9             0.692         0.757         0.816         0.837         0.885
 Y10            0.666         0.732         0.792         0.810         0.861
 EX1            0.253         0.285         0.324         0.334         0.348
 EX2            0.326         0.355         0.403         0.420         0.435


           Correlations
              Y6            Y7            Y8            Y9            Y10
              ________      ________      ________      ________      ________
 Y6             1.000
 Y7             0.973         1.000
 Y8             0.957         0.979         1.000
 Y9             0.936         0.968         0.983         1.000
 Y10            0.916         0.955         0.976         0.987         1.000
 EX1            0.347         0.357         0.354         0.357         0.375
 EX2            0.441         0.475         0.475         0.498         0.510


           Correlations
              EX1           EX2
              ________      ________
 EX1            1.000
 EX2            0.304         1.000


UNIVARIATE SAMPLE STATISTICS


     UNIVARIATE HIGHER-ORDER MOMENT DESCRIPTIVE STATISTICS

         Variable/         Mean/     Skewness/   Minimum/ % with                Percentiles
        Sample Size      Variance    Kurtosis    Maximum  Min/Max      20%/60%    40%/80%    Median

     Y1                   99.861      -0.083      85.252    0.20%      95.474     98.883     99.927
             500.000      24.646       0.003     113.835    0.20%     101.393    103.972
     Y2                   94.930      -0.030      78.082    0.20%      90.736     93.678     95.028
             500.000      29.415       0.142     110.448    0.20%      96.218     99.305
     Y3                   89.962      -0.020      71.259    0.20%      84.810     88.576     90.149
             500.000      34.659       0.252     108.354    0.20%      91.559     94.724
     Y4                   85.096      -0.051      62.715    0.20%      79.555     83.841     85.292
             500.000      41.731       0.222     107.448    0.20%      86.777     90.346
     Y5                   80.761      -0.062      56.914    0.20%      74.856     79.249     80.625
             500.000      51.298       0.196     103.394    0.20%      82.359     86.924
     Y6                   77.038      -0.057      53.740    0.20%      70.403     75.047     76.845
             500.000      61.016       0.132     103.571    0.20%      79.115     83.593
     Y7                   73.721      -0.088      48.389    0.20%      66.670     71.387     73.410
             500.000      72.955       0.019      99.948    0.20%      75.782     81.046
     Y8                   70.724      -0.145      44.095    0.20%      62.874     68.429     70.933
             500.000      82.859      -0.031      96.895    0.20%      73.342     78.566
     Y9                   67.793      -0.096      38.838    0.20%      59.282     65.778     67.952
             500.000      98.875      -0.071      94.656    0.20%      70.594     75.868
     Y10                  64.838      -0.100      35.742    0.20%      55.358     62.641     65.030
             500.000     113.123      -0.201      93.634    0.20%      68.105     73.794
     EX1                   0.075       0.020      -2.913    0.20%      -0.781     -0.166      0.107
             500.000       0.999       0.297       3.405    0.20%       0.317      0.838
     EX2                   0.072       0.020      -2.741    0.20%      -0.813     -0.168      0.100
             500.000       0.966      -0.189       3.080    0.20%       0.311      0.961
     T1                    0.000       0.000       0.000  100.00%       0.000      0.000      0.000
             500.000       0.000       0.000       0.000  100.00%       0.000      0.000
     T2                    0.996       0.050       0.753    0.20%       0.847      0.936      0.983
             500.000       0.022      -1.268       1.248    0.20%       1.048      1.154
     T3                    1.997       0.149       1.751    0.20%       1.860      1.937      1.982
             500.000       0.020      -1.175       2.248    0.20%       2.035      2.154
     T4                    2.992       0.128       2.753    0.20%       2.855      2.949      2.986
             500.000       0.019      -1.050       3.249    0.20%       3.026      3.128
     T5                    3.996       0.031       3.753    0.20%       3.843      3.946      3.997
             500.000       0.021      -1.188       4.250    0.20%       4.050      4.144
     T6                    5.011      -0.098       4.751    0.20%       4.870      4.965      5.014
             500.000       0.020      -1.145       5.250    0.20%       5.064      5.157
     T7                    6.002      -0.013       5.752    0.20%       5.850      5.949      6.003
             500.000       0.021      -1.199       6.250    0.20%       6.050      6.153
     T8                    7.016      -0.166       6.751    0.20%       6.866      6.971      7.028
             500.000       0.020      -1.179       7.250    0.20%       7.078      7.160
     T9                    7.992       0.051       7.750    0.20%       7.832      7.937      7.996
             500.000       0.022      -1.229       8.249    0.20%       8.042      8.148
     T10                   9.000       0.000       9.000  100.00%       9.000      9.000      9.000
             500.000       0.000       0.000       9.000  100.00%       9.000      9.000

RANDOM STARTS RESULTS RANKED FROM THE BEST TO THE WORST LOGLIKELIHOOD VALUES

Final stage loglikelihood values at local maxima, seeds, and initial stage start numbers:

          -11480.752  533738           11
          -11480.752  27071            15
          -11480.752  unperturbed      0
          -11480.752  127215           9



THE BEST LOGLIKELIHOOD VALUE HAS BEEN REPLICATED.  RERUN WITH AT LEAST TWICE THE
RANDOM STARTS TO CHECK THAT THE BEST LOGLIKELIHOOD IS STILL OBTAINED AND REPLICATED.


THE MODEL ESTIMATION TERMINATED NORMALLY



MODEL FIT INFORMATION

Number of Free Parameters                       45

Loglikelihood

          H0 Value                      -11480.752
          H0 Scaling Correction Factor      1.0400
            for MLR

Information Criteria

          Akaike (AIC)                   23051.504
          Bayesian (BIC)                 23241.162
          Sample-Size Adjusted BIC       23098.329
            (n* = (n + 2) / 24)



FINAL CLASS COUNTS AND PROPORTIONS FOR THE LATENT CLASSES
BASED ON THE ESTIMATED MODEL

    Latent
   Classes

       1        259.64057          0.51928
       2        240.35943          0.48072


FINAL CLASS COUNTS AND PROPORTIONS FOR THE LATENT CLASSES
BASED ON ESTIMATED POSTERIOR PROBABILITIES

    Latent
   Classes

       1        259.64045          0.51928
       2        240.35955          0.48072


FINAL CLASS COUNTS AND PROPORTIONS FOR THE LATENT CLASSES
BASED ON THEIR MOST LIKELY LATENT CLASS MEMBERSHIP

Class Counts and Proportions

    Latent
   Classes

       1              237          0.47400
       2              263          0.52600


CLASSIFICATION QUALITY

     Entropy                         0.628


Classification Probabilities for the Most Likely Latent Class Membership (Column)
by Latent Class (Row)

           1        2

    1   0.847    0.153
    2   0.071    0.929


Logits for the Classification Probabilities for the Most Likely Latent Class Membership (Column)
by Latent Class (Row)

              1        2

    1      1.709    0.000
    2     -2.566    0.000


MODEL RESULTS

                                                    Two-Tailed
                    Estimate       S.E.  Est./S.E.    P-Value

Latent Class 1

 ETA0S    BY
    Y1                 1.000      0.000    999.000    999.000
    Y2                 1.000      0.000    999.000    999.000
    Y3                 1.000      0.000    999.000    999.000
    Y4                 1.000      0.000    999.000    999.000
    Y5                 1.000      0.000    999.000    999.000
    Y6                 1.000      0.000    999.000    999.000
    Y7                 1.000      0.000    999.000    999.000
    Y8                 1.000      0.000    999.000    999.000
    Y9                 1.000      0.000    999.000    999.000
    Y10                1.000      0.000    999.000    999.000

 ETA1S    BY
    Y1               999.000      0.000    999.000    999.000
    Y2               999.000      0.000    999.000    999.000
    Y3               999.000      0.000    999.000    999.000
    Y4               999.000      0.000    999.000    999.000
    Y5               999.000      0.000    999.000    999.000
    Y6               999.000      0.000    999.000    999.000
    Y7               999.000      0.000    999.000    999.000
    Y8               999.000      0.000    999.000    999.000
    Y9               999.000      0.000    999.000    999.000
    Y10              999.000      0.000    999.000    999.000

 ETA2S    BY
    Y1               999.000      0.000    999.000    999.000
    Y2               999.000      0.000    999.000    999.000
    Y3               999.000      0.000    999.000    999.000
    Y4               999.000      0.000    999.000    999.000
    Y5               999.000      0.000    999.000    999.000
    Y6               999.000      0.000    999.000    999.000
    Y7               999.000      0.000    999.000    999.000
    Y8               999.000      0.000    999.000    999.000
    Y9               999.000      0.000    999.000    999.000
    Y10              999.000      0.000    999.000    999.000

 ETA0S      ON
    EX1                1.213      0.570      2.127      0.033
    EX2                1.941      0.446      4.349      0.000

 ETA1S      ON
    EX1                0.104      0.076      1.364      0.173
    EX2                0.316      0.049      6.420      0.000

 ETA2S      ON
    EX1               -0.019      0.060     -0.325      0.745
    EX2                0.078      0.058      1.340      0.180

 ETA1S    WITH
    ETA0S              2.460      0.368      6.691      0.000

 ETA2S    WITH
    ETA0S             -1.396      0.372     -3.754      0.000
    ETA1S             -0.012      0.049     -0.238      0.812

 EX2      WITH
    EX1                0.194      0.087      2.223      0.026

 Means
    EX1                0.058      0.077      0.750      0.453
    EX2                0.059      0.077      0.763      0.445

 Intercepts
    Y1                 0.000      0.000    999.000    999.000
    Y2                 0.000      0.000    999.000    999.000
    Y3                 0.000      0.000    999.000    999.000
    Y4                 0.000      0.000    999.000    999.000
    Y5                 0.000      0.000    999.000    999.000
    Y6                 0.000      0.000    999.000    999.000
    Y7                 0.000      0.000    999.000    999.000
    Y8                 0.000      0.000    999.000    999.000
    Y9                 0.000      0.000    999.000    999.000
    Y10                0.000      0.000    999.000    999.000
    ETA0S             81.733      0.534    153.004      0.000
    ETA1S             -3.866      0.067    -57.606      0.000
    ETA2S              1.212      0.106     11.443      0.000

 Variances
    EX1                0.816      0.116      7.055      0.000
    EX2                1.018      0.095     10.725      0.000

 Residual Variances
    Y1                 1.005      0.040     24.900      0.000
    Y2                 1.005      0.040     24.900      0.000
    Y3                 1.005      0.040     24.900      0.000
    Y4                 1.005      0.040     24.900      0.000
    Y5                 1.005      0.040     24.900      0.000
    Y6                 1.005      0.040     24.900      0.000
    Y7                 1.005      0.040     24.900      0.000
    Y8                 1.005      0.040     24.900      0.000
    Y9                 1.005      0.040     24.900      0.000
    Y10                1.005      0.040     24.900      0.000
    ETA0S             38.160      3.642     10.479      0.000
    ETA1S              0.531      0.059      9.010      0.000
    ETA2S              0.358      0.091      3.919      0.000

Latent Class 2

 ETA0S    BY
    Y1                 1.000      0.000    999.000    999.000
    Y2                 1.000      0.000    999.000    999.000
    Y3                 1.000      0.000    999.000    999.000
    Y4                 1.000      0.000    999.000    999.000
    Y5                 1.000      0.000    999.000    999.000
    Y6                 1.000      0.000    999.000    999.000
    Y7                 1.000      0.000    999.000    999.000
    Y8                 1.000      0.000    999.000    999.000
    Y9                 1.000      0.000    999.000    999.000
    Y10                1.000      0.000    999.000    999.000

 ETA1S    BY
    Y1               999.000      0.000    999.000    999.000
    Y2               999.000      0.000    999.000    999.000
    Y3               999.000      0.000    999.000    999.000
    Y4               999.000      0.000    999.000    999.000
    Y5               999.000      0.000    999.000    999.000
    Y6               999.000      0.000    999.000    999.000
    Y7               999.000      0.000    999.000    999.000
    Y8               999.000      0.000    999.000    999.000
    Y9               999.000      0.000    999.000    999.000
    Y10              999.000      0.000    999.000    999.000

 ETA2S    BY
    Y1               999.000      0.000    999.000    999.000
    Y2               999.000      0.000    999.000    999.000
    Y3               999.000      0.000    999.000    999.000
    Y4               999.000      0.000    999.000    999.000
    Y5               999.000      0.000    999.000    999.000
    Y6               999.000      0.000    999.000    999.000
    Y7               999.000      0.000    999.000    999.000
    Y8               999.000      0.000    999.000    999.000
    Y9               999.000      0.000    999.000    999.000
    Y10              999.000      0.000    999.000    999.000

 ETA0S      ON
    EX1                2.273      0.585      3.883      0.000
    EX2                3.768      0.573      6.573      0.000

 ETA1S      ON
    EX1                0.249      0.053      4.699      0.000
    EX2                0.437      0.054      8.122      0.000

 ETA2S      ON
    EX1               -0.014      0.048     -0.292      0.770
    EX2                0.068      0.062      1.107      0.268

 ETA1S    WITH
    ETA0S              2.635      0.312      8.443      0.000

 ETA2S    WITH
    ETA0S             -2.079      0.383     -5.427      0.000
    ETA1S              0.006      0.029      0.189      0.850

 EX2      WITH
    EX1                0.411      0.090      4.545      0.000

 Means
    EX1                0.094      0.087      1.078      0.281
    EX2                0.086      0.080      1.077      0.281

 Intercepts
    Y1                 0.000      0.000    999.000    999.000
    Y2                 0.000      0.000    999.000    999.000
    Y3                 0.000      0.000    999.000    999.000
    Y4                 0.000      0.000    999.000    999.000
    Y5                 0.000      0.000    999.000    999.000
    Y6                 0.000      0.000    999.000    999.000
    Y7                 0.000      0.000    999.000    999.000
    Y8                 0.000      0.000    999.000    999.000
    Y9                 0.000      0.000    999.000    999.000
    Y10                0.000      0.000    999.000    999.000
    ETA0S             72.873      0.657    110.910      0.000
    ETA1S             -4.119      0.056    -73.942      0.000
    ETA2S              0.728      0.068     10.786      0.000

 Variances
    EX1                1.196      0.152      7.877      0.000
    EX2                0.909      0.086     10.511      0.000

 Residual Variances
    Y1                 1.036      0.044     23.735      0.000
    Y2                 1.036      0.044     23.735      0.000
    Y3                 1.036      0.044     23.735      0.000
    Y4                 1.036      0.044     23.735      0.000
    Y5                 1.036      0.044     23.735      0.000
    Y6                 1.036      0.044     23.735      0.000
    Y7                 1.036      0.044     23.735      0.000
    Y8                 1.036      0.044     23.735      0.000
    Y9                 1.036      0.044     23.735      0.000
    Y10                1.036      0.044     23.735      0.000
    ETA0S             47.163      4.959      9.511      0.000
    ETA1S              0.407      0.042      9.630      0.000
    ETA2S              0.373      0.043      8.772      0.000

Categorical Latent Variables

 Means
    C#1                0.077      0.215      0.358      0.720

New/Additional Parameters
    C1MUETA0          99.585      0.356    279.449      0.000
    C1MUETA1          -5.078      0.099    -51.385      0.000
    C1MUETA2          -2.654      0.147    -18.028      0.000
    C1MUG              3.516      0.034    102.373      0.000
    C1PSI00           22.317      2.220     10.051      0.000
    C1PSI01            0.651      0.327      1.993      0.046
    C1PSI02            0.456      0.346      1.317      0.188
    C1PSI11            0.912      0.120      7.580      0.000
    C1PSI12            0.173      0.103      1.682      0.093
    C1PSI22            0.865      0.175      4.958      0.000
    C1BETA01           0.780      0.420      1.856      0.063
    C1BETA11           0.123      0.103      1.194      0.232
    C1BETA21           0.084      0.090      0.935      0.350
    C1BETA02           1.104      0.338      3.269      0.001
    C1BETA12           0.238      0.079      3.015      0.003
    C1BETA22           0.393      0.073      5.399      0.000
    C2MUETA0          99.778      0.352    283.437      0.000
    C2MUETA1          -4.847      0.084    -57.487      0.000
    C2MUETA2          -3.391      0.091    -37.406      0.000
    C2MUG              5.550      0.047    117.215      0.000
    C2PSI00           18.518      1.995      9.284      0.000
    C2PSI01            0.447      0.309      1.444      0.149
    C2PSI02            0.369      0.301      1.223      0.221
    C2PSI11            0.769      0.084      9.109      0.000
    C2PSI12            0.034      0.062      0.546      0.585
    C2PSI22            0.791      0.081      9.798      0.000
    C2BETA01           0.811      0.329      2.463      0.014
    C2BETA11           0.263      0.074      3.571      0.000
    C2BETA21           0.235      0.070      3.365      0.001
    C2BETA02           1.720      0.389      4.416      0.000
    C2BETA12           0.369      0.076      4.884      0.000
    C2BETA22           0.506      0.088      5.753      0.000


QUALITY OF NUMERICAL RESULTS

     Condition Number for the Information Matrix              0.451E-04
       (ratio of smallest to largest eigenvalue)


TECHNICAL 1 OUTPUT


     PARAMETER SPECIFICATION FOR LATENT CLASS 1


           NU
              Y1            Y2            Y3            Y4            Y5
              ________      ________      ________      ________      ________
                    0             0             0             0             0


           NU
              Y6            Y7            Y8            Y9            Y10
              ________      ________      ________      ________      ________
                    0             0             0             0             0


           NU
              EX1           EX2
              ________      ________
                    0             0


           LAMBDA
              ETA0S         ETA1S         ETA2S         EX1           EX2
              ________      ________      ________      ________      ________
 Y1                 0             1             2             0             0
 Y2                 0             3             4             0             0
 Y3                 0             5             6             0             0
 Y4                 0             7             8             0             0
 Y5                 0             9            10             0             0
 Y6                 0            11            12             0             0
 Y7                 0            13            14             0             0
 Y8                 0            15            16             0             0
 Y9                 0            17            18             0             0
 Y10                0            19            20             0             0
 EX1                0             0             0             0             0
 EX2                0             0             0             0             0


           THETA
              Y1            Y2            Y3            Y4            Y5
              ________      ________      ________      ________      ________
 Y1                21
 Y2                 0            21
 Y3                 0             0            21
 Y4                 0             0             0            21
 Y5                 0             0             0             0            21
 Y6                 0             0             0             0             0
 Y7                 0             0             0             0             0
 Y8                 0             0             0             0             0
 Y9                 0             0             0             0             0
 Y10                0             0             0             0             0
 EX1                0             0             0             0             0
 EX2                0             0             0             0             0


           THETA
              Y6            Y7            Y8            Y9            Y10
              ________      ________      ________      ________      ________
 Y6                21
 Y7                 0            21
 Y8                 0             0            21
 Y9                 0             0             0            21
 Y10                0             0             0             0            21
 EX1                0             0             0             0             0
 EX2                0             0             0             0             0


           THETA
              EX1           EX2
              ________      ________
 EX1                0
 EX2                0             0


           ALPHA
              ETA0S         ETA1S         ETA2S         EX1           EX2
              ________      ________      ________      ________      ________
                   22            23            24            25            26


           BETA
              ETA0S         ETA1S         ETA2S         EX1           EX2
              ________      ________      ________      ________      ________
 ETA0S              0             0             0            27            28
 ETA1S              0             0             0            29            30
 ETA2S              0             0             0            31            32
 EX1                0             0             0             0             0
 EX2                0             0             0             0             0


           PSI
              ETA0S         ETA1S         ETA2S         EX1           EX2
              ________      ________      ________      ________      ________
 ETA0S             33
 ETA1S             34            35
 ETA2S             36            37            38
 EX1                0             0             0            39
 EX2                0             0             0            40            41


     PARAMETER SPECIFICATION FOR LATENT CLASS 2


           NU
              Y1            Y2            Y3            Y4            Y5
              ________      ________      ________      ________      ________
                    0             0             0             0             0


           NU
              Y6            Y7            Y8            Y9            Y10
              ________      ________      ________      ________      ________
                    0             0             0             0             0


           NU
              EX1           EX2
              ________      ________
                    0             0


           LAMBDA
              ETA0S         ETA1S         ETA2S         EX1           EX2
              ________      ________      ________      ________      ________
 Y1                 0            42            43             0             0
 Y2                 0            44            45             0             0
 Y3                 0            46            47             0             0
 Y4                 0            48            49             0             0
 Y5                 0            50            51             0             0
 Y6                 0            52            53             0             0
 Y7                 0            54            55             0             0
 Y8                 0            56            57             0             0
 Y9                 0            58            59             0             0
 Y10                0            60            61             0             0
 EX1                0             0             0             0             0
 EX2                0             0             0             0             0


           THETA
              Y1            Y2            Y3            Y4            Y5
              ________      ________      ________      ________      ________
 Y1                62
 Y2                 0            62
 Y3                 0             0            62
 Y4                 0             0             0            62
 Y5                 0             0             0             0            62
 Y6                 0             0             0             0             0
 Y7                 0             0             0             0             0
 Y8                 0             0             0             0             0
 Y9                 0             0             0             0             0
 Y10                0             0             0             0             0
 EX1                0             0             0             0             0
 EX2                0             0             0             0             0


           THETA
              Y6            Y7            Y8            Y9            Y10
              ________      ________      ________      ________      ________
 Y6                62
 Y7                 0            62
 Y8                 0             0            62
 Y9                 0             0             0            62
 Y10                0             0             0             0            62
 EX1                0             0             0             0             0
 EX2                0             0             0             0             0


           THETA
              EX1           EX2
              ________      ________
 EX1                0
 EX2                0             0


           ALPHA
              ETA0S         ETA1S         ETA2S         EX1           EX2
              ________      ________      ________      ________      ________
                   63            64            65            66            67


           BETA
              ETA0S         ETA1S         ETA2S         EX1           EX2
              ________      ________      ________      ________      ________
 ETA0S              0             0             0            68            69
 ETA1S              0             0             0            70            71
 ETA2S              0             0             0            72            73
 EX1                0             0             0             0             0
 EX2                0             0             0             0             0


           PSI
              ETA0S         ETA1S         ETA2S         EX1           EX2
              ________      ________      ________      ________      ________
 ETA0S             74
 ETA1S             75            76
 ETA2S             77            78            79
 EX1                0             0             0            80
 EX2                0             0             0            81            82


     PARAMETER SPECIFICATION FOR LATENT CLASS REGRESSION MODEL PART


           ALPHA(C)
              C#1           C#2
              ________      ________
                   83             0


     PARAMETER SPECIFICATION FOR THE ADDITIONAL PARAMETERS


           NEW/ADDITIONAL PARAMETERS
              C1MUETA0      C1MUETA1      C1MUETA2      C1MUG         C1PSI00
              ________      ________      ________      ________      ________
                   84            85            86            87            88


           NEW/ADDITIONAL PARAMETERS
              C1PSI01       C1PSI02       C1PSI11       C1PSI12       C1PSI22
              ________      ________      ________      ________      ________
                   89            90            91            92            93


           NEW/ADDITIONAL PARAMETERS
              C1BETA01      C1BETA11      C1BETA21      C1BETA02      C1BETA12
              ________      ________      ________      ________      ________
                   94            95            96            97            98


           NEW/ADDITIONAL PARAMETERS
              C1BETA22      C2MUETA0      C2MUETA1      C2MUETA2      C2MUG
              ________      ________      ________      ________      ________
                   99           100           101           102           103


           NEW/ADDITIONAL PARAMETERS
              C2PSI00       C2PSI01       C2PSI02       C2PSI11       C2PSI12
              ________      ________      ________      ________      ________
                  104           105           106           107           108


           NEW/ADDITIONAL PARAMETERS
              C2PSI22       C2BETA01      C2BETA11      C2BETA21      C2BETA02
              ________      ________      ________      ________      ________
                  109           110           111           112           113


           NEW/ADDITIONAL PARAMETERS
              C2BETA12      C2BETA22
              ________      ________
                  114           115


     STARTING VALUES FOR LATENT CLASS 1


           NU
              Y1            Y2            Y3            Y4            Y5
              ________      ________      ________      ________      ________
                0.000         0.000         0.000         0.000         0.000


           NU
              Y6            Y7            Y8            Y9            Y10
              ________      ________      ________      ________      ________
                0.000         0.000         0.000         0.000         0.000


           NU
              EX1           EX2
              ________      ________
                0.000         0.000


           LAMBDA
              ETA0S         ETA1S         ETA2S         EX1           EX2
              ________      ________      ________      ________      ________
 Y1             1.000         1.000         1.000         0.000         0.000
 Y2             1.000         1.000         1.000         0.000         0.000
 Y3             1.000         1.000         1.000         0.000         0.000
 Y4             1.000         1.000         1.000         0.000         0.000
 Y5             1.000         1.000         1.000         0.000         0.000
 Y6             1.000         1.000         1.000         0.000         0.000
 Y7             1.000         1.000         1.000         0.000         0.000
 Y8             1.000         1.000         1.000         0.000         0.000
 Y9             1.000         1.000         1.000         0.000         0.000
 Y10            1.000         1.000         1.000         0.000         0.000
 EX1            0.000         0.000         0.000         1.000         0.000
 EX2            0.000         0.000         0.000         0.000         1.000


           THETA
              Y1            Y2            Y3            Y4            Y5
              ________      ________      ________      ________      ________
 Y1             1.100
 Y2             0.000         1.100
 Y3             0.000         0.000         1.100
 Y4             0.000         0.000         0.000         1.100
 Y5             0.000         0.000         0.000         0.000         1.100
 Y6             0.000         0.000         0.000         0.000         0.000
 Y7             0.000         0.000         0.000         0.000         0.000
 Y8             0.000         0.000         0.000         0.000         0.000
 Y9             0.000         0.000         0.000         0.000         0.000
 Y10            0.000         0.000         0.000         0.000         0.000
 EX1            0.000         0.000         0.000         0.000         0.000
 EX2            0.000         0.000         0.000         0.000         0.000


           THETA
              Y6            Y7            Y8            Y9            Y10
              ________      ________      ________      ________      ________
 Y6             1.100
 Y7             0.000         1.100
 Y8             0.000         0.000         1.100
 Y9             0.000         0.000         0.000         1.100
 Y10            0.000         0.000         0.000         0.000         1.100
 EX1            0.000         0.000         0.000         0.000         0.000
 EX2            0.000         0.000         0.000         0.000         0.000


           THETA
              EX1           EX2
              ________      ________
 EX1            0.000
 EX2            0.000         0.000


           ALPHA
              ETA0S         ETA1S         ETA2S         EX1           EX2
              ________      ________      ________      ________      ________
               80.000        -4.000         1.000        -0.924        -0.911


           BETA
              ETA0S         ETA1S         ETA2S         EX1           EX2
              ________      ________      ________      ________      ________
 ETA0S          0.000         0.000         0.000         0.800         1.300
 ETA1S          0.000         0.000         0.000         0.200         0.300
 ETA2S          0.000         0.000         0.000         0.200         0.300
 EX1            0.000         0.000         0.000         0.000         0.000
 EX2            0.000         0.000         0.000         0.000         0.000


           PSI
              ETA0S         ETA1S         ETA2S         EX1           EX2
              ________      ________      ________      ________      ________
 ETA0S         50.000
 ETA1S          4.000         0.600
 ETA2S         -1.200         0.200         0.400
 EX1            0.000         0.000         0.000         0.499
 EX2            0.000         0.000         0.000         0.000         0.483


     STARTING VALUES FOR LATENT CLASS 2


           NU
              Y1            Y2            Y3            Y4            Y5
              ________      ________      ________      ________      ________
                0.000         0.000         0.000         0.000         0.000


           NU
              Y6            Y7            Y8            Y9            Y10
              ________      ________      ________      ________      ________
                0.000         0.000         0.000         0.000         0.000


           NU
              EX1           EX2
              ________      ________
                0.000         0.000


           LAMBDA
              ETA0S         ETA1S         ETA2S         EX1           EX2
              ________      ________      ________      ________      ________
 Y1             1.000         1.000         1.000         0.000         0.000
 Y2             1.000         1.000         1.000         0.000         0.000
 Y3             1.000         1.000         1.000         0.000         0.000
 Y4             1.000         1.000         1.000         0.000         0.000
 Y5             1.000         1.000         1.000         0.000         0.000
 Y6             1.000         1.000         1.000         0.000         0.000
 Y7             1.000         1.000         1.000         0.000         0.000
 Y8             1.000         1.000         1.000         0.000         0.000
 Y9             1.000         1.000         1.000         0.000         0.000
 Y10            1.000         1.000         1.000         0.000         0.000
 EX1            0.000         0.000         0.000         1.000         0.000
 EX2            0.000         0.000         0.000         0.000         1.000


           THETA
              Y1            Y2            Y3            Y4            Y5
              ________      ________      ________      ________      ________
 Y1             1.100
 Y2             0.000         1.100
 Y3             0.000         0.000         1.100
 Y4             0.000         0.000         0.000         1.100
 Y5             0.000         0.000         0.000         0.000         1.100
 Y6             0.000         0.000         0.000         0.000         0.000
 Y7             0.000         0.000         0.000         0.000         0.000
 Y8             0.000         0.000         0.000         0.000         0.000
 Y9             0.000         0.000         0.000         0.000         0.000
 Y10            0.000         0.000         0.000         0.000         0.000
 EX1            0.000         0.000         0.000         0.000         0.000
 EX2            0.000         0.000         0.000         0.000         0.000


           THETA
              Y6            Y7            Y8            Y9            Y10
              ________      ________      ________      ________      ________
 Y6             1.100
 Y7             0.000         1.100
 Y8             0.000         0.000         1.100
 Y9             0.000         0.000         0.000         1.100
 Y10            0.000         0.000         0.000         0.000         1.100
 EX1            0.000         0.000         0.000         0.000         0.000
 EX2            0.000         0.000         0.000         0.000         0.000


           THETA
              EX1           EX2
              ________      ________
 EX1            0.000
 EX2            0.000         0.000


           ALPHA
              ETA0S         ETA1S         ETA2S         EX1           EX2
              ________      ________      ________      ________      ________
               75.000        -4.000         1.000         1.074         1.055


           BETA
              ETA0S         ETA1S         ETA2S         EX1           EX2
              ________      ________      ________      ________      ________
 ETA0S          0.000         0.000         0.000         1.200         1.800
 ETA1S          0.000         0.000         0.000         0.300         0.400
 ETA2S          0.000         0.000         0.000         0.300         0.400
 EX1            0.000         0.000         0.000         0.000         0.000
 EX2            0.000         0.000         0.000         0.000         0.000


           PSI
              ETA0S         ETA1S         ETA2S         EX1           EX2
              ________      ________      ________      ________      ________
 ETA0S         70.000
 ETA1S          5.000         0.600
 ETA2S         -2.000         0.000         0.400
 EX1            0.000         0.000         0.000         0.499
 EX2            0.000         0.000         0.000         0.000         0.483


     STARTING VALUES FOR LATENT CLASS REGRESSION MODEL PART


           ALPHA(C)
              C#1           C#2
              ________      ________
                0.000         0.000


     STARTING VALUES FOR THE ADDITIONAL PARAMETERS


           NEW/ADDITIONAL PARAMETERS
              C1MUETA0      C1MUETA1      C1MUETA2      C1MUG         C1PSI00
              ________      ________      ________      ________      ________
                0.500         0.500         0.500         3.500         0.500


           NEW/ADDITIONAL PARAMETERS
              C1PSI01       C1PSI02       C1PSI11       C1PSI12       C1PSI22
              ________      ________      ________      ________      ________
                0.500         0.500         0.500         0.500         0.500


           NEW/ADDITIONAL PARAMETERS
              C1BETA01      C1BETA11      C1BETA21      C1BETA02      C1BETA12
              ________      ________      ________      ________      ________
                0.500         0.500         0.500         0.500         0.500


           NEW/ADDITIONAL PARAMETERS
              C1BETA22      C2MUETA0      C2MUETA1      C2MUETA2      C2MUG
              ________      ________      ________      ________      ________
                0.500         0.500         0.500         0.500         5.500


           NEW/ADDITIONAL PARAMETERS
              C2PSI00       C2PSI01       C2PSI02       C2PSI11       C2PSI12
              ________      ________      ________      ________      ________
                0.500         0.500         0.500         0.500         0.500


           NEW/ADDITIONAL PARAMETERS
              C2PSI22       C2BETA01      C2BETA11      C2BETA21      C2BETA02
              ________      ________      ________      ________      ________
                0.500         0.500         0.500         0.500         0.500


           NEW/ADDITIONAL PARAMETERS
              C2BETA12      C2BETA22
              ________      ________
                0.500         0.500


TECHNICAL 8 OUTPUT


  INITIAL STAGE ITERATIONS


  TECHNICAL 8 OUTPUT FOR UNPERTURBED STARTING VALUE SET


   E STEP  ITER  LOGLIKELIHOOD    ABS CHANGE   REL CHANGE  ALGORITHM
              1 -0.12549335D+05    0.0000000    0.0000000  EM
              2 -0.11596902D+05  952.4323893    0.0758950  EM
              3 -0.11512241D+05   84.6617683    0.0073004  EM
              4 -0.11493284D+05   18.9567541    0.0016467  EM
              5 -0.11485716D+05    7.5677747    0.0006585  EM
              6 -0.11482977D+05    2.7392715    0.0002385  EM
              7 -0.11481927D+05    1.0502777    0.0000915  EM
              8 -0.11481433D+05    0.4935204    0.0000430  EM


  TECHNICAL 8 OUTPUT FOR STARTING VALUE SET 1


   E STEP  ITER  LOGLIKELIHOOD    ABS CHANGE   REL CHANGE  ALGORITHM
              1 -0.37567369D+05    0.0000000    0.0000000  EM
              2 -0.13654985D+05 ************    0.6365201  EM
              3 -0.13528625D+05  126.3599573    0.0092538  EM
              4 -0.13383271D+05  145.3536606    0.0107442  EM
              5 -0.13247653D+05  135.6186428    0.0101334  EM
              6 -0.12301853D+05  945.7995913    0.0713937  EM
              7 -0.11914575D+05  387.2783716    0.0314813  EM
              8 -0.11842382D+05   72.1930391    0.0060592  EM
              9 -0.11815893D+05   26.4884366    0.0022367  EM
             10 -0.11801732D+05   14.1614304    0.0011985  EM


  TECHNICAL 8 OUTPUT FOR STARTING VALUE SET 2


   E STEP  ITER  LOGLIKELIHOOD    ABS CHANGE   REL CHANGE  ALGORITHM
              1 -0.36262250D+05    0.0000000    0.0000000  EM
              2 -0.13757237D+05 ************    0.6206182  EM
              3 -0.13690250D+05   66.9870237    0.0048692  EM
              4 -0.13667258D+05   22.9917291    0.0016794  EM
              5 -0.13616989D+05   50.2686840    0.0036780  EM
              6 -0.13550902D+05   66.0871943    0.0048533  EM
              7 -0.13517266D+05   33.6356219    0.0024822  EM
              8 -0.13504874D+05   12.3919291    0.0009167  EM
              9 -0.13498086D+05    6.7887002    0.0005027  EM
             10 -0.13494166D+05    3.9199713    0.0002904  EM


  TECHNICAL 8 OUTPUT FOR STARTING VALUE SET 3


   E STEP  ITER  LOGLIKELIHOOD    ABS CHANGE   REL CHANGE  ALGORITHM
              1 -0.56572642D+05    0.0000000    0.0000000  EM
              2 -0.11849397D+05 ************    0.7905454  EM
              3 -0.11780225D+05   69.1724744    0.0058376  EM
              4 -0.11742523D+05   37.7017330    0.0032004  EM
              5 -0.11698028D+05   44.4948547    0.0037892  EM
              6 -0.11643925D+05   54.1030762    0.0046250  EM
              7 -0.11586096D+05   57.8293236    0.0049665  EM
              8 -0.11507454D+05   78.6421183    0.0067876  EM
              9 -0.11486760D+05   20.6937237    0.0017983  EM
             10 -0.11482854D+05    3.9065251    0.0003401  EM


  TECHNICAL 8 OUTPUT FOR STARTING VALUE SET 4


   E STEP  ITER  LOGLIKELIHOOD    ABS CHANGE   REL CHANGE  ALGORITHM
              1 -0.56593039D+05    0.0000000    0.0000000  EM
              2 -0.13741469D+05 ************    0.7571880  EM
              3 -0.13579433D+05  162.0355536    0.0117917  EM
              4 -0.13477211D+05  102.2225891    0.0075278  EM
              5 -0.13421304D+05   55.9066428    0.0041482  EM
              6 -0.13365744D+05   55.5603487    0.0041397  EM
              7 -0.13311446D+05   54.2975966    0.0040624  EM
              8 -0.13281039D+05   30.4069563    0.0022843  EM
              9 -0.13272590D+05    8.4495824    0.0006362  EM
             10 -0.13270606D+05    1.9833522    0.0001494  EM


  TECHNICAL 8 OUTPUT FOR STARTING VALUE SET 5


   E STEP  ITER  LOGLIKELIHOOD    ABS CHANGE   REL CHANGE  ALGORITHM
              1 -0.65138592D+05    0.0000000    0.0000000  EM
              2 -0.11835657D+05 ************    0.8183004  EM
              3 -0.11783315D+05   52.3417625    0.0044224  EM
              4 -0.11740058D+05   43.2565607    0.0036710  EM
              5 -0.11688409D+05   51.6496795    0.0043994  EM
              6 -0.11636450D+05   51.9583581    0.0044453  EM
              7 -0.11591276D+05   45.1746529    0.0038822  EM
              8 -0.11520591D+05   70.6845686    0.0060981  EM
              9 -0.11491319D+05   29.2721994    0.0025409  EM
             10 -0.11485170D+05    6.1490153    0.0005351  EM


  TECHNICAL 8 OUTPUT FOR STARTING VALUE SET 6


   E STEP  ITER  LOGLIKELIHOOD    ABS CHANGE   REL CHANGE  ALGORITHM
              1 -0.32916155D+05    0.0000000    0.0000000  EM
              2 -0.13305873D+05 ************    0.5957647  EM
              3 -0.13214850D+05   91.0231025    0.0068408  EM
              4 -0.13194434D+05   20.4158214    0.0015449  EM
              5 -0.13181837D+05   12.5975427    0.0009548  EM
              6 -0.13173412D+05    8.4242402    0.0006391  EM
              7 -0.13166639D+05    6.7728980    0.0005141  EM
              8 -0.13157242D+05    9.3969999    0.0007137  EM
              9 -0.13140107D+05   17.1354116    0.0013024  EM
             10 -0.13112071D+05   28.0364778    0.0021337  EM


  TECHNICAL 8 OUTPUT FOR STARTING VALUE SET 7


   E STEP  ITER  LOGLIKELIHOOD    ABS CHANGE   REL CHANGE  ALGORITHM
              1 -0.23153802D+05    0.0000000    0.0000000  EM
              2 -0.12492797D+05 ************    0.4604429  EM
              3 -0.12013348D+05  479.4493430    0.0383781  EM
              4 -0.11860455D+05  152.8929797    0.0127269  EM
              5 -0.11816394D+05   44.0606472    0.0037149  EM
              6 -0.11797543D+05   18.8510984    0.0015953  EM
              7 -0.11789437D+05    8.1064682    0.0006871  EM
              8 -0.11786162D+05    3.2745890    0.0002778  EM
              9 -0.11784223D+05    1.9392745    0.0001645  EM
             10 -0.11783057D+05    1.1654814    0.0000989  EM


  TECHNICAL 8 OUTPUT FOR STARTING VALUE SET 8


   E STEP  ITER  LOGLIKELIHOOD    ABS CHANGE   REL CHANGE  ALGORITHM
              1 -0.37131477D+05    0.0000000    0.0000000  EM
              2 -0.11821065D+05 ************    0.6816430  EM
              3 -0.11754616D+05   66.4497017    0.0056213  EM
              4 -0.11705545D+05   49.0708709    0.0041746  EM
              5 -0.11652907D+05   52.6375194    0.0044968  EM
              6 -0.11603358D+05   49.5492528    0.0042521  EM
              7 -0.11529649D+05   73.7090089    0.0063524  EM
              8 -0.11491970D+05   37.6790814    0.0032680  EM
              9 -0.11485059D+05    6.9109699    0.0006014  EM
             10 -0.11483105D+05    1.9542507    0.0001702  EM


  TECHNICAL 8 OUTPUT FOR STARTING VALUE SET 9


   E STEP  ITER  LOGLIKELIHOOD    ABS CHANGE   REL CHANGE  ALGORITHM
              1 -0.48906374D+05    0.0000000    0.0000000  EM
              2 -0.11829062D+05 ************    0.7581284  EM
              3 -0.11729936D+05   99.1260172    0.0083799  EM
              4 -0.11645053D+05   84.8839391    0.0072365  EM
              5 -0.11545119D+05   99.9333046    0.0085816  EM
              6 -0.11499873D+05   45.2457716    0.0039190  EM
              7 -0.11488068D+05   11.8053308    0.0010266  EM
              8 -0.11484137D+05    3.9308486    0.0003422  EM
              9 -0.11482359D+05    1.7782356    0.0001548  EM
             10 -0.11481518D+05    0.8405698    0.0000732  EM


  TECHNICAL 8 OUTPUT FOR STARTING VALUE SET 10


   E STEP  ITER  LOGLIKELIHOOD    ABS CHANGE   REL CHANGE  ALGORITHM
              1 -0.29068782D+05    0.0000000    0.0000000  EM
              2 -0.13747902D+05 ************    0.5270561  EM
              3 -0.13735843D+05   12.0589810    0.0008772  EM
              4 -0.13721516D+05   14.3272673    0.0010431  EM
              5 -0.13721371D+05    0.1452297    0.0000106  EM


  TECHNICAL 8 OUTPUT FOR STARTING VALUE SET 11


   E STEP  ITER  LOGLIKELIHOOD    ABS CHANGE   REL CHANGE  ALGORITHM
              1 -0.38159858D+05    0.0000000    0.0000000  EM
              2 -0.11897170D+05 ************    0.6882281  EM
              3 -0.11770972D+05  126.1979049    0.0106074  EM
              4 -0.11682903D+05   88.0690463    0.0074819  EM
              5 -0.11610166D+05   72.7375901    0.0062260  EM
              6 -0.11520608D+05   89.5574807    0.0077137  EM
              7 -0.11491460D+05   29.1477329    0.0025301  EM
              8 -0.11485377D+05    6.0833294    0.0005294  EM
              9 -0.11483060D+05    2.3170257    0.0002017  EM
             10 -0.11482019D+05    1.0409749    0.0000907  EM


  TECHNICAL 8 OUTPUT FOR STARTING VALUE SET 12


   E STEP  ITER  LOGLIKELIHOOD    ABS CHANGE   REL CHANGE  ALGORITHM
              1 -0.36251441D+05    0.0000000    0.0000000  EM
              2 -0.15235503D+05 ************    0.5797270  EM
              3 -0.15216441D+05   19.0616190    0.0012511  EM
              4 -0.15214273D+05    2.1682589    0.0001425  EM
              5 -0.15214046D+05    0.2271431    0.0000149  EM
              6 -0.15214029D+05    0.0173832    0.0000011  EM
              7 -0.15214028D+05    0.0011426    0.0000001  EM
              8 -0.15214027D+05    0.0000715    0.0000000  EM
              9 -0.15214027D+05    0.0000044    0.0000000  EM
             10 -0.15214027D+05    0.0000003    0.0000000  EM


  TECHNICAL 8 OUTPUT FOR STARTING VALUE SET 13


   E STEP  ITER  LOGLIKELIHOOD    ABS CHANGE   REL CHANGE  ALGORITHM
              1 -0.68308716D+05    0.0000000    0.0000000  EM
              2 -0.12963932D+05 ************    0.8102155  EM
              3 -0.12084873D+05  879.0595879    0.0678081  EM
              4 -0.11875833D+05  209.0392631    0.0172976  EM
              5 -0.11809650D+05   66.1837025    0.0055730  EM
              6 -0.11791386D+05   18.2639187    0.0015465  EM
              7 -0.11786188D+05    5.1980374    0.0004408  EM
              8 -0.11784208D+05    1.9794262    0.0001679  EM
              9 -0.11783012D+05    1.1966624    0.0001015  EM
             10 -0.11782064D+05    0.9470774    0.0000804  EM


  TECHNICAL 8 OUTPUT FOR STARTING VALUE SET 14


   E STEP  ITER  LOGLIKELIHOOD    ABS CHANGE   REL CHANGE  ALGORITHM
              1 -0.31291857D+05    0.0000000    0.0000000  EM
              2 -0.11827096D+05 ************    0.6220392  EM
              3 -0.11718933D+05  108.1634588    0.0091454  EM
              4 -0.11577490D+05  141.4422338    0.0120695  EM
              5 -0.11505339D+05   72.1509437    0.0062320  EM
              6 -0.11492476D+05   12.8638851    0.0011181  EM
              7 -0.11487434D+05    5.0412930    0.0004387  EM
              8 -0.11484821D+05    2.6136744    0.0002275  EM
              9 -0.11483239D+05    1.5820759    0.0001378  EM
             10 -0.11482420D+05    0.8181749    0.0000712  EM


  TECHNICAL 8 OUTPUT FOR STARTING VALUE SET 15


   E STEP  ITER  LOGLIKELIHOOD    ABS CHANGE   REL CHANGE  ALGORITHM
              1 -0.41122550D+05    0.0000000    0.0000000  EM
              2 -0.11848998D+05 ************    0.7118613  EM
              3 -0.11723391D+05  125.6066747    0.0106006  EM
              4 -0.11630772D+05   92.6189950    0.0079004  EM
              5 -0.11540388D+05   90.3845836    0.0077712  EM
              6 -0.11493948D+05   46.4394093    0.0040241  EM
              7 -0.11484426D+05    9.5226283    0.0008285  EM
              8 -0.11482117D+05    2.3091630    0.0002011  EM
              9 -0.11481440D+05    0.6768930    0.0000590  EM


  TECHNICAL 8 OUTPUT FOR STARTING VALUE SET 16


   E STEP  ITER  LOGLIKELIHOOD    ABS CHANGE   REL CHANGE  ALGORITHM
              1 -0.22492475D+05    0.0000000    0.0000000  EM
              2 -0.11823697D+05 ************    0.4743266  EM
              3 -0.11785667D+05   38.0291495    0.0032164  EM
              4 -0.11757852D+05   27.8154020    0.0023601  EM
              5 -0.11730985D+05   26.8666432    0.0022850  EM
              6 -0.11703414D+05   27.5711067    0.0023503  EM
              7 -0.11675047D+05   28.3676948    0.0024239  EM
              8 -0.11648066D+05   26.9804381    0.0023109  EM
              9 -0.11617838D+05   30.2280699    0.0025951  EM
             10 -0.11584930D+05   32.9078280    0.0028325  EM


  TECHNICAL 8 OUTPUT FOR STARTING VALUE SET 17


   E STEP  ITER  LOGLIKELIHOOD    ABS CHANGE   REL CHANGE  ALGORITHM
              1 -0.56959626D+05    0.0000000    0.0000000  EM
              2 -0.11917867D+05 ************    0.7907664  EM
              3 -0.11707251D+05  210.6165223    0.0176723  EM
              4 -0.11589775D+05  117.4759918    0.0100345  EM
              5 -0.11534600D+05   55.1746862    0.0047606  EM
              6 -0.11514298D+05   20.3021581    0.0017601  EM
              7 -0.11501218D+05   13.0794970    0.0011359  EM
              8 -0.11494096D+05    7.1222397    0.0006193  EM
              9 -0.11489831D+05    4.2652180    0.0003711  EM
             10 -0.11487234D+05    2.5962531    0.0002260  EM


  TECHNICAL 8 OUTPUT FOR STARTING VALUE SET 18


   E STEP  ITER  LOGLIKELIHOOD    ABS CHANGE   REL CHANGE  ALGORITHM
              1 -0.58407161D+05    0.0000000    0.0000000  EM
              2 -0.11883781D+05 ************    0.7965355  EM
              3 -0.11825472D+05   58.3089520    0.0049066  EM
              4 -0.11806283D+05   19.1893895    0.0016227  EM
              5 -0.11798275D+05    8.0073480    0.0006782  EM
              6 -0.11792148D+05    6.1275176    0.0005194  EM
              7 -0.11787043D+05    5.1050480    0.0004329  EM
              8 -0.11783553D+05    3.4896176    0.0002961  EM
              9 -0.11782068D+05    1.4852152    0.0001260  EM
             10 -0.11780980D+05    1.0876704    0.0000923  EM


  TECHNICAL 8 OUTPUT FOR STARTING VALUE SET 19


   E STEP  ITER  LOGLIKELIHOOD    ABS CHANGE   REL CHANGE  ALGORITHM
              1 -0.59557352D+05    0.0000000    0.0000000  EM
              2 -0.13605684D+05 ************    0.7715532  EM
              3 -0.13334565D+05  271.1181338    0.0199268  EM
              4 -0.13333963D+05    0.6029441    0.0000452  EM


  TECHNICAL 8 OUTPUT FOR STARTING VALUE SET 20


   E STEP  ITER  LOGLIKELIHOOD    ABS CHANGE   REL CHANGE  ALGORITHM
              1 -0.29296801D+05    0.0000000    0.0000000  EM
              2 -0.11821872D+05 ************    0.5964791  EM
              3 -0.11788931D+05   32.9407802    0.0027864  EM
              4 -0.11766594D+05   22.3367177    0.0018947  EM
              5 -0.11738492D+05   28.1022721    0.0023883  EM
              6 -0.11705563D+05   32.9283724    0.0028052  EM
              7 -0.11671590D+05   33.9732375    0.0029023  EM
              8 -0.11644671D+05   26.9190609    0.0023064  EM
              9 -0.11628869D+05   15.8018310    0.0013570  EM
             10 -0.11617811D+05   11.0587879    0.0009510  EM


  FINAL STAGE ITERATIONS


  TECHNICAL 8 OUTPUT FOR UNPERTURBED STARTING VALUE SET


              8 -0.11481433D+05    0.4935204    0.0000430  EM
              9 -0.11481176D+05    0.2573557    0.0000224  EM
             10 -0.11481031D+05    0.1446422    0.0000126  EM
             11 -0.11480944D+05    0.0865528    0.0000075  EM
             12 -0.11480890D+05    0.0547593    0.0000048  EM
             13 -0.11480853D+05    0.0363835    0.0000032  EM
             14 -0.11480828D+05    0.0251818    0.0000022  EM
             15 -0.11480810D+05    0.0180152    0.0000016  EM
             16 -0.11480797D+05    0.0132283    0.0000012  EM
             17 -0.11480787D+05    0.0099101    0.0000009  EM
             18 -0.11480779D+05    0.0075397    0.0000007  EM
             19 -0.11480774D+05    0.0058033    0.0000005  EM
             20 -0.11480769D+05    0.0045032    0.0000004  EM
             21 -0.11480766D+05    0.0035243    0.0000003  EM
             22 -0.11480763D+05    0.0027662    0.0000002  EM
             23 -0.11480761D+05    0.0021849    0.0000002  EM
             24 -0.11480759D+05    0.0017270    0.0000002  EM
             25 -0.11480758D+05    0.0013719    0.0000001  EM
             26 -0.11480756D+05    0.0010892    0.0000001  EM
             27 -0.11480756D+05    0.0008668    0.0000001  EM
             28 -0.11480755D+05    0.0006908    0.0000001  EM
             29 -0.11480754D+05    0.0005541    0.0000000  EM
             30 -0.11480754D+05    0.0004410    0.0000000  EM
             31 -0.11480754D+05    0.0003525    0.0000000  EM
             32 -0.11480753D+05    0.0002819    0.0000000  EM
             33 -0.11480753D+05    0.0002257    0.0000000  EM
             34 -0.11480753D+05    0.0001806    0.0000000  EM
             35 -0.11480753D+05    0.0001449    0.0000000  EM
             36 -0.11480753D+05    0.0001183    0.0000000  EM
             37 -0.11480753D+05    0.0000934    0.0000000  EM
             38 -0.11480752D+05    0.0000750    0.0000000  EM
             39 -0.11480752D+05    0.0000601    0.0000000  EM
             40 -0.11480752D+05    0.0000483    0.0000000  EM
             41 -0.11480752D+05    0.0000388    0.0000000  EM
             42 -0.11480752D+05    0.0000311    0.0000000  EM
             43 -0.11480752D+05    0.0000250    0.0000000  EM
             44 -0.11480752D+05    0.0000201    0.0000000  EM
             45 -0.11480752D+05    0.0000162    0.0000000  EM
             46 -0.11480752D+05    0.0000130    0.0000000  EM
             47 -0.11480752D+05    0.0000104    0.0000000  EM
             48 -0.11480752D+05    0.0000084    0.0000000  EM
             49 -0.11480752D+05    0.0000068    0.0000000  EM
             50 -0.11480752D+05    0.0000054    0.0000000  EM
             51 -0.11480752D+05    0.0000044    0.0000000  EM
             52 -0.11480752D+05    0.0000035    0.0000000  EM
             53 -0.11480752D+05    0.0000028    0.0000000  EM
             54 -0.11480752D+05    0.0000023    0.0000000  EM
             55 -0.11480752D+05    0.0000018    0.0000000  EM
             56 -0.11480752D+05    0.0000015    0.0000000  EM
             57 -0.11480752D+05    0.0000012    0.0000000  EM
             58 -0.11480752D+05    0.0000010    0.0000000  EM
             59 -0.11480752D+05    0.0000007    0.0000000  EM
             60 -0.11480752D+05    0.0000006    0.0000000  EM
             61 -0.11480752D+05    0.0000005    0.0000000  EM
             62 -0.11480752D+05    0.0000005    0.0000000  EM
             63 -0.11480752D+05    0.0000003    0.0000000  EM
             64 -0.11480752D+05    0.0000002    0.0000000  EM
             65 -0.11480752D+05    0.0000002    0.0000000  EM
             66 -0.11480752D+05    0.0000001    0.0000000  EM
             67 -0.11480752D+05    0.0000001    0.0000000  EM
             68 -0.11480752D+05    0.0000002    0.0000000  EM
             69 -0.11480752D+05    0.0000001    0.0000000  EM
             70 -0.11480752D+05    0.0000001    0.0000000  EM
             71 -0.11480752D+05    0.0000000    0.0000000  EM
             72 -0.11480752D+05    0.0000001    0.0000000  EM
             73 -0.11480752D+05    0.0000000    0.0000000  EM
             74 -0.11480752D+05    0.0000000    0.0000000  EM
             75 -0.11480752D+05    0.0000000    0.0000000  EM
             76 -0.11480752D+05    0.0000000    0.0000000  EM
             77 -0.11480752D+05    0.0000000    0.0000000  EM
             78 -0.11480752D+05    0.0000000    0.0000000  EM
             79 -0.11480752D+05    0.0000000    0.0000000  EM
             80 -0.11480752D+05    0.0000000    0.0000000  EM
             81 -0.11480752D+05    0.0000000    0.0000000  EM
             82 -0.11480752D+05    0.0000000    0.0000000  EM
             83 -0.11480752D+05    0.0000000    0.0000000  EM
             84 -0.11480752D+05    0.0000000    0.0000000  EM
             85 -0.11480752D+05    0.0000000    0.0000000  EM
             86 -0.11480752D+05    0.0000000    0.0000000  EM


  TECHNICAL 8 OUTPUT FOR STARTING VALUE SET 15


              9 -0.11481440D+05    0.6768930    0.0000590  EM
             10 -0.11481184D+05    0.2556919    0.0000223  EM
             11 -0.11481059D+05    0.1252782    0.0000109  EM
             12 -0.11480986D+05    0.0722556    0.0000063  EM
             13 -0.11480939D+05    0.0475194    0.0000041  EM
             14 -0.11480904D+05    0.0345595    0.0000030  EM
             15 -0.11480877D+05    0.0268714    0.0000023  EM
             16 -0.11480856D+05    0.0217101    0.0000019  EM
             17 -0.11480838D+05    0.0178838    0.0000016  EM
             18 -0.11480823D+05    0.0148531    0.0000013  EM
             19 -0.11480811D+05    0.0123778    0.0000011  EM
             20 -0.11480800D+05    0.0103047    0.0000009  EM
             21 -0.11480792D+05    0.0085661    0.0000007  EM
             22 -0.11480785D+05    0.0071090    0.0000006  EM
             23 -0.11480779D+05    0.0058795    0.0000005  EM
             24 -0.11480774D+05    0.0048516    0.0000004  EM
             25 -0.11480770D+05    0.0039937    0.0000003  EM
             26 -0.11480767D+05    0.0032842    0.0000003  EM
             27 -0.11480764D+05    0.0026905    0.0000002  EM
             28 -0.11480762D+05    0.0022009    0.0000002  EM
             29 -0.11480760D+05    0.0017975    0.0000002  EM
             30 -0.11480758D+05    0.0014686    0.0000001  EM
             31 -0.11480757D+05    0.0011947    0.0000001  EM
             32 -0.11480756D+05    0.0009715    0.0000001  EM
             33 -0.11480756D+05    0.0007892    0.0000001  EM
             34 -0.11480755D+05    0.0006405    0.0000001  EM
             35 -0.11480754D+05    0.0005214    0.0000000  EM
             36 -0.11480754D+05    0.0004213    0.0000000  EM
             37 -0.11480754D+05    0.0003411    0.0000000  EM
             38 -0.11480753D+05    0.0002759    0.0000000  EM
             39 -0.11480753D+05    0.0002231    0.0000000  EM
             40 -0.11480753D+05    0.0001803    0.0000000  EM
             41 -0.11480753D+05    0.0001456    0.0000000  EM
             42 -0.11480753D+05    0.0001176    0.0000000  EM
             43 -0.11480753D+05    0.0000949    0.0000000  EM
             44 -0.11480752D+05    0.0000766    0.0000000  EM
             45 -0.11480752D+05    0.0000619    0.0000000  EM
             46 -0.11480752D+05    0.0000499    0.0000000  EM
             47 -0.11480752D+05    0.0000421    0.0000000  EM
             48 -0.11480752D+05    0.0000325    0.0000000  EM
             49 -0.11480752D+05    0.0000262    0.0000000  EM
             50 -0.11480752D+05    0.0000211    0.0000000  EM
             51 -0.11480752D+05    0.0000170    0.0000000  EM
             52 -0.11480752D+05    0.0000137    0.0000000  EM
             53 -0.11480752D+05    0.0000110    0.0000000  EM
             54 -0.11480752D+05    0.0000089    0.0000000  EM
             55 -0.11480752D+05    0.0000072    0.0000000  EM
             56 -0.11480752D+05    0.0000058    0.0000000  EM
             57 -0.11480752D+05    0.0000046    0.0000000  EM
             58 -0.11480752D+05    0.0000038    0.0000000  EM
             59 -0.11480752D+05    0.0000030    0.0000000  EM
             60 -0.11480752D+05    0.0000024    0.0000000  EM
             61 -0.11480752D+05    0.0000020    0.0000000  EM
             62 -0.11480752D+05    0.0000015    0.0000000  EM
             63 -0.11480752D+05    0.0000013    0.0000000  EM
             64 -0.11480752D+05    0.0000010    0.0000000  EM
             65 -0.11480752D+05    0.0000008    0.0000000  EM
             66 -0.11480752D+05    0.0000006    0.0000000  EM
             67 -0.11480752D+05    0.0000006    0.0000000  EM
             68 -0.11480752D+05    0.0000004    0.0000000  EM
             69 -0.11480752D+05    0.0000004    0.0000000  EM
             70 -0.11480752D+05    0.0000002    0.0000000  EM
             71 -0.11480752D+05    0.0000003    0.0000000  EM
             72 -0.11480752D+05    0.0000002    0.0000000  EM
             73 -0.11480752D+05    0.0000001    0.0000000  EM
             74 -0.11480752D+05    0.0000002    0.0000000  EM
             75 -0.11480752D+05    0.0000001    0.0000000  EM
             76 -0.11480752D+05    0.0000001    0.0000000  EM
             77 -0.11480752D+05    0.0000001    0.0000000  EM
             78 -0.11480752D+05    0.0000000    0.0000000  EM
             79 -0.11480752D+05    0.0000001    0.0000000  EM
             80 -0.11480752D+05    0.0000000    0.0000000  EM
             81 -0.11480752D+05    0.0000000    0.0000000  EM
             82 -0.11480752D+05    0.0000000    0.0000000  EM
             83 -0.11480752D+05    0.0000000    0.0000000  EM
             84 -0.11480752D+05    0.0000000    0.0000000  EM
             85 -0.11480752D+05    0.0000000    0.0000000  EM
             86 -0.11480752D+05    0.0000000    0.0000000  EM
             87 -0.11480752D+05    0.0000000    0.0000000  EM
             88 -0.11480752D+05    0.0000000    0.0000000  EM
             89 -0.11480752D+05    0.0000000    0.0000000  EM
             90 -0.11480752D+05    0.0000000    0.0000000  EM
             91 -0.11480752D+05    0.0000000    0.0000000  EM
             92 -0.11480752D+05    0.0000000    0.0000000  EM


  TECHNICAL 8 OUTPUT FOR STARTING VALUE SET 9


             10 -0.11481518D+05    0.8405698    0.0000732  EM
             11 -0.11481122D+05    0.3966151    0.0000345  EM
             12 -0.11480932D+05    0.1894298    0.0000165  EM
             13 -0.11480841D+05    0.0916644    0.0000080  EM
             14 -0.11480796D+05    0.0447627    0.0000039  EM
             15 -0.11480774D+05    0.0219923    0.0000019  EM
             16 -0.11480763D+05    0.0108756    0.0000009  EM
             17 -0.11480758D+05    0.0054015    0.0000005  EM
             18 -0.11480755D+05    0.0026982    0.0000002  EM
             19 -0.11480754D+05    0.0013573    0.0000001  EM
             20 -0.11480753D+05    0.0006896    0.0000001  EM
             21 -0.11480753D+05    0.0003517    0.0000000  EM
             22 -0.11480752D+05    0.0001893    0.0000000  EM
             23 -0.11480752D+05    0.0001004    0.0000000  EM
             24 -0.11480752D+05    0.0000561    0.0000000  EM
             25 -0.11480752D+05    0.0000356    0.0000000  EM
             26 -0.11480752D+05    0.0000210    0.0000000  EM
             27 -0.11480752D+05    0.0000138    0.0000000  EM
             28 -0.11480752D+05    0.0000096    0.0000000  EM
             29 -0.11480752D+05    0.0000070    0.0000000  EM
             30 -0.11480752D+05    0.0000052    0.0000000  EM
             31 -0.11480752D+05    0.0000040    0.0000000  EM
             32 -0.11480752D+05    0.0000031    0.0000000  EM
             33 -0.11480752D+05    0.0000025    0.0000000  EM
             34 -0.11480752D+05    0.0000020    0.0000000  EM
             35 -0.11480752D+05    0.0000016    0.0000000  EM
             36 -0.11480752D+05    0.0000013    0.0000000  EM
             37 -0.11480752D+05    0.0000010    0.0000000  EM
             38 -0.11480752D+05    0.0000008    0.0000000  EM
             39 -0.11480752D+05    0.0000006    0.0000000  EM
             40 -0.11480752D+05    0.0000006    0.0000000  EM
             41 -0.11480752D+05    0.0000005    0.0000000  EM
             42 -0.11480752D+05    0.0000003    0.0000000  EM
             43 -0.11480752D+05    0.0000003    0.0000000  EM
             44 -0.11480752D+05    0.0000002    0.0000000  EM
             45 -0.11480752D+05    0.0000002    0.0000000  EM
             46 -0.11480752D+05    0.0000001    0.0000000  EM
             47 -0.11480752D+05    0.0000001    0.0000000  EM
             48 -0.11480752D+05    0.0000001    0.0000000  EM
             49 -0.11480752D+05    0.0000001    0.0000000  EM
             50 -0.11480752D+05    0.0000001    0.0000000  EM
             51 -0.11480752D+05    0.0000000    0.0000000  EM
             52 -0.11480752D+05    0.0000000    0.0000000  EM
             53 -0.11480752D+05    0.0000000    0.0000000  EM
             54 -0.11480752D+05    0.0000000    0.0000000  EM
             55 -0.11480752D+05    0.0000001    0.0000000  EM
             56 -0.11480752D+05    0.0000000    0.0000000  EM
             57 -0.11480752D+05    0.0000000    0.0000000  EM
             58 -0.11480752D+05    0.0000000    0.0000000  EM
             59 -0.11480752D+05    0.0000000    0.0000000  EM
             60 -0.11480752D+05    0.0000000    0.0000000  EM
             61 -0.11480752D+05    0.0000000    0.0000000  EM
             62 -0.11480752D+05    0.0000000    0.0000000  EM
             63 -0.11480752D+05    0.0000000    0.0000000  EM
             64 -0.11480752D+05    0.0000000    0.0000000  EM
             65 -0.11480752D+05    0.0000000    0.0000000  EM
             66 -0.11480752D+05    0.0000000    0.0000000  EM


  TECHNICAL 8 OUTPUT FOR STARTING VALUE SET 11


             10 -0.11482019D+05    1.0409749    0.0000907  EM
             11 -0.11481508D+05    0.5111546    0.0000445  EM
             12 -0.11481236D+05    0.2716428    0.0000237  EM
             13 -0.11481080D+05    0.1558450    0.0000136  EM
             14 -0.11480985D+05    0.0955839    0.0000083  EM
             15 -0.11480923D+05    0.0621537    0.0000054  EM
             16 -0.11480880D+05    0.0424762    0.0000037  EM
             17 -0.11480850D+05    0.0302235    0.0000026  EM
             18 -0.11480828D+05    0.0221835    0.0000019  EM
             19 -0.11480811D+05    0.0166591    0.0000015  EM
             20 -0.11480798D+05    0.0127169    0.0000011  EM
             21 -0.11480789D+05    0.0098202    0.0000009  EM
             22 -0.11480781D+05    0.0076452    0.0000007  EM
             23 -0.11480775D+05    0.0059828    0.0000005  EM
             24 -0.11480770D+05    0.0047104    0.0000004  EM
             25 -0.11480767D+05    0.0037127    0.0000003  EM
             26 -0.11480764D+05    0.0029402    0.0000003  EM
             27 -0.11480761D+05    0.0023280    0.0000002  EM
             28 -0.11480759D+05    0.0018510    0.0000002  EM
             29 -0.11480758D+05    0.0014700    0.0000001  EM
             30 -0.11480757D+05    0.0011698    0.0000001  EM
             31 -0.11480756D+05    0.0009349    0.0000001  EM
             32 -0.11480755D+05    0.0007443    0.0000001  EM
             33 -0.11480755D+05    0.0005941    0.0000001  EM
             34 -0.11480754D+05    0.0004744    0.0000000  EM
             35 -0.11480754D+05    0.0003795    0.0000000  EM
             36 -0.11480753D+05    0.0003060    0.0000000  EM
             37 -0.11480753D+05    0.0002435    0.0000000  EM
             38 -0.11480753D+05    0.0001949    0.0000000  EM
             39 -0.11480753D+05    0.0001562    0.0000000  EM
             40 -0.11480753D+05    0.0001252    0.0000000  EM
             41 -0.11480753D+05    0.0001004    0.0000000  EM
             42 -0.11480752D+05    0.0000806    0.0000000  EM
             43 -0.11480752D+05    0.0000646    0.0000000  EM
             44 -0.11480752D+05    0.0000519    0.0000000  EM
             45 -0.11480752D+05    0.0000417    0.0000000  EM
             46 -0.11480752D+05    0.0000335    0.0000000  EM
             47 -0.11480752D+05    0.0000269    0.0000000  EM
             48 -0.11480752D+05    0.0000217    0.0000000  EM
             49 -0.11480752D+05    0.0000175    0.0000000  EM
             50 -0.11480752D+05    0.0000156    0.0000000  EM
             51 -0.11480752D+05    0.0000113    0.0000000  EM
             52 -0.11480752D+05    0.0000091    0.0000000  EM
             53 -0.11480752D+05    0.0000073    0.0000000  EM
             54 -0.11480752D+05    0.0000058    0.0000000  EM
             55 -0.11480752D+05    0.0000047    0.0000000  EM
             56 -0.11480752D+05    0.0000037    0.0000000  EM
             57 -0.11480752D+05    0.0000031    0.0000000  EM
             58 -0.11480752D+05    0.0000024    0.0000000  EM
             59 -0.11480752D+05    0.0000020    0.0000000  EM
             60 -0.11480752D+05    0.0000016    0.0000000  EM
             61 -0.11480752D+05    0.0000013    0.0000000  EM
             62 -0.11480752D+05    0.0000010    0.0000000  EM
             63 -0.11480752D+05    0.0000008    0.0000000  EM
             64 -0.11480752D+05    0.0000006    0.0000000  EM
             65 -0.11480752D+05    0.0000006    0.0000000  EM
             66 -0.11480752D+05    0.0000004    0.0000000  EM
             67 -0.11480752D+05    0.0000004    0.0000000  EM
             68 -0.11480752D+05    0.0000003    0.0000000  EM
             69 -0.11480752D+05    0.0000003    0.0000000  EM
             70 -0.11480752D+05    0.0000002    0.0000000  EM
             71 -0.11480752D+05    0.0000001    0.0000000  EM
             72 -0.11480752D+05    0.0000002    0.0000000  EM
             73 -0.11480752D+05    0.0000001    0.0000000  EM
             74 -0.11480752D+05    0.0000001    0.0000000  EM
             75 -0.11480752D+05    0.0000000    0.0000000  EM
             76 -0.11480752D+05    0.0000001    0.0000000  EM
             77 -0.11480752D+05    0.0000000    0.0000000  EM
             78 -0.11480752D+05    0.0000000    0.0000000  EM
             79 -0.11480752D+05    0.0000000    0.0000000  EM
             80 -0.11480752D+05    0.0000000    0.0000000  EM
             81 -0.11480752D+05    0.0000000    0.0000000  EM
             82 -0.11480752D+05    0.0000000    0.0000000  EM
             83 -0.11480752D+05    0.0000000    0.0000000  EM
             84 -0.11480752D+05    0.0000000    0.0000000  EM
             85 -0.11480752D+05    0.0000000    0.0000000  EM
             86 -0.11480752D+05    0.0000000    0.0000000  EM
             87 -0.11480752D+05    0.0000000    0.0000000  EM
             88 -0.11480752D+05    0.0000000    0.0000000  EM
             89 -0.11480752D+05    0.0000000    0.0000000  EM


DIAGRAM INFORMATION

  Mplus diagrams are currently not available for Mixture analysis.
  No diagram output was produced.


     Beginning Time:  17:36:24
        Ending Time:  18:24:34
       Elapsed Time:  00:48:10



MUTHEN & MUTHEN
3463 Stoner Ave.
Los Angeles, CA  90066

Tel: (310) 391-9971
Fax: (310) 391-8971
Web: www.StatModel.com
Support: Support@StatModel.com

Copyright (c) 1998-2019 Muthen & Muthen
