Mplus VERSION 8.4
MUTHEN & MUTHEN
10/27/2020   3:43 PM

INPUT INSTRUCTIONS

  TITLE:      Finite Mixture Model
  Data:       FILE = example_data.csv;
  VARIABLE:   NAMES = id Y1-Y10 T1-T10 gX1 gX2 class eX1 eX2;
              USEVAR = Y1-Y10;
              CONSTRAINT = T1-T10;
              CLASSES = c(2);
  ANALYSIS:   TYPE = MIXTURE;
              ALGORITHM = EM;

  MODEL:
              %OVERALL%
              eta0s BY Y1-Y10@1;
              ! factor loadings for eta0s are set equal to 1
              eta1s BY Y1* (L11)
                       Y2* (L12)
                       Y3* (L13)
                       Y4* (L14)
                       Y5* (L15)
                       Y6* (L16)
                       Y7* (L17)
                       Y8* (L18)
                       Y9* (L19)
                       Y10* (L110);
              eta2s BY Y1* (L21)
                       Y2* (L22)
                       Y3* (L23)
                       Y4* (L24)
                       Y5* (L25)
                       Y6* (L26)
                       Y7* (L27)
                       Y8* (L28)
                       Y9* (L29)
                       Y10* (L210);

              %c#1%
              ! Factor loadings for eta1s and eta2s are not fixed values,
              ! because they contain an estimate parameter, the fixed knot

              ! Factor loadings for eta1s and eta2s are not fixed values,
              ! because they contain an estimate parameter, the fixed knot

              eta0s BY Y1-Y10@1;
              ! factor loadings for eta0s are set equal to 1
              eta1s BY Y1* (c1L11)
                       Y2* (c1L12)
                       Y3* (c1L13)
                       Y4* (c1L14)
                       Y5* (c1L15)
                       Y6* (c1L16)
                       Y7* (c1L17)
                       Y8* (c1L18)
                       Y9* (c1L19)
                       Y10* (c1L110);
              eta2s BY Y1* (c1L21)
                       Y2* (c1L22)
                       Y3* (c1L23)
                       Y4* (c1L24)
                       Y5* (c1L25)
                       Y6* (c1L26)
                       Y7* (c1L27)
                       Y8* (c1L28)
                       Y9* (c1L29)
                       Y10* (c1L210);


              ! Population values of parameters:
              !! Original settings:
              !! mueta0: 100, mueta1: -5, mueta2: -2.6, mug: 3.5
              !! psi00: 25, psi01: 1.5, psi02: 1.5
              !!            psi11: 1.0, psi12: 0.3
              !!                        psi22: 1.0

              !! Reparameterized settings:
              !! mueta0s: 82.5, mueta1s: -3.8, mueta2s: 1.2, mug: 3.5
              !! psi0s0s: 47.75, psi0s1s: 3.775, psi0s2s: -1.225
              !!                 psi1s1s: 0.650, psi1s2s: 0.00
              !!                                 psi2s2s: 0.35

              !! theta: 1.0

              eta0s*50.0 (c1psi0s0s);
              eta1s*0.6  (c1psi1s1s);
              eta2s*0.4  (c1psi2s2s);

              eta0s WITH eta1s*4.0 (c1psi0s1s);
              eta0s WITH eta2s*-1.2 (c1psi0s2s);
              eta1s WITH eta2s*0.2 (c1psi1s2s);

              [eta0s*80]  (c1mueta0s);
              [eta1s*-4]  (c1mueta1s);
              [eta2s*1]   (c1mueta2s);

              Y1-Y10*1.1 (c1theta);
              [Y1-Y10@0];

              %c#2%
              eta0s BY Y1-Y10@1;
              ! factor loadings for eta0s are set equal to 1
              eta1s BY Y1* (c2L11)
                       Y2* (c2L12)
                       Y3* (c2L13)
                       Y4* (c2L14)
                       Y5* (c2L15)
                       Y6* (c2L16)
                       Y7* (c2L17)
                       Y8* (c2L18)
                       Y9* (c2L19)
                       Y10* (c2L110);
              eta2s BY Y1* (c2L21)
                       Y2* (c2L22)
                       Y3* (c2L23)
                       Y4* (c2L24)
                       Y5* (c2L25)
                       Y6* (c2L26)
                       Y7* (c2L27)
                       Y8* (c2L28)
                       Y9* (c2L29)
                       Y10* (c2L210);

              ! Factor loadings for eta1s and eta2s are not fixed values,
              ! because they contain an estimate parameter, the fixed knot

              ! Population values of parameters:
              !! Original settings:
              !! mueta0: 100, mueta1: -5, mueta2: -3.4, mug: 5.0
              !! psi00: 25, psi01: 1.5, psi02: 1.5
              !!            psi11: 1.0, psi12: 0.3
              !!                        psi22: 1.0

              !! Reparameterized settings:
              !! mueta0s: 72.5, mueta1s: -4.2, mueta2s: 0.8, mug: 5.5
              !! psi0s0s: 71.750, psi0s1s: 5.075, psi0s2s: -1.925
              !!                  psi1s1s: 0.650, psi1s2s: 0.000
              !!                                  psi2s2s: 0.350

              !! theta: 1.0
              eta0s*70.0 (c2psi0s0s);
              eta1s*0.6  (c2psi1s1s);
              eta2s*0.4  (c2psi2s2s);

              eta0s WITH eta1s*5.0 (c2psi0s1s);
              eta0s WITH eta2s*-2.0 (c2psi0s2s);
              eta1s WITH eta2s*0 (c2psi1s2s);

              [eta0s*75]  (c2mueta0s);
              [eta1s*-4]  (c2mueta1s);
              [eta2s*1]   (c2mueta2s);

              Y1-Y10*1.1 (c2theta);
              [Y1-Y10@0];

  MODEL CONSTRAINT:
              ! In the model constraint, we have 3 parts:
              ! Part I: Specify extra parameters other than those related to transformed LVs
              new(c1mueta0 c1mueta1 c1mueta2 c1mug*3.5
                  c1psi00 c1psi01 c1psi02
                          c1psi11 c1psi12
                                  c1psi22
                  c2mueta0 c2mueta1 c2mueta2 c2mug*5.5
                  c2psi00 c2psi01 c2psi02
                          c2psi11 c2psi12
                                  c2psi22);

              ! Part II: Specify a series of equations to anti-transform the LVs
              c1mueta0 = c1mueta0s + c1mug * (c1mueta2s - c1mueta1s);
              c1mueta1 = c1mueta1s - c1mueta2s;
              c1mueta2 = c1mueta1s + c1mueta2s;
              c1psi00 = (c1psi1s1s + c1psi2s2s - 2 * c1psi1s2s) * c1mug^2 +
                       2 * (c1psi0s2s - c1psi0s1s) * c1mug + c1psi0s0s;
              c1psi01 = (2 * c1psi1s2s - c1psi1s1s - c1psi2s2s) * c1mug +
                      (c1psi0s1s - c1psi0s2s);
              c1psi02 = (c1psi2s2s - c1psi1s1s) * c1mug +
                      (c1psi0s1s + c1psi0s2s);
              c1psi11 = c1psi1s1s + c1psi2s2s - 2 * c1psi1s2s;
              c1psi12 = c1psi1s1s - c1psi2s2s;
              c1psi22 = c1psi1s1s + c1psi2s2s + 2 * c1psi1s2s;

              c2mueta0 = c2mueta0s + c2mug * (c2mueta2s - c2mueta1s);
              c2mueta1 = c2mueta1s - c2mueta2s;
              c2mueta2 = c2mueta1s + c2mueta2s;
              c2psi00 = (c2psi1s1s + c2psi2s2s - 2 * c2psi1s2s) * c2mug^2 +
                       2 * (c2psi0s2s - c2psi0s1s) * c2mug + c2psi0s0s;
              c2psi01 = (2 * c2psi1s2s - c2psi1s1s - c2psi2s2s) * c2mug +
                        (c2psi0s1s - c2psi0s2s);
              c2psi02 = (c2psi2s2s - c2psi1s1s) * c2mug +
                        (c2psi0s1s + c2psi0s2s);
              c2psi11 = c2psi1s1s + c2psi2s2s - 2 * c2psi1s2s;
              c2psi12 = c2psi1s1s - c2psi2s2s;
              c2psi22 = c2psi1s1s + c2psi2s2s + 2 * c2psi1s2s;

              ! Part III: Define factor loadings for the 2nd and 3rd LVs with
              ! definition variables
              c1L11 = T1 - c1mug;
              c1L12 = T2 - c1mug;
              c1L13 = T3 - c1mug;
              c1L14 = T4 - c1mug;
              c1L15 = T5 - c1mug;
              c1L16 = T6 - c1mug;
              c1L17 = T7 - c1mug;
              c1L18 = T8 - c1mug;
              c1L19 = T9 - c1mug;
              c1L110 = T10 - c1mug;

              c1L21 = sqrt((T1 - c1mug)^2);
              c1L22 = sqrt((T2 - c1mug)^2);
              c1L23 = sqrt((T3 - c1mug)^2);
              c1L24 = sqrt((T4 - c1mug)^2);
              c1L25 = sqrt((T5 - c1mug)^2);
              c1L26 = sqrt((T6 - c1mug)^2);
              c1L27 = sqrt((T7 - c1mug)^2);
              c1L28 = sqrt((T8 - c1mug)^2);
              c1L29 = sqrt((T9 - c1mug)^2);
              c1L210 = sqrt((T10 - c1mug)^2);

              c2L11 = T1 - c2mug;
              c2L12 = T2 - c2mug;
              c2L13 = T3 - c2mug;
              c2L14 = T4 - c2mug;
              c2L15 = T5 - c2mug;
              c2L16 = T6 - c2mug;
              c2L17 = T7 - c2mug;
              c2L18 = T8 - c2mug;
              c2L19 = T9 - c2mug;
              c2L110 = T10 - c2mug;

              c2L21 = sqrt((T1 - c2mug)^2);
              c2L22 = sqrt((T2 - c2mug)^2);
              c2L23 = sqrt((T3 - c2mug)^2);
              c2L24 = sqrt((T4 - c2mug)^2);
              c2L25 = sqrt((T5 - c2mug)^2);
              c2L26 = sqrt((T6 - c2mug)^2);
              c2L27 = sqrt((T7 - c2mug)^2);
              c2L28 = sqrt((T8 - c2mug)^2);
              c2L29 = sqrt((T9 - c2mug)^2);
              c2L210 = sqrt((T10 - c2mug)^2);
   OUTPUT:    SAMPSTAT TECH1 TECH8;



INPUT READING TERMINATED NORMALLY



Finite Mixture Model

SUMMARY OF ANALYSIS

Number of groups                                                 1
Number of observations                                         500

Number of dependent variables                                   10
Number of independent variables                                  0
Number of continuous latent variables                            3
Number of categorical latent variables                           1

Observed dependent variables

  Continuous
   Y1          Y2          Y3          Y4          Y5          Y6
   Y7          Y8          Y9          Y10

Continuous latent variables
   ETA0S       ETA1S       ETA2S

Categorical latent variables
   C


Estimator                                                      MLR
Information matrix                                        OBSERVED
Optimization Specifications for the Quasi-Newton Algorithm for
Continuous Outcomes
  Maximum number of iterations                                 100
  Convergence criterion                                  0.100D-05
Optimization Specifications for the EM Algorithm
  Maximum number of iterations                                 500
  Convergence criteria
    Loglikelihood change                                 0.100D-06
    Relative loglikelihood change                        0.100D-06
    Derivative                                           0.100D-05
Optimization Specifications for the M step of the EM Algorithm for
Categorical Latent variables
  Number of M step iterations                                    1
  M step convergence criterion                           0.100D-05
  Basis for M step termination                           ITERATION
Optimization Specifications for the M step of the EM Algorithm for
Censored, Binary or Ordered Categorical (Ordinal), Unordered
Categorical (Nominal) and Count Outcomes
  Number of M step iterations                                    1
  M step convergence criterion                           0.100D-05
  Basis for M step termination                           ITERATION
  Maximum value for logit thresholds                            15
  Minimum value for logit thresholds                           -15
  Minimum expected cell size for chi-square              0.100D-01
Optimization algorithm                                          EM
Random Starts Specifications
  Number of initial stage random starts                         20
  Number of final stage optimizations                            4
  Number of initial stage iterations                            10
  Initial stage convergence criterion                    0.100D+01
  Random starts scale                                    0.500D+01
  Random seed for generating random starts                       0

Input data file(s)
  example_data.csv
Input data format  FREE


SAMPLE STATISTICS


     SAMPLE STATISTICS


           Means
              Y1            Y2            Y3            Y4            Y5
              ________      ________      ________      ________      ________
               99.861        94.930        89.962        85.096        80.761


           Means
              Y6            Y7            Y8            Y9            Y10
              ________      ________      ________      ________      ________
               77.038        73.721        70.724        67.793        64.838


           Covariances
              Y1            Y2            Y3            Y4            Y5
              ________      ________      ________      ________      ________
 Y1            24.646
 Y2            25.323        29.415
 Y3            26.276        29.995        34.659
 Y4            27.401        31.961        36.172        41.731
 Y5            29.113        34.459        39.588        44.499        51.298
 Y6            30.278        36.087        41.741        46.910        53.757
 Y7            31.337        37.565        43.842        49.283        57.225
 Y8            32.516        38.956        45.441        50.961        59.532
 Y9            34.157        40.844        47.761        53.742        63.014
 Y10           35.144        42.232        49.576        55.679        65.565


           Covariances
              Y6            Y7            Y8            Y9            Y10
              ________      ________      ________      ________      ________
 Y6            61.016
 Y7            64.922        72.955
 Y8            68.051        76.121        82.859
 Y9            72.690        82.227        88.929        98.875
 Y10           76.140        86.745        94.497       104.397       113.123


           Correlations
              Y1            Y2            Y3            Y4            Y5
              ________      ________      ________      ________      ________
 Y1             1.000
 Y2             0.940         1.000
 Y3             0.899         0.939         1.000
 Y4             0.854         0.912         0.951         1.000
 Y5             0.819         0.887         0.939         0.962         1.000
 Y6             0.781         0.852         0.908         0.930         0.961
 Y7             0.739         0.811         0.872         0.893         0.935
 Y8             0.720         0.789         0.848         0.867         0.913
 Y9             0.692         0.757         0.816         0.837         0.885
 Y10            0.666         0.732         0.792         0.810         0.861


           Correlations
              Y6            Y7            Y8            Y9            Y10
              ________      ________      ________      ________      ________
 Y6             1.000
 Y7             0.973         1.000
 Y8             0.957         0.979         1.000
 Y9             0.936         0.968         0.983         1.000
 Y10            0.916         0.955         0.976         0.987         1.000


UNIVARIATE SAMPLE STATISTICS


     UNIVARIATE HIGHER-ORDER MOMENT DESCRIPTIVE STATISTICS

         Variable/         Mean/     Skewness/   Minimum/ % with                Percentiles
        Sample Size      Variance    Kurtosis    Maximum  Min/Max      20%/60%    40%/80%    Median

     Y1                   99.861      -0.083      85.252    0.20%      95.474     98.883     99.927
             500.000      24.646       0.003     113.835    0.20%     101.393    103.972
     Y2                   94.930      -0.030      78.082    0.20%      90.736     93.678     95.028
             500.000      29.415       0.142     110.448    0.20%      96.218     99.305
     Y3                   89.962      -0.020      71.259    0.20%      84.810     88.576     90.149
             500.000      34.659       0.252     108.354    0.20%      91.559     94.724
     Y4                   85.096      -0.051      62.715    0.20%      79.555     83.841     85.292
             500.000      41.731       0.222     107.448    0.20%      86.777     90.346
     Y5                   80.761      -0.062      56.914    0.20%      74.856     79.249     80.625
             500.000      51.298       0.196     103.394    0.20%      82.359     86.924
     Y6                   77.038      -0.057      53.740    0.20%      70.403     75.047     76.845
             500.000      61.016       0.132     103.571    0.20%      79.115     83.593
     Y7                   73.721      -0.088      48.389    0.20%      66.670     71.387     73.410
             500.000      72.955       0.019      99.948    0.20%      75.782     81.046
     Y8                   70.724      -0.145      44.095    0.20%      62.874     68.429     70.933
             500.000      82.859      -0.031      96.895    0.20%      73.342     78.566
     Y9                   67.793      -0.096      38.838    0.20%      59.282     65.778     67.952
             500.000      98.875      -0.071      94.656    0.20%      70.594     75.868
     Y10                  64.838      -0.100      35.742    0.20%      55.358     62.641     65.030
             500.000     113.123      -0.201      93.634    0.20%      68.105     73.794
     T1                    0.000       0.000       0.000  100.00%       0.000      0.000      0.000
             500.000       0.000       0.000       0.000  100.00%       0.000      0.000
     T2                    0.996       0.050       0.753    0.20%       0.847      0.936      0.983
             500.000       0.022      -1.268       1.248    0.20%       1.048      1.154
     T3                    1.997       0.149       1.751    0.20%       1.860      1.937      1.982
             500.000       0.020      -1.175       2.248    0.20%       2.035      2.154
     T4                    2.992       0.128       2.753    0.20%       2.855      2.949      2.986
             500.000       0.019      -1.050       3.249    0.20%       3.026      3.128
     T5                    3.996       0.031       3.753    0.20%       3.843      3.946      3.997
             500.000       0.021      -1.188       4.250    0.20%       4.050      4.144
     T6                    5.011      -0.098       4.751    0.20%       4.870      4.965      5.014
             500.000       0.020      -1.145       5.250    0.20%       5.064      5.157
     T7                    6.002      -0.013       5.752    0.20%       5.850      5.949      6.003
             500.000       0.021      -1.199       6.250    0.20%       6.050      6.153
     T8                    7.016      -0.166       6.751    0.20%       6.866      6.971      7.028
             500.000       0.020      -1.179       7.250    0.20%       7.078      7.160
     T9                    7.992       0.051       7.750    0.20%       7.832      7.937      7.996
             500.000       0.022      -1.229       8.249    0.20%       8.042      8.148
     T10                   9.000       0.000       9.000  100.00%       9.000      9.000      9.000
             500.000       0.000       0.000       9.000  100.00%       9.000      9.000

RANDOM STARTS RESULTS RANKED FROM THE BEST TO THE WORST LOGLIKELIHOOD VALUES

Final stage loglikelihood values at local maxima, seeds, and initial stage start numbers:

          -10205.472  unperturbed      0
          -10205.472  27071            15
          -10205.472  399671           13
          -10205.472  127215           9



THE BEST LOGLIKELIHOOD VALUE HAS BEEN REPLICATED.  RERUN WITH AT LEAST TWICE THE
RANDOM STARTS TO CHECK THAT THE BEST LOGLIKELIHOOD IS STILL OBTAINED AND REPLICATED.


THE MODEL ESTIMATION TERMINATED NORMALLY



MODEL FIT INFORMATION

Number of Free Parameters                       23

Loglikelihood

          H0 Value                      -10205.472
          H0 Scaling Correction Factor      1.0180
            for MLR

Information Criteria

          Akaike (AIC)                   20456.943
          Bayesian (BIC)                 20553.879
          Sample-Size Adjusted BIC       20480.876
            (n* = (n + 2) / 24)



FINAL CLASS COUNTS AND PROPORTIONS FOR THE LATENT CLASSES
BASED ON THE ESTIMATED MODEL

    Latent
   Classes

       1        268.91075          0.53782
       2        231.08925          0.46218


FINAL CLASS COUNTS AND PROPORTIONS FOR THE LATENT CLASSES
BASED ON ESTIMATED POSTERIOR PROBABILITIES

    Latent
   Classes

       1        268.91068          0.53782
       2        231.08932          0.46218


FINAL CLASS COUNTS AND PROPORTIONS FOR THE LATENT CLASSES
BASED ON THEIR MOST LIKELY LATENT CLASS MEMBERSHIP

Class Counts and Proportions

    Latent
   Classes

       1              248          0.49600
       2              252          0.50400


CLASSIFICATION QUALITY

     Entropy                         0.601


Classification Probabilities for the Most Likely Latent Class Membership (Column)
by Latent Class (Row)

           1        2

    1   0.845    0.155
    2   0.090    0.910


Logits for the Classification Probabilities for the Most Likely Latent Class Membership (Column)
by Latent Class (Row)

              1        2

    1      1.696    0.000
    2     -2.315    0.000


MODEL RESULTS

                                                    Two-Tailed
                    Estimate       S.E.  Est./S.E.    P-Value

Latent Class 1

 ETA0S    BY
    Y1                 1.000      0.000    999.000    999.000
    Y2                 1.000      0.000    999.000    999.000
    Y3                 1.000      0.000    999.000    999.000
    Y4                 1.000      0.000    999.000    999.000
    Y5                 1.000      0.000    999.000    999.000
    Y6                 1.000      0.000    999.000    999.000
    Y7                 1.000      0.000    999.000    999.000
    Y8                 1.000      0.000    999.000    999.000
    Y9                 1.000      0.000    999.000    999.000
    Y10                1.000      0.000    999.000    999.000

 ETA1S    BY
    Y1               999.000      0.000    999.000    999.000
    Y2               999.000      0.000    999.000    999.000
    Y3               999.000      0.000    999.000    999.000
    Y4               999.000      0.000    999.000    999.000
    Y5               999.000      0.000    999.000    999.000
    Y6               999.000      0.000    999.000    999.000
    Y7               999.000      0.000    999.000    999.000
    Y8               999.000      0.000    999.000    999.000
    Y9               999.000      0.000    999.000    999.000
    Y10              999.000      0.000    999.000    999.000

 ETA2S    BY
    Y1               999.000      0.000    999.000    999.000
    Y2               999.000      0.000    999.000    999.000
    Y3               999.000      0.000    999.000    999.000
    Y4               999.000      0.000    999.000    999.000
    Y5               999.000      0.000    999.000    999.000
    Y6               999.000      0.000    999.000    999.000
    Y7               999.000      0.000    999.000    999.000
    Y8               999.000      0.000    999.000    999.000
    Y9               999.000      0.000    999.000    999.000
    Y10              999.000      0.000    999.000    999.000

 ETA1S    WITH
    ETA0S              3.544      0.495      7.154      0.000

 ETA2S    WITH
    ETA0S             -1.558      0.491     -3.174      0.002
    ETA1S             -0.011      0.048     -0.218      0.827

 Means
    ETA0S             82.304      0.641    128.331      0.000
    ETA1S             -3.819      0.067    -56.818      0.000
    ETA2S              1.185      0.090     13.122      0.000

 Intercepts
    Y1                 0.000      0.000    999.000    999.000
    Y2                 0.000      0.000    999.000    999.000
    Y3                 0.000      0.000    999.000    999.000
    Y4                 0.000      0.000    999.000    999.000
    Y5                 0.000      0.000    999.000    999.000
    Y6                 0.000      0.000    999.000    999.000
    Y7                 0.000      0.000    999.000    999.000
    Y8                 0.000      0.000    999.000    999.000
    Y9                 0.000      0.000    999.000    999.000
    Y10                0.000      0.000    999.000    999.000

 Variances
    ETA0S             47.342      5.355      8.841      0.000
    ETA1S              0.671      0.067     10.094      0.000
    ETA2S              0.385      0.077      5.036      0.000

 Residual Variances
    Y1                 1.008      0.040     24.910      0.000
    Y2                 1.008      0.040     24.910      0.000
    Y3                 1.008      0.040     24.910      0.000
    Y4                 1.008      0.040     24.910      0.000
    Y5                 1.008      0.040     24.910      0.000
    Y6                 1.008      0.040     24.910      0.000
    Y7                 1.008      0.040     24.910      0.000
    Y8                 1.008      0.040     24.910      0.000
    Y9                 1.008      0.040     24.910      0.000
    Y10                1.008      0.040     24.910      0.000

Latent Class 2

 ETA0S    BY
    Y1                 1.000      0.000    999.000    999.000
    Y2                 1.000      0.000    999.000    999.000
    Y3                 1.000      0.000    999.000    999.000
    Y4                 1.000      0.000    999.000    999.000
    Y5                 1.000      0.000    999.000    999.000
    Y6                 1.000      0.000    999.000    999.000
    Y7                 1.000      0.000    999.000    999.000
    Y8                 1.000      0.000    999.000    999.000
    Y9                 1.000      0.000    999.000    999.000
    Y10                1.000      0.000    999.000    999.000

 ETA1S    BY
    Y1               999.000      0.000    999.000    999.000
    Y2               999.000      0.000    999.000    999.000
    Y3               999.000      0.000    999.000    999.000
    Y4               999.000      0.000    999.000    999.000
    Y5               999.000      0.000    999.000    999.000
    Y6               999.000      0.000    999.000    999.000
    Y7               999.000      0.000    999.000    999.000
    Y8               999.000      0.000    999.000    999.000
    Y9               999.000      0.000    999.000    999.000
    Y10              999.000      0.000    999.000    999.000

 ETA2S    BY
    Y1               999.000      0.000    999.000    999.000
    Y2               999.000      0.000    999.000    999.000
    Y3               999.000      0.000    999.000    999.000
    Y4               999.000      0.000    999.000    999.000
    Y5               999.000      0.000    999.000    999.000
    Y6               999.000      0.000    999.000    999.000
    Y7               999.000      0.000    999.000    999.000
    Y8               999.000      0.000    999.000    999.000
    Y9               999.000      0.000    999.000    999.000
    Y10              999.000      0.000    999.000    999.000

 ETA1S    WITH
    ETA0S              5.057      0.654      7.736      0.000

 ETA2S    WITH
    ETA0S             -1.651      0.536     -3.081      0.002
    ETA1S              0.053      0.044      1.202      0.229

 Means
    ETA0S             72.837      0.879     82.826      0.000
    ETA1S             -4.099      0.077    -52.890      0.000
    ETA2S              0.751      0.068     11.035      0.000

 Intercepts
    Y1                 0.000      0.000    999.000    999.000
    Y2                 0.000      0.000    999.000    999.000
    Y3                 0.000      0.000    999.000    999.000
    Y4                 0.000      0.000    999.000    999.000
    Y5                 0.000      0.000    999.000    999.000
    Y6                 0.000      0.000    999.000    999.000
    Y7                 0.000      0.000    999.000    999.000
    Y8                 0.000      0.000    999.000    999.000
    Y9                 0.000      0.000    999.000    999.000
    Y10                0.000      0.000    999.000    999.000

 Variances
    ETA0S             67.411      9.022      7.472      0.000
    ETA1S              0.698      0.071      9.827      0.000
    ETA2S              0.377      0.043      8.720      0.000

 Residual Variances
    Y1                 1.028      0.044     23.177      0.000
    Y2                 1.028      0.044     23.177      0.000
    Y3                 1.028      0.044     23.177      0.000
    Y4                 1.028      0.044     23.177      0.000
    Y5                 1.028      0.044     23.177      0.000
    Y6                 1.028      0.044     23.177      0.000
    Y7                 1.028      0.044     23.177      0.000
    Y8                 1.028      0.044     23.177      0.000
    Y9                 1.028      0.044     23.177      0.000
    Y10                1.028      0.044     23.177      0.000

Categorical Latent Variables

 Means
    C#1                0.152      0.186      0.815      0.415

New/Additional Parameters
    C1MUETA0          99.891      0.380    263.152      0.000
    C1MUETA1          -5.004      0.111    -45.050      0.000
    C1MUETA2          -2.634      0.114    -23.097      0.000
    C1MUG              3.515      0.034    104.413      0.000
    C1PSI00           24.797      2.433     10.193      0.000
    C1PSI01            1.313      0.422      3.109      0.002
    C1PSI02            0.980      0.382      2.569      0.010
    C1PSI11            1.078      0.151      7.149      0.000
    C1PSI12            0.286      0.101      2.831      0.005
    C1PSI22            1.036      0.129      8.022      0.000
    C2MUETA0          99.795      0.401    248.640      0.000
    C2MUETA1          -4.850      0.113    -42.979      0.000
    C2MUETA2          -3.347      0.092    -36.198      0.000
    C2MUG              5.558      0.045    122.563      0.000
    C2PSI00           22.801      2.633      8.659      0.000
    C2PSI01            1.318      0.452      2.915      0.004
    C2PSI02            1.624      0.401      4.051      0.000
    C2PSI11            0.970      0.125      7.735      0.000
    C2PSI12            0.321      0.084      3.819      0.000
    C2PSI22            1.181      0.115     10.255      0.000


QUALITY OF NUMERICAL RESULTS

     Condition Number for the Information Matrix              0.467E-04
       (ratio of smallest to largest eigenvalue)


TECHNICAL 1 OUTPUT


     PARAMETER SPECIFICATION FOR LATENT CLASS 1


           NU
              Y1            Y2            Y3            Y4            Y5
              ________      ________      ________      ________      ________
                    0             0             0             0             0


           NU
              Y6            Y7            Y8            Y9            Y10
              ________      ________      ________      ________      ________
                    0             0             0             0             0


           LAMBDA
              ETA0S         ETA1S         ETA2S
              ________      ________      ________
 Y1                 0             1             2
 Y2                 0             3             4
 Y3                 0             5             6
 Y4                 0             7             8
 Y5                 0             9            10
 Y6                 0            11            12
 Y7                 0            13            14
 Y8                 0            15            16
 Y9                 0            17            18
 Y10                0            19            20


           THETA
              Y1            Y2            Y3            Y4            Y5
              ________      ________      ________      ________      ________
 Y1                21
 Y2                 0            21
 Y3                 0             0            21
 Y4                 0             0             0            21
 Y5                 0             0             0             0            21
 Y6                 0             0             0             0             0
 Y7                 0             0             0             0             0
 Y8                 0             0             0             0             0
 Y9                 0             0             0             0             0
 Y10                0             0             0             0             0


           THETA
              Y6            Y7            Y8            Y9            Y10
              ________      ________      ________      ________      ________
 Y6                21
 Y7                 0            21
 Y8                 0             0            21
 Y9                 0             0             0            21
 Y10                0             0             0             0            21


           ALPHA
              ETA0S         ETA1S         ETA2S
              ________      ________      ________
                   22            23            24


           BETA
              ETA0S         ETA1S         ETA2S
              ________      ________      ________
 ETA0S              0             0             0
 ETA1S              0             0             0
 ETA2S              0             0             0


           PSI
              ETA0S         ETA1S         ETA2S
              ________      ________      ________
 ETA0S             25
 ETA1S             26            27
 ETA2S             28            29            30


     PARAMETER SPECIFICATION FOR LATENT CLASS 2


           NU
              Y1            Y2            Y3            Y4            Y5
              ________      ________      ________      ________      ________
                    0             0             0             0             0


           NU
              Y6            Y7            Y8            Y9            Y10
              ________      ________      ________      ________      ________
                    0             0             0             0             0


           LAMBDA
              ETA0S         ETA1S         ETA2S
              ________      ________      ________
 Y1                 0            31            32
 Y2                 0            33            34
 Y3                 0            35            36
 Y4                 0            37            38
 Y5                 0            39            40
 Y6                 0            41            42
 Y7                 0            43            44
 Y8                 0            45            46
 Y9                 0            47            48
 Y10                0            49            50


           THETA
              Y1            Y2            Y3            Y4            Y5
              ________      ________      ________      ________      ________
 Y1                51
 Y2                 0            51
 Y3                 0             0            51
 Y4                 0             0             0            51
 Y5                 0             0             0             0            51
 Y6                 0             0             0             0             0
 Y7                 0             0             0             0             0
 Y8                 0             0             0             0             0
 Y9                 0             0             0             0             0
 Y10                0             0             0             0             0


           THETA
              Y6            Y7            Y8            Y9            Y10
              ________      ________      ________      ________      ________
 Y6                51
 Y7                 0            51
 Y8                 0             0            51
 Y9                 0             0             0            51
 Y10                0             0             0             0            51


           ALPHA
              ETA0S         ETA1S         ETA2S
              ________      ________      ________
                   52            53            54


           BETA
              ETA0S         ETA1S         ETA2S
              ________      ________      ________
 ETA0S              0             0             0
 ETA1S              0             0             0
 ETA2S              0             0             0


           PSI
              ETA0S         ETA1S         ETA2S
              ________      ________      ________
 ETA0S             55
 ETA1S             56            57
 ETA2S             58            59            60


     PARAMETER SPECIFICATION FOR LATENT CLASS REGRESSION MODEL PART


           ALPHA(C)
              C#1           C#2
              ________      ________
                   61             0


     PARAMETER SPECIFICATION FOR THE ADDITIONAL PARAMETERS


           NEW/ADDITIONAL PARAMETERS
              C1MUETA0      C1MUETA1      C1MUETA2      C1MUG         C1PSI00
              ________      ________      ________      ________      ________
                   62            63            64            65            66


           NEW/ADDITIONAL PARAMETERS
              C1PSI01       C1PSI02       C1PSI11       C1PSI12       C1PSI22
              ________      ________      ________      ________      ________
                   67            68            69            70            71


           NEW/ADDITIONAL PARAMETERS
              C2MUETA0      C2MUETA1      C2MUETA2      C2MUG         C2PSI00
              ________      ________      ________      ________      ________
                   72            73            74            75            76


           NEW/ADDITIONAL PARAMETERS
              C2PSI01       C2PSI02       C2PSI11       C2PSI12       C2PSI22
              ________      ________      ________      ________      ________
                   77            78            79            80            81


     STARTING VALUES FOR LATENT CLASS 1


           NU
              Y1            Y2            Y3            Y4            Y5
              ________      ________      ________      ________      ________
                0.000         0.000         0.000         0.000         0.000


           NU
              Y6            Y7            Y8            Y9            Y10
              ________      ________      ________      ________      ________
                0.000         0.000         0.000         0.000         0.000


           LAMBDA
              ETA0S         ETA1S         ETA2S
              ________      ________      ________
 Y1             1.000         1.000         1.000
 Y2             1.000         1.000         1.000
 Y3             1.000         1.000         1.000
 Y4             1.000         1.000         1.000
 Y5             1.000         1.000         1.000
 Y6             1.000         1.000         1.000
 Y7             1.000         1.000         1.000
 Y8             1.000         1.000         1.000
 Y9             1.000         1.000         1.000
 Y10            1.000         1.000         1.000


           THETA
              Y1            Y2            Y3            Y4            Y5
              ________      ________      ________      ________      ________
 Y1             1.100
 Y2             0.000         1.100
 Y3             0.000         0.000         1.100
 Y4             0.000         0.000         0.000         1.100
 Y5             0.000         0.000         0.000         0.000         1.100
 Y6             0.000         0.000         0.000         0.000         0.000
 Y7             0.000         0.000         0.000         0.000         0.000
 Y8             0.000         0.000         0.000         0.000         0.000
 Y9             0.000         0.000         0.000         0.000         0.000
 Y10            0.000         0.000         0.000         0.000         0.000


           THETA
              Y6            Y7            Y8            Y9            Y10
              ________      ________      ________      ________      ________
 Y6             1.100
 Y7             0.000         1.100
 Y8             0.000         0.000         1.100
 Y9             0.000         0.000         0.000         1.100
 Y10            0.000         0.000         0.000         0.000         1.100


           ALPHA
              ETA0S         ETA1S         ETA2S
              ________      ________      ________
               80.000        -4.000         1.000


           BETA
              ETA0S         ETA1S         ETA2S
              ________      ________      ________
 ETA0S          0.000         0.000         0.000
 ETA1S          0.000         0.000         0.000
 ETA2S          0.000         0.000         0.000


           PSI
              ETA0S         ETA1S         ETA2S
              ________      ________      ________
 ETA0S         50.000
 ETA1S          4.000         0.600
 ETA2S         -1.200         0.200         0.400


     STARTING VALUES FOR LATENT CLASS 2


           NU
              Y1            Y2            Y3            Y4            Y5
              ________      ________      ________      ________      ________
                0.000         0.000         0.000         0.000         0.000


           NU
              Y6            Y7            Y8            Y9            Y10
              ________      ________      ________      ________      ________
                0.000         0.000         0.000         0.000         0.000


           LAMBDA
              ETA0S         ETA1S         ETA2S
              ________      ________      ________
 Y1             1.000         1.000         1.000
 Y2             1.000         1.000         1.000
 Y3             1.000         1.000         1.000
 Y4             1.000         1.000         1.000
 Y5             1.000         1.000         1.000
 Y6             1.000         1.000         1.000
 Y7             1.000         1.000         1.000
 Y8             1.000         1.000         1.000
 Y9             1.000         1.000         1.000
 Y10            1.000         1.000         1.000


           THETA
              Y1            Y2            Y3            Y4            Y5
              ________      ________      ________      ________      ________
 Y1             1.100
 Y2             0.000         1.100
 Y3             0.000         0.000         1.100
 Y4             0.000         0.000         0.000         1.100
 Y5             0.000         0.000         0.000         0.000         1.100
 Y6             0.000         0.000         0.000         0.000         0.000
 Y7             0.000         0.000         0.000         0.000         0.000
 Y8             0.000         0.000         0.000         0.000         0.000
 Y9             0.000         0.000         0.000         0.000         0.000
 Y10            0.000         0.000         0.000         0.000         0.000


           THETA
              Y6            Y7            Y8            Y9            Y10
              ________      ________      ________      ________      ________
 Y6             1.100
 Y7             0.000         1.100
 Y8             0.000         0.000         1.100
 Y9             0.000         0.000         0.000         1.100
 Y10            0.000         0.000         0.000         0.000         1.100


           ALPHA
              ETA0S         ETA1S         ETA2S
              ________      ________      ________
               75.000        -4.000         1.000


           BETA
              ETA0S         ETA1S         ETA2S
              ________      ________      ________
 ETA0S          0.000         0.000         0.000
 ETA1S          0.000         0.000         0.000
 ETA2S          0.000         0.000         0.000


           PSI
              ETA0S         ETA1S         ETA2S
              ________      ________      ________
 ETA0S         70.000
 ETA1S          5.000         0.600
 ETA2S         -2.000         0.000         0.400


     STARTING VALUES FOR LATENT CLASS REGRESSION MODEL PART


           ALPHA(C)
              C#1           C#2
              ________      ________
                0.000         0.000


     STARTING VALUES FOR THE ADDITIONAL PARAMETERS


           NEW/ADDITIONAL PARAMETERS
              C1MUETA0      C1MUETA1      C1MUETA2      C1MUG         C1PSI00
              ________      ________      ________      ________      ________
                0.500         0.500         0.500         3.500         0.500


           NEW/ADDITIONAL PARAMETERS
              C1PSI01       C1PSI02       C1PSI11       C1PSI12       C1PSI22
              ________      ________      ________      ________      ________
                0.500         0.500         0.500         0.500         0.500


           NEW/ADDITIONAL PARAMETERS
              C2MUETA0      C2MUETA1      C2MUETA2      C2MUG         C2PSI00
              ________      ________      ________      ________      ________
                0.500         0.500         0.500         5.500         0.500


           NEW/ADDITIONAL PARAMETERS
              C2PSI01       C2PSI02       C2PSI11       C2PSI12       C2PSI22
              ________      ________      ________      ________      ________
                0.500         0.500         0.500         0.500         0.500


TECHNICAL 8 OUTPUT


  INITIAL STAGE ITERATIONS


  TECHNICAL 8 OUTPUT FOR UNPERTURBED STARTING VALUE SET


   E STEP  ITER  LOGLIKELIHOOD    ABS CHANGE   REL CHANGE  ALGORITHM
              1 -0.10475195D+05    0.0000000    0.0000000  EM
              2 -0.10235116D+05  240.0789663    0.0229188  EM
              3 -0.10210423D+05   24.6927703    0.0024126  EM
              4 -0.10207005D+05    3.4174504    0.0003347  EM
              5 -0.10206133D+05    0.8719851    0.0000854  EM


  TECHNICAL 8 OUTPUT FOR STARTING VALUE SET 1


   E STEP  ITER  LOGLIKELIHOOD    ABS CHANGE   REL CHANGE  ALGORITHM
              1 -0.32882167D+05    0.0000000    0.0000000  EM
              2 -0.10520254D+05 ************    0.6800620  EM
              3 -0.10503239D+05   17.0144899    0.0016173  EM
              4 -0.10498117D+05    5.1217515    0.0004876  EM
              5 -0.10496296D+05    1.8218351    0.0001735  EM
              6 -0.10495629D+05    0.6666100    0.0000635  EM


  TECHNICAL 8 OUTPUT FOR STARTING VALUE SET 2


   E STEP  ITER  LOGLIKELIHOOD    ABS CHANGE   REL CHANGE  ALGORITHM
              1 -0.24231457D+05    0.0000000    0.0000000  EM
              2 -0.11809791D+05 ************    0.5126256  EM
              3 -0.11301460D+05  508.3309655    0.0430432  EM
              4 -0.10704025D+05  597.4353716    0.0528636  EM
              5 -0.10543184D+05  160.8406139    0.0150262  EM
              6 -0.10514416D+05   28.7685742    0.0027286  EM
              7 -0.10503177D+05   11.2392018    0.0010689  EM
              8 -0.10497354D+05    5.8228469    0.0005544  EM
              9 -0.10494040D+05    3.3133662    0.0003156  EM
             10 -0.10491956D+05    2.0842312    0.0001986  EM


  TECHNICAL 8 OUTPUT FOR STARTING VALUE SET 3


   E STEP  ITER  LOGLIKELIHOOD    ABS CHANGE   REL CHANGE  ALGORITHM
              1 -0.16657469D+05    0.0000000    0.0000000  EM
              2 -0.12405268D+05 4252.2014084    0.2552730  EM
              3 -0.10881753D+05 1523.5152765    0.1228120  EM
              4 -0.10603566D+05  278.1870538    0.0255645  EM
              5 -0.10528378D+05   75.1876354    0.0070908  EM
              6 -0.10508160D+05   20.2175954    0.0019203  EM
              7 -0.10500612D+05    7.5482962    0.0007183  EM
              8 -0.10496203D+05    4.4088759    0.0004199  EM
              9 -0.10493516D+05    2.6874490    0.0002560  EM
             10 -0.10491718D+05    1.7973980    0.0001713  EM


  TECHNICAL 8 OUTPUT FOR STARTING VALUE SET 4


   E STEP  ITER  LOGLIKELIHOOD    ABS CHANGE   REL CHANGE  ALGORITHM
              1 -0.68400340D+05    0.0000000    0.0000000  EM
              2 -0.10528497D+05 ************    0.8460754  EM
              3 -0.10507330D+05   21.1666385    0.0020104  EM
              4 -0.10498121D+05    9.2085011    0.0008764  EM
              5 -0.10496249D+05    1.8725958    0.0001784  EM
              6 -0.10495564D+05    0.6850801    0.0000653  EM


  TECHNICAL 8 OUTPUT FOR STARTING VALUE SET 5


   E STEP  ITER  LOGLIKELIHOOD    ABS CHANGE   REL CHANGE  ALGORITHM
              1 -0.20200389D+05    0.0000000    0.0000000  EM
              2 -0.10909351D+05 9291.0373719    0.4599435  EM
              3 -0.10497453D+05  411.8986182    0.0377565  EM
              4 -0.10496004D+05    1.4486447    0.0001380  EM
              5 -0.10495474D+05    0.5300767    0.0000505  EM


  TECHNICAL 8 OUTPUT FOR STARTING VALUE SET 6


   E STEP  ITER  LOGLIKELIHOOD    ABS CHANGE   REL CHANGE  ALGORITHM
              1 -0.19353171D+05    0.0000000    0.0000000  EM
              2 -0.10497640D+05 8855.5313828    0.4575752  EM
              3 -0.10495183D+05    2.4571586    0.0002341  EM
              4 -0.10493984D+05    1.1984072    0.0001142  EM
              5 -0.10492978D+05    1.0064126    0.0000959  EM
              6 -0.10492066D+05    0.9120209    0.0000869  EM


  TECHNICAL 8 OUTPUT FOR STARTING VALUE SET 7


   E STEP  ITER  LOGLIKELIHOOD    ABS CHANGE   REL CHANGE  ALGORITHM
              1 -0.29509731D+05    0.0000000    0.0000000  EM
              2 -0.10630902D+05 ************    0.6397493  EM
              3 -0.10512914D+05  117.9880172    0.0110986  EM
              4 -0.10500961D+05   11.9531154    0.0011370  EM
              5 -0.10495064D+05    5.8971478    0.0005616  EM
              6 -0.10493691D+05    1.3727243    0.0001308  EM
              7 -0.10493405D+05    0.2863483    0.0000273  EM


  TECHNICAL 8 OUTPUT FOR STARTING VALUE SET 8


   E STEP  ITER  LOGLIKELIHOOD    ABS CHANGE   REL CHANGE  ALGORITHM
              1 -0.19470464D+05    0.0000000    0.0000000  EM
              2 -0.12402240D+05 7068.2241435    0.3630229  EM
              3 -0.12395096D+05    7.1443176    0.0005761  EM
              4 -0.12394845D+05    0.2506448    0.0000202  EM


  TECHNICAL 8 OUTPUT FOR STARTING VALUE SET 9


   E STEP  ITER  LOGLIKELIHOOD    ABS CHANGE   REL CHANGE  ALGORITHM
              1 -0.24321487D+05    0.0000000    0.0000000  EM
              2 -0.10474105D+05 ************    0.5693477  EM
              3 -0.10361305D+05  112.7999396    0.0107694  EM
              4 -0.10232547D+05  128.7574129    0.0124268  EM
              5 -0.10209454D+05   23.0937938    0.0022569  EM
              6 -0.10206262D+05    3.1914735    0.0003126  EM
              7 -0.10205724D+05    0.5381509    0.0000527  EM


  TECHNICAL 8 OUTPUT FOR STARTING VALUE SET 10


   E STEP  ITER  LOGLIKELIHOOD    ABS CHANGE   REL CHANGE  ALGORITHM
              1 -0.24934812D+05    0.0000000    0.0000000  EM
              2 -0.12463498D+05 ************    0.5001567  EM
              3 -0.12419137D+05   44.3609859    0.0035593  EM
              4 -0.12407927D+05   11.2101006    0.0009026  EM
              5 -0.12403938D+05    3.9891127    0.0003215  EM
              6 -0.12402488D+05    1.4502746    0.0001169  EM
              7 -0.12401956D+05    0.5312402    0.0000428  EM


  TECHNICAL 8 OUTPUT FOR STARTING VALUE SET 11


   E STEP  ITER  LOGLIKELIHOOD    ABS CHANGE   REL CHANGE  ALGORITHM
              1 -0.23530153D+05    0.0000000    0.0000000  EM
              2 -0.10454021D+05 ************    0.5557181  EM
              3 -0.10342337D+05  111.6841797    0.0106834  EM
              4 -0.10304336D+05   38.0008612    0.0036743  EM
              5 -0.10251899D+05   52.4371696    0.0050888  EM
              6 -0.10225457D+05   26.4414188    0.0025792  EM
              7 -0.10215556D+05    9.9013123    0.0009683  EM
              8 -0.10211649D+05    3.9067103    0.0003824  EM
              9 -0.10209742D+05    1.9066249    0.0001867  EM
             10 -0.10208636D+05    1.1060463    0.0001083  EM


  TECHNICAL 8 OUTPUT FOR STARTING VALUE SET 12


   E STEP  ITER  LOGLIKELIHOOD    ABS CHANGE   REL CHANGE  ALGORITHM
              1 -0.36907546D+05    0.0000000    0.0000000  EM
              2 -0.12311830D+05 ************    0.6664143  EM
              3 -0.10528441D+05 1783.3895469    0.1448517  EM
              4 -0.10500461D+05   27.9798072    0.0026575  EM
              5 -0.10494327D+05    6.1341259    0.0005842  EM
              6 -0.10491910D+05    2.4172329    0.0002303  EM
              7 -0.10490825D+05    1.0844482    0.0001034  EM
              8 -0.10489784D+05    1.0412948    0.0000993  EM
              9 -0.10489010D+05    0.7733532    0.0000737  EM


  TECHNICAL 8 OUTPUT FOR STARTING VALUE SET 13


   E STEP  ITER  LOGLIKELIHOOD    ABS CHANGE   REL CHANGE  ALGORITHM
              1 -0.17871165D+05    0.0000000    0.0000000  EM
              2 -0.10407792D+05 7463.3735335    0.4176210  EM
              3 -0.10333577D+05   74.2146778    0.0071307  EM
              4 -0.10261900D+05   71.6770060    0.0069363  EM
              5 -0.10218308D+05   43.5921301    0.0042480  EM
              6 -0.10208994D+05    9.3133296    0.0009114  EM
              7 -0.10207020D+05    1.9739657    0.0001934  EM
              8 -0.10206427D+05    0.5938931    0.0000582  EM


  TECHNICAL 8 OUTPUT FOR STARTING VALUE SET 14


   E STEP  ITER  LOGLIKELIHOOD    ABS CHANGE   REL CHANGE  ALGORITHM
              1 -0.24971006D+05    0.0000000    0.0000000  EM
              2 -0.10422126D+05 ************    0.5826309  EM
              3 -0.10331177D+05   90.9489302    0.0087265  EM
              4 -0.10276744D+05   54.4332541    0.0052688  EM
              5 -0.10246797D+05   29.9467807    0.0029140  EM
              6 -0.10231459D+05   15.3385334    0.0014969  EM
              7 -0.10223374D+05    8.0850139    0.0007902  EM
              8 -0.10218715D+05    4.6583059    0.0004557  EM
              9 -0.10215738D+05    2.9777149    0.0002914  EM
             10 -0.10213552D+05    2.1856633    0.0002140  EM


  TECHNICAL 8 OUTPUT FOR STARTING VALUE SET 15


   E STEP  ITER  LOGLIKELIHOOD    ABS CHANGE   REL CHANGE  ALGORITHM
              1 -0.24053513D+05    0.0000000    0.0000000  EM
              2 -0.10515510D+05 ************    0.5628285  EM
              3 -0.10319745D+05  195.7647930    0.0186168  EM
              4 -0.10239044D+05   80.7019358    0.0078201  EM
              5 -0.10219021D+05   20.0228886    0.0019555  EM
              6 -0.10213131D+05    5.8895662    0.0005763  EM
              7 -0.10210675D+05    2.4557315    0.0002404  EM
              8 -0.10209289D+05    1.3862007    0.0001358  EM
              9 -0.10208373D+05    0.9160085    0.0000897  EM


  TECHNICAL 8 OUTPUT FOR STARTING VALUE SET 16


   E STEP  ITER  LOGLIKELIHOOD    ABS CHANGE   REL CHANGE  ALGORITHM
              1 -0.32009360D+05    0.0000000    0.0000000  EM
              2 -0.10348791D+05 ************    0.6766948  EM
              3 -0.10267401D+05   81.3905414    0.0078647  EM
              4 -0.10232779D+05   34.6216425    0.0033720  EM
              5 -0.10219692D+05   13.0869232    0.0012789  EM
              6 -0.10213924D+05    5.7683370    0.0005644  EM
              7 -0.10211054D+05    2.8701424    0.0002810  EM
              8 -0.10209453D+05    1.6004695    0.0001567  EM
              9 -0.10208466D+05    0.9871842    0.0000967  EM


  TECHNICAL 8 OUTPUT FOR STARTING VALUE SET 17


   E STEP  ITER  LOGLIKELIHOOD    ABS CHANGE   REL CHANGE  ALGORITHM
              1 -0.26215996D+05    0.0000000    0.0000000  EM
              2 -0.16664170D+05 9551.8268811    0.3643511  EM
              3 -0.13463587D+05 3200.5826634    0.1920637  EM
              4 -0.12428117D+05 1035.4696718    0.0769089  EM
              5 -0.12413858D+05   14.2586912    0.0011473  EM
              6 -0.12411323D+05    2.5350149    0.0002042  EM
              7 -0.12410634D+05    0.6895104    0.0000556  EM


  TECHNICAL 8 OUTPUT FOR STARTING VALUE SET 18


   E STEP  ITER  LOGLIKELIHOOD    ABS CHANGE   REL CHANGE  ALGORITHM
              1 -0.16896835D+05    0.0000000    0.0000000  EM
              2 -0.10879877D+05 6016.9577944    0.3560997  EM
              3 -0.10592406D+05  287.4707587    0.0264222  EM
              4 -0.10534734D+05   57.6728115    0.0054447  EM
              5 -0.10510688D+05   24.0459506    0.0022825  EM
              6 -0.10501293D+05    9.3951473    0.0008939  EM
              7 -0.10497916D+05    3.3765566    0.0003215  EM
              8 -0.10496252D+05    1.6635598    0.0001585  EM
              9 -0.10495053D+05    1.1998263    0.0001143  EM
             10 -0.10493974D+05    1.0784603    0.0001028  EM


  TECHNICAL 8 OUTPUT FOR STARTING VALUE SET 19


   E STEP  ITER  LOGLIKELIHOOD    ABS CHANGE   REL CHANGE  ALGORITHM
              1 -0.26479264D+05    0.0000000    0.0000000  EM
              2 -0.10502494D+05 ************    0.6033691  EM
              3 -0.10498958D+05    3.5354138    0.0003366  EM
              4 -0.10495351D+05    3.6070772    0.0003436  EM
              5 -0.10495351D+05    0.0001744    0.0000000  EM


  TECHNICAL 8 OUTPUT FOR STARTING VALUE SET 20


   E STEP  ITER  LOGLIKELIHOOD    ABS CHANGE   REL CHANGE  ALGORITHM
              1 -0.23467138D+05    0.0000000    0.0000000  EM
              2 -0.10495546D+05 ************    0.5527556  EM
              3 -0.10495423D+05    0.1234125    0.0000118  EM


  FINAL STAGE ITERATIONS


  TECHNICAL 8 OUTPUT FOR STARTING VALUE SET 9


              7 -0.10205724D+05    0.5381509    0.0000527  EM
              8 -0.10205609D+05    0.1153956    0.0000113  EM
              9 -0.10205567D+05    0.0411900    0.0000040  EM
             10 -0.10205544D+05    0.0238920    0.0000023  EM
             11 -0.10205527D+05    0.0170334    0.0000017  EM
             12 -0.10205514D+05    0.0128400    0.0000013  EM
             13 -0.10205504D+05    0.0098104    0.0000010  EM
             14 -0.10205496D+05    0.0075205    0.0000007  EM
             15 -0.10205491D+05    0.0057549    0.0000006  EM
             16 -0.10205486D+05    0.0044380    0.0000004  EM
             17 -0.10205483D+05    0.0033921    0.0000003  EM
             18 -0.10205480D+05    0.0026150    0.0000003  EM
             19 -0.10205478D+05    0.0020059    0.0000002  EM
             20 -0.10205477D+05    0.0015398    0.0000002  EM
             21 -0.10205475D+05    0.0011822    0.0000001  EM
             22 -0.10205475D+05    0.0009072    0.0000001  EM
             23 -0.10205474D+05    0.0006963    0.0000001  EM
             24 -0.10205473D+05    0.0005253    0.0000001  EM
             25 -0.10205473D+05    0.0004127    0.0000000  EM
             26 -0.10205473D+05    0.0003080    0.0000000  EM
             27 -0.10205472D+05    0.0002469    0.0000000  EM
             28 -0.10205472D+05    0.0001818    0.0000000  EM
             29 -0.10205472D+05    0.0001463    0.0000000  EM
             30 -0.10205472D+05    0.0001074    0.0000000  EM
             31 -0.10205472D+05    0.0000812    0.0000000  EM
             32 -0.10205472D+05    0.0000617    0.0000000  EM
             33 -0.10205472D+05    0.0000557    0.0000000  EM
             34 -0.10205472D+05    0.0000373    0.0000000  EM
             35 -0.10205472D+05    0.0000281    0.0000000  EM
             36 -0.10205472D+05    0.0000214    0.0000000  EM
             37 -0.10205472D+05    0.0000162    0.0000000  EM
             38 -0.10205472D+05    0.0000124    0.0000000  EM
             39 -0.10205472D+05    0.0000167    0.0000000  EM
             40 -0.10205472D+05    0.0000080    0.0000000  EM
             41 -0.10205472D+05    0.0000060    0.0000000  EM
             42 -0.10205472D+05    0.0000045    0.0000000  EM
             43 -0.10205472D+05    0.0000035    0.0000000  EM
             44 -0.10205472D+05    0.0000025    0.0000000  EM
             45 -0.10205472D+05    0.0000020    0.0000000  EM
             46 -0.10205472D+05    0.0000014    0.0000000  EM
             47 -0.10205472D+05    0.0000012    0.0000000  EM
             48 -0.10205472D+05    0.0000009    0.0000000  EM
             49 -0.10205472D+05    0.0000006    0.0000000  EM
             50 -0.10205472D+05    0.0000004    0.0000000  EM
             51 -0.10205472D+05    0.0000005    0.0000000  EM
             52 -0.10205472D+05    0.0000003    0.0000000  EM
             53 -0.10205472D+05    0.0000002    0.0000000  EM
             54 -0.10205472D+05    0.0000003    0.0000000  EM
             55 -0.10205472D+05    0.0000002    0.0000000  EM
             56 -0.10205472D+05    0.0000001    0.0000000  EM
             57 -0.10205472D+05    0.0000001    0.0000000  EM
             58 -0.10205472D+05    0.0000000    0.0000000  EM
             59 -0.10205472D+05    0.0000002    0.0000000  EM
             60 -0.10205472D+05    0.0000001    0.0000000  EM
             61 -0.10205472D+05    0.0000000    0.0000000  EM
             62 -0.10205472D+05    0.0000000    0.0000000  EM
             63 -0.10205472D+05    0.0000000    0.0000000  EM
             64 -0.10205472D+05    0.0000000    0.0000000  EM
             65 -0.10205472D+05    0.0000000    0.0000000  EM
             66 -0.10205472D+05    0.0000000    0.0000000  EM
             67 -0.10205472D+05    0.0000000    0.0000000  EM
             68 -0.10205472D+05    0.0000000    0.0000000  EM
             69 -0.10205472D+05    0.0000000    0.0000000  EM
             70 -0.10205472D+05    0.0000000    0.0000000  EM
             71 -0.10205472D+05    0.0000000    0.0000000  EM


  TECHNICAL 8 OUTPUT FOR UNPERTURBED STARTING VALUE SET


              5 -0.10206133D+05    0.8719851    0.0000854  EM
              6 -0.10205775D+05    0.3579698    0.0000351  EM
              7 -0.10205613D+05    0.1627913    0.0000160  EM
              8 -0.10205537D+05    0.0753232    0.0000074  EM
              9 -0.10205502D+05    0.0349494    0.0000034  EM
             10 -0.10205486D+05    0.0162512    0.0000016  EM
             11 -0.10205479D+05    0.0075881    0.0000007  EM
             12 -0.10205475D+05    0.0035701    0.0000003  EM
             13 -0.10205473D+05    0.0016987    0.0000002  EM
             14 -0.10205472D+05    0.0008243    0.0000001  EM
             15 -0.10205472D+05    0.0003994    0.0000000  EM
             16 -0.10205472D+05    0.0002198    0.0000000  EM
             17 -0.10205472D+05    0.0001169    0.0000000  EM
             18 -0.10205472D+05    0.0000612    0.0000000  EM
             19 -0.10205472D+05    0.0000372    0.0000000  EM
             20 -0.10205472D+05    0.0000314    0.0000000  EM
             21 -0.10205472D+05    0.0000175    0.0000000  EM
             22 -0.10205472D+05    0.0000124    0.0000000  EM
             23 -0.10205472D+05    0.0000091    0.0000000  EM
             24 -0.10205472D+05    0.0000068    0.0000000  EM
             25 -0.10205472D+05    0.0000051    0.0000000  EM
             26 -0.10205472D+05    0.0000038    0.0000000  EM
             27 -0.10205472D+05    0.0000028    0.0000000  EM
             28 -0.10205472D+05    0.0000022    0.0000000  EM
             29 -0.10205472D+05    0.0000015    0.0000000  EM
             30 -0.10205472D+05    0.0000013    0.0000000  EM
             31 -0.10205472D+05    0.0000009    0.0000000  EM
             32 -0.10205472D+05    0.0000008    0.0000000  EM
             33 -0.10205472D+05    0.0000005    0.0000000  EM
             34 -0.10205472D+05    0.0000004    0.0000000  EM
             35 -0.10205472D+05    0.0000003    0.0000000  EM
             36 -0.10205472D+05    0.0000003    0.0000000  EM
             37 -0.10205472D+05    0.0000001    0.0000000  EM
             38 -0.10205472D+05    0.0000002    0.0000000  EM
             39 -0.10205472D+05    0.0000001    0.0000000  EM
             40 -0.10205472D+05    0.0000001    0.0000000  EM
             41 -0.10205472D+05    0.0000000    0.0000000  EM
             42 -0.10205472D+05    0.0000001    0.0000000  EM
             43 -0.10205472D+05    0.0000000    0.0000000  EM
             44 -0.10205472D+05    0.0000000    0.0000000  EM
             45 -0.10205472D+05    0.0000000    0.0000000  EM
             46 -0.10205472D+05    0.0000000    0.0000000  EM
             47 -0.10205472D+05    0.0000000    0.0000000  EM
             48 -0.10205472D+05    0.0000000    0.0000000  EM
             49 -0.10205472D+05    0.0000000    0.0000000  EM
             50 -0.10205472D+05    0.0000000    0.0000000  EM
             51 -0.10205472D+05    0.0000000    0.0000000  EM
             52 -0.10205472D+05    0.0000001    0.0000000  EM
             53 -0.10205472D+05    0.0000000    0.0000000  EM
             54 -0.10205472D+05    0.0000000    0.0000000  EM
             55 -0.10205472D+05    0.0000000    0.0000000  EM
             56 -0.10205472D+05    0.0000000    0.0000000  EM


  TECHNICAL 8 OUTPUT FOR STARTING VALUE SET 13


              8 -0.10206427D+05    0.5938931    0.0000582  EM
              9 -0.10206150D+05    0.2761540    0.0000271  EM
             10 -0.10205979D+05    0.1711748    0.0000168  EM
             11 -0.10205858D+05    0.1209181    0.0000118  EM
             12 -0.10205768D+05    0.0900743    0.0000088  EM
             13 -0.10205700D+05    0.0685485    0.0000067  EM
             14 -0.10205647D+05    0.0526183    0.0000052  EM
             15 -0.10205607D+05    0.0405008    0.0000040  EM
             16 -0.10205575D+05    0.0311918    0.0000031  EM
             17 -0.10205551D+05    0.0240333    0.0000024  EM
             18 -0.10205533D+05    0.0184795    0.0000018  EM
             19 -0.10205519D+05    0.0142310    0.0000014  EM
             20 -0.10205508D+05    0.0109246    0.0000011  EM
             21 -0.10205499D+05    0.0084113    0.0000008  EM
             22 -0.10205493D+05    0.0064467    0.0000006  EM
             23 -0.10205488D+05    0.0049610    0.0000005  EM
             24 -0.10205484D+05    0.0038103    0.0000004  EM
             25 -0.10205481D+05    0.0029240    0.0000003  EM
             26 -0.10205479D+05    0.0022446    0.0000002  EM
             27 -0.10205477D+05    0.0017225    0.0000002  EM
             28 -0.10205476D+05    0.0013221    0.0000001  EM
             29 -0.10205475D+05    0.0010148    0.0000001  EM
             30 -0.10205474D+05    0.0007671    0.0000001  EM
             31 -0.10205473D+05    0.0006005    0.0000001  EM
             32 -0.10205473D+05    0.0004618    0.0000000  EM
             33 -0.10205473D+05    0.0003466    0.0000000  EM
             34 -0.10205472D+05    0.0002726    0.0000000  EM
             35 -0.10205472D+05    0.0002032    0.0000000  EM
             36 -0.10205472D+05    0.0001637    0.0000000  EM
             37 -0.10205472D+05    0.0001201    0.0000000  EM
             38 -0.10205472D+05    0.0000909    0.0000000  EM
             39 -0.10205472D+05    0.0000767    0.0000000  EM
             40 -0.10205472D+05    0.0000543    0.0000000  EM
             41 -0.10205472D+05    0.0000412    0.0000000  EM
             42 -0.10205472D+05    0.0000310    0.0000000  EM
             43 -0.10205472D+05    0.0000237    0.0000000  EM
             44 -0.10205472D+05    0.0000253    0.0000000  EM
             45 -0.10205472D+05    0.0000148    0.0000000  EM
             46 -0.10205472D+05    0.0000112    0.0000000  EM
             47 -0.10205472D+05    0.0000084    0.0000000  EM
             48 -0.10205472D+05    0.0000064    0.0000000  EM
             49 -0.10205472D+05    0.0000049    0.0000000  EM
             50 -0.10205472D+05    0.0000038    0.0000000  EM
             51 -0.10205472D+05    0.0000029    0.0000000  EM
             52 -0.10205472D+05    0.0000024    0.0000000  EM
             53 -0.10205472D+05    0.0000016    0.0000000  EM
             54 -0.10205472D+05    0.0000014    0.0000000  EM
             55 -0.10205472D+05    0.0000009    0.0000000  EM
             56 -0.10205472D+05    0.0000006    0.0000000  EM
             57 -0.10205472D+05    0.0000006    0.0000000  EM
             58 -0.10205472D+05    0.0000004    0.0000000  EM
             59 -0.10205472D+05    0.0000002    0.0000000  EM
             60 -0.10205472D+05    0.0000004    0.0000000  EM
             61 -0.10205472D+05    0.0000002    0.0000000  EM
             62 -0.10205472D+05    0.0000001    0.0000000  EM
             63 -0.10205472D+05    0.0000001    0.0000000  EM
             64 -0.10205472D+05    0.0000001    0.0000000  EM
             65 -0.10205472D+05    0.0000054    0.0000000  EM
             66 -0.10205472D+05    0.0000004    0.0000000  EM
             67 -0.10205472D+05    0.0000002    0.0000000  EM
             68 -0.10205472D+05    0.0000001    0.0000000  EM
             69 -0.10205472D+05    0.0000000    0.0000000  EM
             70 -0.10205472D+05    0.0000000    0.0000000  EM
             71 -0.10205472D+05    0.0000000    0.0000000  EM
             72 -0.10205472D+05    0.0000000    0.0000000  EM
             73 -0.10205472D+05    0.0000000    0.0000000  EM
             74 -0.10205472D+05    0.0000000    0.0000000  EM
             75 -0.10205472D+05    0.0000001    0.0000000  EM
             76 -0.10205472D+05    0.0000000    0.0000000  EM
             77 -0.10205472D+05    0.0000000    0.0000000  EM
             78 -0.10205472D+05    0.0000000    0.0000000  EM
             79 -0.10205472D+05    0.0000000    0.0000000  EM
             80 -0.10205472D+05    0.0000000    0.0000000  EM
             81 -0.10205472D+05    0.0000000    0.0000000  EM
             82 -0.10205472D+05    0.0000000    0.0000000  EM
             83 -0.10205472D+05    0.0000000    0.0000000  EM


  TECHNICAL 8 OUTPUT FOR STARTING VALUE SET 15


              9 -0.10208373D+05    0.9160085    0.0000897  EM
             10 -0.10207713D+05    0.6597647    0.0000646  EM
             11 -0.10207218D+05    0.4950760    0.0000485  EM
             12 -0.10206839D+05    0.3793767    0.0000372  EM
             13 -0.10206545D+05    0.2943336    0.0000288  EM
             14 -0.10206314D+05    0.2302145    0.0000226  EM
             15 -0.10206133D+05    0.1810344    0.0000177  EM
             16 -0.10205991D+05    0.1427992    0.0000140  EM
             17 -0.10205878D+05    0.1127596    0.0000110  EM
             18 -0.10205789D+05    0.0889857    0.0000087  EM
             19 -0.10205719D+05    0.0700915    0.0000069  EM
             20 -0.10205664D+05    0.0550595    0.0000054  EM
             21 -0.10205621D+05    0.0431151    0.0000042  EM
             22 -0.10205587D+05    0.0336643    0.0000033  EM
             23 -0.10205561D+05    0.0262030    0.0000026  EM
             24 -0.10205540D+05    0.0203427    0.0000020  EM
             25 -0.10205525D+05    0.0157592    0.0000015  EM
             26 -0.10205512D+05    0.0121849    0.0000012  EM
             27 -0.10205503D+05    0.0094073    0.0000009  EM
             28 -0.10205496D+05    0.0072542    0.0000007  EM
             29 -0.10205490D+05    0.0055886    0.0000005  EM
             30 -0.10205486D+05    0.0043025    0.0000004  EM
             31 -0.10205482D+05    0.0033102    0.0000003  EM
             32 -0.10205480D+05    0.0025311    0.0000002  EM
             33 -0.10205478D+05    0.0019640    0.0000002  EM
             34 -0.10205476D+05    0.0015066    0.0000001  EM
             35 -0.10205475D+05    0.0011559    0.0000001  EM
             36 -0.10205474D+05    0.0008896    0.0000001  EM
             37 -0.10205474D+05    0.0006837    0.0000001  EM
             38 -0.10205473D+05    0.0005248    0.0000001  EM
             39 -0.10205473D+05    0.0003933    0.0000000  EM
             40 -0.10205473D+05    0.0003128    0.0000000  EM
             41 -0.10205472D+05    0.0002310    0.0000000  EM
             42 -0.10205472D+05    0.0001879    0.0000000  EM
             43 -0.10205472D+05    0.0001368    0.0000000  EM
             44 -0.10205472D+05    0.0001033    0.0000000  EM
             45 -0.10205472D+05    0.0000888    0.0000000  EM
             46 -0.10205472D+05    0.0000621    0.0000000  EM
             47 -0.10205472D+05    0.0000469    0.0000000  EM
             48 -0.10205472D+05    0.0000357    0.0000000  EM
             49 -0.10205472D+05    0.0000352    0.0000000  EM
             50 -0.10205472D+05    0.0000219    0.0000000  EM
             51 -0.10205472D+05    0.0000166    0.0000000  EM
             52 -0.10205472D+05    0.0000125    0.0000000  EM
             53 -0.10205472D+05    0.0000095    0.0000000  EM
             54 -0.10205472D+05    0.0000072    0.0000000  EM
             55 -0.10205472D+05    0.0000056    0.0000000  EM
             56 -0.10205472D+05    0.0000097    0.0000000  EM
             57 -0.10205472D+05    0.0000037    0.0000000  EM
             58 -0.10205472D+05    0.0000028    0.0000000  EM
             59 -0.10205472D+05    0.0000020    0.0000000  EM
             60 -0.10205472D+05    0.0000016    0.0000000  EM
             61 -0.10205472D+05    0.0000012    0.0000000  EM
             62 -0.10205472D+05    0.0000008    0.0000000  EM
             63 -0.10205472D+05    0.0000007    0.0000000  EM
             64 -0.10205472D+05    0.0000005    0.0000000  EM
             65 -0.10205472D+05    0.0000003    0.0000000  EM
             66 -0.10205472D+05    0.0000027    0.0000000  EM
             67 -0.10205472D+05    0.0000005    0.0000000  EM
             68 -0.10205472D+05    0.0000002    0.0000000  EM
             69 -0.10205472D+05    0.0000002    0.0000000  EM
             70 -0.10205472D+05    0.0000001    0.0000000  EM
             71 -0.10205472D+05    0.0000001    0.0000000  EM
             72 -0.10205472D+05    0.0000001    0.0000000  EM
             73 -0.10205472D+05    0.0000001    0.0000000  EM
             74 -0.10205472D+05    0.0000000    0.0000000  EM
             75 -0.10205472D+05    0.0000000    0.0000000  EM
             76 -0.10205472D+05    0.0000000    0.0000000  EM
             77 -0.10205472D+05    0.0000000    0.0000000  EM
             78 -0.10205472D+05    0.0000000    0.0000000  EM
             79 -0.10205472D+05    0.0000000    0.0000000  EM
             80 -0.10205472D+05    0.0000000    0.0000000  EM
             81 -0.10205472D+05    0.0000000    0.0000000  EM
             82 -0.10205472D+05    0.0000000    0.0000000  EM
             83 -0.10205472D+05    0.0000000    0.0000000  EM
             84 -0.10205472D+05    0.0000000    0.0000000  EM
             85 -0.10205472D+05    0.0000000    0.0000000  EM
             86 -0.10205472D+05    0.0000000    0.0000000  EM


DIAGRAM INFORMATION

  Mplus diagrams are currently not available for Mixture analysis.
  No diagram output was produced.


     Beginning Time:  15:43:03
        Ending Time:  16:19:40
       Elapsed Time:  00:36:37



MUTHEN & MUTHEN
3463 Stoner Ave.
Los Angeles, CA  90066

Tel: (310) 391-9971
Fax: (310) 391-8971
Web: www.StatModel.com
Support: Support@StatModel.com

Copyright (c) 1998-2019 Muthen & Muthen
