Mplus VERSION 8.4
MUTHEN & MUTHEN
10/27/2020   2:58 PM

INPUT INSTRUCTIONS

  TITLE:      Gating-Network MoE
  Data:       FILE = example_data.csv;
  VARIABLE:   NAMES = id Y1-Y10 T1-T10 gX1 gX2 class eX1 eX2;
              USEVAR = Y1-Y10 gX1 gX2;
              CONSTRAINT = T1-T10;
              CLASSES = c(2);
  ANALYSIS:   TYPE = MIXTURE;
              ALGORITHM = EM;

  MODEL:
              %OVERALL%
              eta0s BY Y1-Y10@1;
              ! factor loadings for eta0s are set equal to 1
              eta1s BY Y1* (L11)
                       Y2* (L12)
                       Y3* (L13)
                       Y4* (L14)
                       Y5* (L15)
                       Y6* (L16)
                       Y7* (L17)
                       Y8* (L18)
                       Y9* (L19)
                       Y10* (L110);
              eta2s BY Y1* (L21)
                       Y2* (L22)
                       Y3* (L23)
                       Y4* (L24)
                       Y5* (L25)
                       Y6* (L26)
                       Y7* (L27)
                       Y8* (L28)
                       Y9* (L29)
                       Y10* (L210);

              c on gX1 gX2;

              %c#1%
              ! Factor loadings for eta1s and eta2s are not fixed values,
              ! because they contain an estimate parameter, the fixed knot

              ! Factor loadings for eta1s and eta2s are not fixed values,
              ! because they contain an estimate parameter, the fixed knot

              eta0s BY Y1-Y10@1;
              ! factor loadings for eta0s are set equal to 1
              eta1s BY Y1* (c1L11)
                       Y2* (c1L12)
                       Y3* (c1L13)
                       Y4* (c1L14)
                       Y5* (c1L15)
                       Y6* (c1L16)
                       Y7* (c1L17)
                       Y8* (c1L18)
                       Y9* (c1L19)
                       Y10* (c1L110);
              eta2s BY Y1* (c1L21)
                       Y2* (c1L22)
                       Y3* (c1L23)
                       Y4* (c1L24)
                       Y5* (c1L25)
                       Y6* (c1L26)
                       Y7* (c1L27)
                       Y8* (c1L28)
                       Y9* (c1L29)
                       Y10* (c1L210);


              ! Population values of parameters:
              !! Original settings:
              !! mueta0: 100, mueta1: -5, mueta2: -2.6, mug: 3.5
              !! psi00: 25, psi01: 1.5, psi02: 1.5
              !!            psi11: 1.0, psi12: 0.3
              !!                        psi22: 1.0

              !! Reparameterized settings:
              !! mueta0s: 82.5, mueta1s: -3.8, mueta2s: 1.2, mug: 3.5
              !! psi0s0s: 47.75, psi0s1s: 3.775, psi0s2s: -1.225
              !!                 psi1s1s: 0.650, psi1s2s: 0.00
              !!                                 psi2s2s: 0.35

              !! theta: 1.0

              eta0s*50.0 (c1psi0s0s);
              eta1s*0.6  (c1psi1s1s);
              eta2s*0.4  (c1psi2s2s);

              eta0s WITH eta1s*4.0 (c1psi0s1s);
              eta0s WITH eta2s*-1.2 (c1psi0s2s);
              eta1s WITH eta2s*0.2 (c1psi1s2s);

              [eta0s*80]  (c1mueta0s);
              [eta1s*-4]  (c1mueta1s);
              [eta2s*1]   (c1mueta2s);

              Y1-Y10*1.1 (c1theta);
              [Y1-Y10@0];

              %c#2%
              eta0s BY Y1-Y10@1;
              ! factor loadings for eta0s are set equal to 1
              eta1s BY Y1* (c2L11)
                       Y2* (c2L12)
                       Y3* (c2L13)
                       Y4* (c2L14)
                       Y5* (c2L15)
                       Y6* (c2L16)
                       Y7* (c2L17)
                       Y8* (c2L18)
                       Y9* (c2L19)
                       Y10* (c2L110);
              eta2s BY Y1* (c2L21)
                       Y2* (c2L22)
                       Y3* (c2L23)
                       Y4* (c2L24)
                       Y5* (c2L25)
                       Y6* (c2L26)
                       Y7* (c2L27)
                       Y8* (c2L28)
                       Y9* (c2L29)
                       Y10* (c2L210);

              ! Factor loadings for eta1s and eta2s are not fixed values,
              ! because they contain an estimate parameter, the fixed knot

              ! Population values of parameters:
              !! Original settings:
              !! mueta0: 100, mueta1: -5, mueta2: -3.4, mug: 5.0
              !! psi00: 25, psi01: 1.5, psi02: 1.5
              !!            psi11: 1.0, psi12: 0.3
              !!                        psi22: 1.0

              !! Reparameterized settings:
              !! mueta0s: 72.5, mueta1s: -4.2, mueta2s: 0.8, mug: 5.5
              !! psi0s0s: 71.750, psi0s1s: 5.075, psi0s2s: -1.925
              !!                  psi1s1s: 0.650, psi1s2s: 0.000
              !!                                  psi2s2s: 0.350

              !! theta: 1.0
              eta0s*70.0 (c2psi0s0s);
              eta1s*0.6  (c2psi1s1s);
              eta2s*0.4  (c2psi2s2s);

              eta0s WITH eta1s*5.0 (c2psi0s1s);
              eta0s WITH eta2s*-2.0 (c2psi0s2s);
              eta1s WITH eta2s*0 (c2psi1s2s);

              [eta0s*75]  (c2mueta0s);
              [eta1s*-4]  (c2mueta1s);
              [eta2s*1]   (c2mueta2s);

              Y1-Y10*1.1 (c2theta);
              [Y1-Y10@0];

  MODEL CONSTRAINT:
              ! In the model constraint, we have 3 parts:
              ! Part I: Specify extra parameters other than those related to transformed LVs
              new(c1mueta0 c1mueta1 c1mueta2 c1mug*3.5
                  c1psi00 c1psi01 c1psi02
                          c1psi11 c1psi12
                                  c1psi22
                  c2mueta0 c2mueta1 c2mueta2 c2mug*5.5
                  c2psi00 c2psi01 c2psi02
                          c2psi11 c2psi12
                                  c2psi22);

              ! Part II: Specify a series of equations to anti-transform the LVs
              c1mueta0 = c1mueta0s + c1mug * (c1mueta2s - c1mueta1s);
              c1mueta1 = c1mueta1s - c1mueta2s;
              c1mueta2 = c1mueta1s + c1mueta2s;
              c1psi00 = (c1psi1s1s + c1psi2s2s - 2 * c1psi1s2s) * c1mug^2 +
                       2 * (c1psi0s2s - c1psi0s1s) * c1mug + c1psi0s0s;
              c1psi01 = (2 * c1psi1s2s - c1psi1s1s - c1psi2s2s) * c1mug +
                      (c1psi0s1s - c1psi0s2s);
              c1psi02 = (c1psi2s2s - c1psi1s1s) * c1mug +
                      (c1psi0s1s + c1psi0s2s);
              c1psi11 = c1psi1s1s + c1psi2s2s - 2 * c1psi1s2s;
              c1psi12 = c1psi1s1s - c1psi2s2s;
              c1psi22 = c1psi1s1s + c1psi2s2s + 2 * c1psi1s2s;

              c2mueta0 = c2mueta0s + c2mug * (c2mueta2s - c2mueta1s);
              c2mueta1 = c2mueta1s - c2mueta2s;
              c2mueta2 = c2mueta1s + c2mueta2s;
              c2psi00 = (c2psi1s1s + c2psi2s2s - 2 * c2psi1s2s) * c2mug^2 +
                       2 * (c2psi0s2s - c2psi0s1s) * c2mug + c2psi0s0s;
              c2psi01 = (2 * c2psi1s2s - c2psi1s1s - c2psi2s2s) * c2mug +
                        (c2psi0s1s - c2psi0s2s);
              c2psi02 = (c2psi2s2s - c2psi1s1s) * c2mug +
                        (c2psi0s1s + c2psi0s2s);
              c2psi11 = c2psi1s1s + c2psi2s2s - 2 * c2psi1s2s;
              c2psi12 = c2psi1s1s - c2psi2s2s;
              c2psi22 = c2psi1s1s + c2psi2s2s + 2 * c2psi1s2s;

              ! Part III: Define factor loadings for the 2nd and 3rd LVs with
              ! definition variables
              c1L11 = T1 - c1mug;
              c1L12 = T2 - c1mug;
              c1L13 = T3 - c1mug;
              c1L14 = T4 - c1mug;
              c1L15 = T5 - c1mug;
              c1L16 = T6 - c1mug;
              c1L17 = T7 - c1mug;
              c1L18 = T8 - c1mug;
              c1L19 = T9 - c1mug;
              c1L110 = T10 - c1mug;

              c1L21 = sqrt((T1 - c1mug)^2);
              c1L22 = sqrt((T2 - c1mug)^2);
              c1L23 = sqrt((T3 - c1mug)^2);
              c1L24 = sqrt((T4 - c1mug)^2);
              c1L25 = sqrt((T5 - c1mug)^2);
              c1L26 = sqrt((T6 - c1mug)^2);
              c1L27 = sqrt((T7 - c1mug)^2);
              c1L28 = sqrt((T8 - c1mug)^2);
              c1L29 = sqrt((T9 - c1mug)^2);
              c1L210 = sqrt((T10 - c1mug)^2);

              c2L11 = T1 - c2mug;
              c2L12 = T2 - c2mug;
              c2L13 = T3 - c2mug;
              c2L14 = T4 - c2mug;
              c2L15 = T5 - c2mug;
              c2L16 = T6 - c2mug;
              c2L17 = T7 - c2mug;
              c2L18 = T8 - c2mug;
              c2L19 = T9 - c2mug;
              c2L110 = T10 - c2mug;

              c2L21 = sqrt((T1 - c2mug)^2);
              c2L22 = sqrt((T2 - c2mug)^2);
              c2L23 = sqrt((T3 - c2mug)^2);
              c2L24 = sqrt((T4 - c2mug)^2);
              c2L25 = sqrt((T5 - c2mug)^2);
              c2L26 = sqrt((T6 - c2mug)^2);
              c2L27 = sqrt((T7 - c2mug)^2);
              c2L28 = sqrt((T8 - c2mug)^2);
              c2L29 = sqrt((T9 - c2mug)^2);
              c2L210 = sqrt((T10 - c2mug)^2);
   OUTPUT:    SAMPSTAT TECH1 TECH8;



INPUT READING TERMINATED NORMALLY



Gating-Network MoE

SUMMARY OF ANALYSIS

Number of groups                                                 1
Number of observations                                         500

Number of dependent variables                                   10
Number of independent variables                                  2
Number of continuous latent variables                            3
Number of categorical latent variables                           1

Observed dependent variables

  Continuous
   Y1          Y2          Y3          Y4          Y5          Y6
   Y7          Y8          Y9          Y10

Observed independent variables
   GX1         GX2

Continuous latent variables
   ETA0S       ETA1S       ETA2S

Categorical latent variables
   C


Estimator                                                      MLR
Information matrix                                        OBSERVED
Optimization Specifications for the Quasi-Newton Algorithm for
Continuous Outcomes
  Maximum number of iterations                                 100
  Convergence criterion                                  0.100D-05
Optimization Specifications for the EM Algorithm
  Maximum number of iterations                                 500
  Convergence criteria
    Loglikelihood change                                 0.100D-06
    Relative loglikelihood change                        0.100D-06
    Derivative                                           0.100D-05
Optimization Specifications for the M step of the EM Algorithm for
Categorical Latent variables
  Number of M step iterations                                    1
  M step convergence criterion                           0.100D-05
  Basis for M step termination                           ITERATION
Optimization Specifications for the M step of the EM Algorithm for
Censored, Binary or Ordered Categorical (Ordinal), Unordered
Categorical (Nominal) and Count Outcomes
  Number of M step iterations                                    1
  M step convergence criterion                           0.100D-05
  Basis for M step termination                           ITERATION
  Maximum value for logit thresholds                            15
  Minimum value for logit thresholds                           -15
  Minimum expected cell size for chi-square              0.100D-01
Optimization algorithm                                          EM
Random Starts Specifications
  Number of initial stage random starts                         20
  Number of final stage optimizations                            4
  Number of initial stage iterations                            10
  Initial stage convergence criterion                    0.100D+01
  Random starts scale                                    0.500D+01
  Random seed for generating random starts                       0

Input data file(s)
  example_data.csv
Input data format  FREE


SAMPLE STATISTICS


     SAMPLE STATISTICS


           Means
              Y1            Y2            Y3            Y4            Y5
              ________      ________      ________      ________      ________
               99.861        94.930        89.962        85.096        80.761


           Means
              Y6            Y7            Y8            Y9            Y10
              ________      ________      ________      ________      ________
               77.038        73.721        70.724        67.793        64.838


           Means
              GX1           GX2
              ________      ________
                0.028         0.009


           Covariances
              Y1            Y2            Y3            Y4            Y5
              ________      ________      ________      ________      ________
 Y1            24.646
 Y2            25.323        29.415
 Y3            26.276        29.995        34.659
 Y4            27.401        31.961        36.172        41.731
 Y5            29.113        34.459        39.588        44.499        51.298
 Y6            30.278        36.087        41.741        46.910        53.757
 Y7            31.337        37.565        43.842        49.283        57.225
 Y8            32.516        38.956        45.441        50.961        59.532
 Y9            34.157        40.844        47.761        53.742        63.014
 Y10           35.144        42.232        49.576        55.679        65.565
 GX1            0.131         0.265         0.350         0.438         0.497
 GX2           -0.124        -0.028         0.066         0.087         0.097


           Covariances
              Y6            Y7            Y8            Y9            Y10
              ________      ________      ________      ________      ________
 Y6            61.016
 Y7            64.922        72.955
 Y8            68.051        76.121        82.859
 Y9            72.690        82.227        88.929        98.875
 Y10           76.140        86.745        94.497       104.397       113.123
 GX1            0.087        -0.111        -0.220        -0.244        -0.338
 GX2           -0.399        -0.591        -0.807        -0.803        -0.996


           Covariances
              GX1           GX2
              ________      ________
 GX1            1.049
 GX2            0.350         0.983


           Correlations
              Y1            Y2            Y3            Y4            Y5
              ________      ________      ________      ________      ________
 Y1             1.000
 Y2             0.940         1.000
 Y3             0.899         0.939         1.000
 Y4             0.854         0.912         0.951         1.000
 Y5             0.819         0.887         0.939         0.962         1.000
 Y6             0.781         0.852         0.908         0.930         0.961
 Y7             0.739         0.811         0.872         0.893         0.935
 Y8             0.720         0.789         0.848         0.867         0.913
 Y9             0.692         0.757         0.816         0.837         0.885
 Y10            0.666         0.732         0.792         0.810         0.861
 GX1            0.026         0.048         0.058         0.066         0.068
 GX2           -0.025        -0.005         0.011         0.014         0.014


           Correlations
              Y6            Y7            Y8            Y9            Y10
              ________      ________      ________      ________      ________
 Y6             1.000
 Y7             0.973         1.000
 Y8             0.957         0.979         1.000
 Y9             0.936         0.968         0.983         1.000
 Y10            0.916         0.955         0.976         0.987         1.000
 GX1            0.011        -0.013        -0.024        -0.024        -0.031
 GX2           -0.052        -0.070        -0.089        -0.081        -0.094


           Correlations
              GX1           GX2
              ________      ________
 GX1            1.000
 GX2            0.345         1.000


UNIVARIATE SAMPLE STATISTICS


     UNIVARIATE HIGHER-ORDER MOMENT DESCRIPTIVE STATISTICS

         Variable/         Mean/     Skewness/   Minimum/ % with                Percentiles
        Sample Size      Variance    Kurtosis    Maximum  Min/Max      20%/60%    40%/80%    Median

     Y1                   99.861      -0.083      85.252    0.20%      95.474     98.883     99.927
             500.000      24.646       0.003     113.835    0.20%     101.393    103.972
     Y2                   94.930      -0.030      78.082    0.20%      90.736     93.678     95.028
             500.000      29.415       0.142     110.448    0.20%      96.218     99.305
     Y3                   89.962      -0.020      71.259    0.20%      84.810     88.576     90.149
             500.000      34.659       0.252     108.354    0.20%      91.559     94.724
     Y4                   85.096      -0.051      62.715    0.20%      79.555     83.841     85.292
             500.000      41.731       0.222     107.448    0.20%      86.777     90.346
     Y5                   80.761      -0.062      56.914    0.20%      74.856     79.249     80.625
             500.000      51.298       0.196     103.394    0.20%      82.359     86.924
     Y6                   77.038      -0.057      53.740    0.20%      70.403     75.047     76.845
             500.000      61.016       0.132     103.571    0.20%      79.115     83.593
     Y7                   73.721      -0.088      48.389    0.20%      66.670     71.387     73.410
             500.000      72.955       0.019      99.948    0.20%      75.782     81.046
     Y8                   70.724      -0.145      44.095    0.20%      62.874     68.429     70.933
             500.000      82.859      -0.031      96.895    0.20%      73.342     78.566
     Y9                   67.793      -0.096      38.838    0.20%      59.282     65.778     67.952
             500.000      98.875      -0.071      94.656    0.20%      70.594     75.868
     Y10                  64.838      -0.100      35.742    0.20%      55.358     62.641     65.030
             500.000     113.123      -0.201      93.634    0.20%      68.105     73.794
     GX1                   0.028       0.081      -2.543    0.20%      -0.839     -0.245     -0.012
             500.000       1.049      -0.148       3.295    0.20%       0.284      0.879
     GX2                   0.009      -0.184      -3.053    0.20%      -0.828     -0.233      0.028
             500.000       0.983      -0.241       2.607    0.20%       0.275      0.851
     T1                    0.000       0.000       0.000  100.00%       0.000      0.000      0.000
             500.000       0.000       0.000       0.000  100.00%       0.000      0.000
     T2                    0.996       0.050       0.753    0.20%       0.847      0.936      0.983
             500.000       0.022      -1.268       1.248    0.20%       1.048      1.154
     T3                    1.997       0.149       1.751    0.20%       1.860      1.937      1.982
             500.000       0.020      -1.175       2.248    0.20%       2.035      2.154
     T4                    2.992       0.128       2.753    0.20%       2.855      2.949      2.986
             500.000       0.019      -1.050       3.249    0.20%       3.026      3.128
     T5                    3.996       0.031       3.753    0.20%       3.843      3.946      3.997
             500.000       0.021      -1.188       4.250    0.20%       4.050      4.144
     T6                    5.011      -0.098       4.751    0.20%       4.870      4.965      5.014
             500.000       0.020      -1.145       5.250    0.20%       5.064      5.157
     T7                    6.002      -0.013       5.752    0.20%       5.850      5.949      6.003
             500.000       0.021      -1.199       6.250    0.20%       6.050      6.153
     T8                    7.016      -0.166       6.751    0.20%       6.866      6.971      7.028
             500.000       0.020      -1.179       7.250    0.20%       7.078      7.160
     T9                    7.992       0.051       7.750    0.20%       7.832      7.937      7.996
             500.000       0.022      -1.229       8.249    0.20%       8.042      8.148
     T10                   9.000       0.000       9.000  100.00%       9.000      9.000      9.000
             500.000       0.000       0.000       9.000  100.00%       9.000      9.000

RANDOM STARTS RESULTS RANKED FROM THE BEST TO THE WORST LOGLIKELIHOOD VALUES

Final stage loglikelihood values at local maxima, seeds, and initial stage start numbers:

          -10180.929  76974            16
          -10180.929  127215           9
          -10180.929  unperturbed      0
          -10180.929  399671           13



THE BEST LOGLIKELIHOOD VALUE HAS BEEN REPLICATED.  RERUN WITH AT LEAST TWICE THE
RANDOM STARTS TO CHECK THAT THE BEST LOGLIKELIHOOD IS STILL OBTAINED AND REPLICATED.


THE MODEL ESTIMATION TERMINATED NORMALLY



MODEL FIT INFORMATION

Number of Free Parameters                       25

Loglikelihood

          H0 Value                      -10180.929
          H0 Scaling Correction Factor      1.0065
            for MLR

Information Criteria

          Akaike (AIC)                   20411.858
          Bayesian (BIC)                 20517.223
          Sample-Size Adjusted BIC       20437.871
            (n* = (n + 2) / 24)



FINAL CLASS COUNTS AND PROPORTIONS FOR THE LATENT CLASSES
BASED ON THE ESTIMATED MODEL

    Latent
   Classes

       1        264.45305          0.52891
       2        235.54695          0.47109


FINAL CLASS COUNTS AND PROPORTIONS FOR THE LATENT CLASSES
BASED ON ESTIMATED POSTERIOR PROBABILITIES

    Latent
   Classes

       1        264.45316          0.52891
       2        235.54684          0.47109


FINAL CLASS COUNTS AND PROPORTIONS FOR THE LATENT CLASSES
BASED ON THEIR MOST LIKELY LATENT CLASS MEMBERSHIP

Class Counts and Proportions

    Latent
   Classes

       1              252          0.50400
       2              248          0.49600


CLASSIFICATION QUALITY

     Entropy                         0.647


Classification Probabilities for the Most Likely Latent Class Membership (Column)
by Latent Class (Row)

           1        2

    1   0.876    0.124
    2   0.086    0.914


Logits for the Classification Probabilities for the Most Likely Latent Class Membership (Column)
by Latent Class (Row)

              1        2

    1      1.957    0.000
    2     -2.361    0.000


MODEL RESULTS

                                                    Two-Tailed
                    Estimate       S.E.  Est./S.E.    P-Value

Latent Class 1

 ETA0S    BY
    Y1                 1.000      0.000    999.000    999.000
    Y2                 1.000      0.000    999.000    999.000
    Y3                 1.000      0.000    999.000    999.000
    Y4                 1.000      0.000    999.000    999.000
    Y5                 1.000      0.000    999.000    999.000
    Y6                 1.000      0.000    999.000    999.000
    Y7                 1.000      0.000    999.000    999.000
    Y8                 1.000      0.000    999.000    999.000
    Y9                 1.000      0.000    999.000    999.000
    Y10                1.000      0.000    999.000    999.000

 ETA1S    BY
    Y1               999.000      0.000    999.000    999.000
    Y2               999.000      0.000    999.000    999.000
    Y3               999.000      0.000    999.000    999.000
    Y4               999.000      0.000    999.000    999.000
    Y5               999.000      0.000    999.000    999.000
    Y6               999.000      0.000    999.000    999.000
    Y7               999.000      0.000    999.000    999.000
    Y8               999.000      0.000    999.000    999.000
    Y9               999.000      0.000    999.000    999.000
    Y10              999.000      0.000    999.000    999.000

 ETA2S    BY
    Y1               999.000      0.000    999.000    999.000
    Y2               999.000      0.000    999.000    999.000
    Y3               999.000      0.000    999.000    999.000
    Y4               999.000      0.000    999.000    999.000
    Y5               999.000      0.000    999.000    999.000
    Y6               999.000      0.000    999.000    999.000
    Y7               999.000      0.000    999.000    999.000
    Y8               999.000      0.000    999.000    999.000
    Y9               999.000      0.000    999.000    999.000
    Y10              999.000      0.000    999.000    999.000

 ETA1S    WITH
    ETA0S              3.364      0.469      7.168      0.000

 ETA2S    WITH
    ETA0S             -1.323      0.354     -3.735      0.000
    ETA1S              0.019      0.043      0.439      0.660

 Means
    ETA0S             82.121      0.533    154.187      0.000
    ETA1S             -3.845      0.064    -60.415      0.000
    ETA2S              1.215      0.076     15.979      0.000

 Intercepts
    Y1                 0.000      0.000    999.000    999.000
    Y2                 0.000      0.000    999.000    999.000
    Y3                 0.000      0.000    999.000    999.000
    Y4                 0.000      0.000    999.000    999.000
    Y5                 0.000      0.000    999.000    999.000
    Y6                 0.000      0.000    999.000    999.000
    Y7                 0.000      0.000    999.000    999.000
    Y8                 0.000      0.000    999.000    999.000
    Y9                 0.000      0.000    999.000    999.000
    Y10                0.000      0.000    999.000    999.000

 Variances
    ETA0S             45.735      4.707      9.716      0.000
    ETA1S              0.667      0.065     10.233      0.000
    ETA2S              0.347      0.063      5.476      0.000

 Residual Variances
    Y1                 1.016      0.041     24.637      0.000
    Y2                 1.016      0.041     24.637      0.000
    Y3                 1.016      0.041     24.637      0.000
    Y4                 1.016      0.041     24.637      0.000
    Y5                 1.016      0.041     24.637      0.000
    Y6                 1.016      0.041     24.637      0.000
    Y7                 1.016      0.041     24.637      0.000
    Y8                 1.016      0.041     24.637      0.000
    Y9                 1.016      0.041     24.637      0.000
    Y10                1.016      0.041     24.637      0.000

Latent Class 2

 ETA0S    BY
    Y1                 1.000      0.000    999.000    999.000
    Y2                 1.000      0.000    999.000    999.000
    Y3                 1.000      0.000    999.000    999.000
    Y4                 1.000      0.000    999.000    999.000
    Y5                 1.000      0.000    999.000    999.000
    Y6                 1.000      0.000    999.000    999.000
    Y7                 1.000      0.000    999.000    999.000
    Y8                 1.000      0.000    999.000    999.000
    Y9                 1.000      0.000    999.000    999.000
    Y10                1.000      0.000    999.000    999.000

 ETA1S    BY
    Y1               999.000      0.000    999.000    999.000
    Y2               999.000      0.000    999.000    999.000
    Y3               999.000      0.000    999.000    999.000
    Y4               999.000      0.000    999.000    999.000
    Y5               999.000      0.000    999.000    999.000
    Y6               999.000      0.000    999.000    999.000
    Y7               999.000      0.000    999.000    999.000
    Y8               999.000      0.000    999.000    999.000
    Y9               999.000      0.000    999.000    999.000
    Y10              999.000      0.000    999.000    999.000

 ETA2S    BY
    Y1               999.000      0.000    999.000    999.000
    Y2               999.000      0.000    999.000    999.000
    Y3               999.000      0.000    999.000    999.000
    Y4               999.000      0.000    999.000    999.000
    Y5               999.000      0.000    999.000    999.000
    Y6               999.000      0.000    999.000    999.000
    Y7               999.000      0.000    999.000    999.000
    Y8               999.000      0.000    999.000    999.000
    Y9               999.000      0.000    999.000    999.000
    Y10              999.000      0.000    999.000    999.000

 ETA1S    WITH
    ETA0S              5.345      0.620      8.625      0.000

 ETA2S    WITH
    ETA0S             -1.876      0.445     -4.218      0.000
    ETA1S              0.029      0.037      0.781      0.435

 Means
    ETA0S             73.092      0.707    103.328      0.000
    ETA1S             -4.068      0.068    -59.906      0.000
    ETA2S              0.728      0.057     12.681      0.000

 Intercepts
    Y1                 0.000      0.000    999.000    999.000
    Y2                 0.000      0.000    999.000    999.000
    Y3                 0.000      0.000    999.000    999.000
    Y4                 0.000      0.000    999.000    999.000
    Y5                 0.000      0.000    999.000    999.000
    Y6                 0.000      0.000    999.000    999.000
    Y7                 0.000      0.000    999.000    999.000
    Y8                 0.000      0.000    999.000    999.000
    Y9                 0.000      0.000    999.000    999.000
    Y10                0.000      0.000    999.000    999.000

 Variances
    ETA0S             70.675      7.906      8.939      0.000
    ETA1S              0.719      0.072     10.032      0.000
    ETA2S              0.390      0.042      9.337      0.000

 Residual Variances
    Y1                 1.018      0.046     22.207      0.000
    Y2                 1.018      0.046     22.207      0.000
    Y3                 1.018      0.046     22.207      0.000
    Y4                 1.018      0.046     22.207      0.000
    Y5                 1.018      0.046     22.207      0.000
    Y6                 1.018      0.046     22.207      0.000
    Y7                 1.018      0.046     22.207      0.000
    Y8                 1.018      0.046     22.207      0.000
    Y9                 1.018      0.046     22.207      0.000
    Y10                1.018      0.046     22.207      0.000

Categorical Latent Variables

 C#1        ON
    GX1               -0.442      0.125     -3.534      0.000
    GX2               -0.608      0.148     -4.115      0.000

 Intercepts
    C#1                0.157      0.189      0.832      0.405

New/Additional Parameters
    C1MUETA0          99.921      0.349    286.047      0.000
    C1MUETA1          -5.059      0.086    -58.670      0.000
    C1MUETA2          -2.630      0.111    -23.791      0.000
    C1MUG              3.518      0.033    105.319      0.000
    C1PSI00           24.835      2.426     10.239      0.000
    C1PSI01            1.254      0.368      3.410      0.001
    C1PSI02            0.915      0.364      2.515      0.012
    C1PSI11            0.976      0.118      8.250      0.000
    C1PSI12            0.320      0.091      3.527      0.000
    C1PSI22            1.051      0.132      7.991      0.000
    C2MUETA0          99.773      0.359    277.784      0.000
    C2MUETA1          -4.796      0.088    -54.355      0.000
    C2MUETA2          -3.340      0.090    -37.267      0.000
    C2MUG              5.563      0.044    125.463      0.000
    C2PSI00           22.860      2.505      9.128      0.000
    C2PSI01            1.375      0.406      3.387      0.001
    C2PSI02            1.637      0.392      4.175      0.000
    C2PSI11            1.051      0.107      9.783      0.000
    C2PSI12            0.329      0.085      3.851      0.000
    C2PSI22            1.167      0.111     10.493      0.000


LOGISTIC REGRESSION ODDS RATIO RESULTS

                                         (Est. - 1) Two-Tailed
                    Estimate       S.E.     / S.E.    P-Value

Categorical Latent Variables

 C#1      ON
    GX1                0.643      0.080     -4.443      0.000
    GX2                0.544      0.080     -5.663      0.000


ALTERNATIVE PARAMETERIZATIONS FOR THE CATEGORICAL LATENT VARIABLE REGRESSION

                                                    Two-Tailed
                    Estimate       S.E.  Est./S.E.    P-Value

Parameterization using Reference Class 1

 C#2      ON
    GX1                0.442      0.125      3.534      0.000
    GX2                0.608      0.148      4.115      0.000

 Intercepts
    C#2               -0.157      0.189     -0.832      0.405


ODDS RATIO FOR THE ALTERNATIVE PARAMETERIZATIONS FOR THE CATEGORICAL LATENT VARIABLE REGRESSION

                                         (Est. - 1) Two-Tailed
                    Estimate       S.E.     / S.E.    P-Value

Parameterization using Reference Class 1

 C#2      ON
    GX1                1.555      0.194      2.857      0.004
    GX2                1.837      0.271      3.083      0.002


QUALITY OF NUMERICAL RESULTS

     Condition Number for the Information Matrix              0.468E-04
       (ratio of smallest to largest eigenvalue)


TECHNICAL 1 OUTPUT


     PARAMETER SPECIFICATION FOR LATENT CLASS 1


           NU
              Y1            Y2            Y3            Y4            Y5
              ________      ________      ________      ________      ________
                    0             0             0             0             0


           NU
              Y6            Y7            Y8            Y9            Y10
              ________      ________      ________      ________      ________
                    0             0             0             0             0


           NU
              GX1           GX2
              ________      ________
                    0             0


           LAMBDA
              ETA0S         ETA1S         ETA2S         GX1           GX2
              ________      ________      ________      ________      ________
 Y1                 0             1             2             0             0
 Y2                 0             3             4             0             0
 Y3                 0             5             6             0             0
 Y4                 0             7             8             0             0
 Y5                 0             9            10             0             0
 Y6                 0            11            12             0             0
 Y7                 0            13            14             0             0
 Y8                 0            15            16             0             0
 Y9                 0            17            18             0             0
 Y10                0            19            20             0             0
 GX1                0             0             0             0             0
 GX2                0             0             0             0             0


           THETA
              Y1            Y2            Y3            Y4            Y5
              ________      ________      ________      ________      ________
 Y1                21
 Y2                 0            21
 Y3                 0             0            21
 Y4                 0             0             0            21
 Y5                 0             0             0             0            21
 Y6                 0             0             0             0             0
 Y7                 0             0             0             0             0
 Y8                 0             0             0             0             0
 Y9                 0             0             0             0             0
 Y10                0             0             0             0             0
 GX1                0             0             0             0             0
 GX2                0             0             0             0             0


           THETA
              Y6            Y7            Y8            Y9            Y10
              ________      ________      ________      ________      ________
 Y6                21
 Y7                 0            21
 Y8                 0             0            21
 Y9                 0             0             0            21
 Y10                0             0             0             0            21
 GX1                0             0             0             0             0
 GX2                0             0             0             0             0


           THETA
              GX1           GX2
              ________      ________
 GX1                0
 GX2                0             0


           ALPHA
              ETA0S         ETA1S         ETA2S         GX1           GX2
              ________      ________      ________      ________      ________
                   22            23            24             0             0


           BETA
              ETA0S         ETA1S         ETA2S         GX1           GX2
              ________      ________      ________      ________      ________
 ETA0S              0             0             0             0             0
 ETA1S              0             0             0             0             0
 ETA2S              0             0             0             0             0
 GX1                0             0             0             0             0
 GX2                0             0             0             0             0


           PSI
              ETA0S         ETA1S         ETA2S         GX1           GX2
              ________      ________      ________      ________      ________
 ETA0S             25
 ETA1S             26            27
 ETA2S             28            29            30
 GX1                0             0             0             0
 GX2                0             0             0             0             0


     PARAMETER SPECIFICATION FOR LATENT CLASS 2


           NU
              Y1            Y2            Y3            Y4            Y5
              ________      ________      ________      ________      ________
                    0             0             0             0             0


           NU
              Y6            Y7            Y8            Y9            Y10
              ________      ________      ________      ________      ________
                    0             0             0             0             0


           NU
              GX1           GX2
              ________      ________
                    0             0


           LAMBDA
              ETA0S         ETA1S         ETA2S         GX1           GX2
              ________      ________      ________      ________      ________
 Y1                 0            31            32             0             0
 Y2                 0            33            34             0             0
 Y3                 0            35            36             0             0
 Y4                 0            37            38             0             0
 Y5                 0            39            40             0             0
 Y6                 0            41            42             0             0
 Y7                 0            43            44             0             0
 Y8                 0            45            46             0             0
 Y9                 0            47            48             0             0
 Y10                0            49            50             0             0
 GX1                0             0             0             0             0
 GX2                0             0             0             0             0


           THETA
              Y1            Y2            Y3            Y4            Y5
              ________      ________      ________      ________      ________
 Y1                51
 Y2                 0            51
 Y3                 0             0            51
 Y4                 0             0             0            51
 Y5                 0             0             0             0            51
 Y6                 0             0             0             0             0
 Y7                 0             0             0             0             0
 Y8                 0             0             0             0             0
 Y9                 0             0             0             0             0
 Y10                0             0             0             0             0
 GX1                0             0             0             0             0
 GX2                0             0             0             0             0


           THETA
              Y6            Y7            Y8            Y9            Y10
              ________      ________      ________      ________      ________
 Y6                51
 Y7                 0            51
 Y8                 0             0            51
 Y9                 0             0             0            51
 Y10                0             0             0             0            51
 GX1                0             0             0             0             0
 GX2                0             0             0             0             0


           THETA
              GX1           GX2
              ________      ________
 GX1                0
 GX2                0             0


           ALPHA
              ETA0S         ETA1S         ETA2S         GX1           GX2
              ________      ________      ________      ________      ________
                   52            53            54             0             0


           BETA
              ETA0S         ETA1S         ETA2S         GX1           GX2
              ________      ________      ________      ________      ________
 ETA0S              0             0             0             0             0
 ETA1S              0             0             0             0             0
 ETA2S              0             0             0             0             0
 GX1                0             0             0             0             0
 GX2                0             0             0             0             0


           PSI
              ETA0S         ETA1S         ETA2S         GX1           GX2
              ________      ________      ________      ________      ________
 ETA0S             55
 ETA1S             56            57
 ETA2S             58            59            60
 GX1                0             0             0             0
 GX2                0             0             0             0             0


     PARAMETER SPECIFICATION FOR LATENT CLASS REGRESSION MODEL PART


           ALPHA(C)
              C#1           C#2
              ________      ________
                   61             0


           GAMMA(C)
              GX1           GX2
              ________      ________
 C#1               62            63
 C#2                0             0


     PARAMETER SPECIFICATION FOR THE ADDITIONAL PARAMETERS


           NEW/ADDITIONAL PARAMETERS
              C1MUETA0      C1MUETA1      C1MUETA2      C1MUG         C1PSI00
              ________      ________      ________      ________      ________
                   64            65            66            67            68


           NEW/ADDITIONAL PARAMETERS
              C1PSI01       C1PSI02       C1PSI11       C1PSI12       C1PSI22
              ________      ________      ________      ________      ________
                   69            70            71            72            73


           NEW/ADDITIONAL PARAMETERS
              C2MUETA0      C2MUETA1      C2MUETA2      C2MUG         C2PSI00
              ________      ________      ________      ________      ________
                   74            75            76            77            78


           NEW/ADDITIONAL PARAMETERS
              C2PSI01       C2PSI02       C2PSI11       C2PSI12       C2PSI22
              ________      ________      ________      ________      ________
                   79            80            81            82            83


     STARTING VALUES FOR LATENT CLASS 1


           NU
              Y1            Y2            Y3            Y4            Y5
              ________      ________      ________      ________      ________
                0.000         0.000         0.000         0.000         0.000


           NU
              Y6            Y7            Y8            Y9            Y10
              ________      ________      ________      ________      ________
                0.000         0.000         0.000         0.000         0.000


           NU
              GX1           GX2
              ________      ________
                0.000         0.000


           LAMBDA
              ETA0S         ETA1S         ETA2S         GX1           GX2
              ________      ________      ________      ________      ________
 Y1             1.000         1.000         1.000         0.000         0.000
 Y2             1.000         1.000         1.000         0.000         0.000
 Y3             1.000         1.000         1.000         0.000         0.000
 Y4             1.000         1.000         1.000         0.000         0.000
 Y5             1.000         1.000         1.000         0.000         0.000
 Y6             1.000         1.000         1.000         0.000         0.000
 Y7             1.000         1.000         1.000         0.000         0.000
 Y8             1.000         1.000         1.000         0.000         0.000
 Y9             1.000         1.000         1.000         0.000         0.000
 Y10            1.000         1.000         1.000         0.000         0.000
 GX1            0.000         0.000         0.000         1.000         0.000
 GX2            0.000         0.000         0.000         0.000         1.000


           THETA
              Y1            Y2            Y3            Y4            Y5
              ________      ________      ________      ________      ________
 Y1             1.100
 Y2             0.000         1.100
 Y3             0.000         0.000         1.100
 Y4             0.000         0.000         0.000         1.100
 Y5             0.000         0.000         0.000         0.000         1.100
 Y6             0.000         0.000         0.000         0.000         0.000
 Y7             0.000         0.000         0.000         0.000         0.000
 Y8             0.000         0.000         0.000         0.000         0.000
 Y9             0.000         0.000         0.000         0.000         0.000
 Y10            0.000         0.000         0.000         0.000         0.000
 GX1            0.000         0.000         0.000         0.000         0.000
 GX2            0.000         0.000         0.000         0.000         0.000


           THETA
              Y6            Y7            Y8            Y9            Y10
              ________      ________      ________      ________      ________
 Y6             1.100
 Y7             0.000         1.100
 Y8             0.000         0.000         1.100
 Y9             0.000         0.000         0.000         1.100
 Y10            0.000         0.000         0.000         0.000         1.100
 GX1            0.000         0.000         0.000         0.000         0.000
 GX2            0.000         0.000         0.000         0.000         0.000


           THETA
              GX1           GX2
              ________      ________
 GX1            0.000
 GX2            0.000         0.000


           ALPHA
              ETA0S         ETA1S         ETA2S         GX1           GX2
              ________      ________      ________      ________      ________
               80.000        -4.000         1.000         0.000         0.000


           BETA
              ETA0S         ETA1S         ETA2S         GX1           GX2
              ________      ________      ________      ________      ________
 ETA0S          0.000         0.000         0.000         0.000         0.000
 ETA1S          0.000         0.000         0.000         0.000         0.000
 ETA2S          0.000         0.000         0.000         0.000         0.000
 GX1            0.000         0.000         0.000         0.000         0.000
 GX2            0.000         0.000         0.000         0.000         0.000


           PSI
              ETA0S         ETA1S         ETA2S         GX1           GX2
              ________      ________      ________      ________      ________
 ETA0S         50.000
 ETA1S          4.000         0.600
 ETA2S         -1.200         0.200         0.400
 GX1            0.000         0.000         0.000         0.524
 GX2            0.000         0.000         0.000         0.000         0.492


     STARTING VALUES FOR LATENT CLASS 2


           NU
              Y1            Y2            Y3            Y4            Y5
              ________      ________      ________      ________      ________
                0.000         0.000         0.000         0.000         0.000


           NU
              Y6            Y7            Y8            Y9            Y10
              ________      ________      ________      ________      ________
                0.000         0.000         0.000         0.000         0.000


           NU
              GX1           GX2
              ________      ________
                0.000         0.000


           LAMBDA
              ETA0S         ETA1S         ETA2S         GX1           GX2
              ________      ________      ________      ________      ________
 Y1             1.000         1.000         1.000         0.000         0.000
 Y2             1.000         1.000         1.000         0.000         0.000
 Y3             1.000         1.000         1.000         0.000         0.000
 Y4             1.000         1.000         1.000         0.000         0.000
 Y5             1.000         1.000         1.000         0.000         0.000
 Y6             1.000         1.000         1.000         0.000         0.000
 Y7             1.000         1.000         1.000         0.000         0.000
 Y8             1.000         1.000         1.000         0.000         0.000
 Y9             1.000         1.000         1.000         0.000         0.000
 Y10            1.000         1.000         1.000         0.000         0.000
 GX1            0.000         0.000         0.000         1.000         0.000
 GX2            0.000         0.000         0.000         0.000         1.000


           THETA
              Y1            Y2            Y3            Y4            Y5
              ________      ________      ________      ________      ________
 Y1             1.100
 Y2             0.000         1.100
 Y3             0.000         0.000         1.100
 Y4             0.000         0.000         0.000         1.100
 Y5             0.000         0.000         0.000         0.000         1.100
 Y6             0.000         0.000         0.000         0.000         0.000
 Y7             0.000         0.000         0.000         0.000         0.000
 Y8             0.000         0.000         0.000         0.000         0.000
 Y9             0.000         0.000         0.000         0.000         0.000
 Y10            0.000         0.000         0.000         0.000         0.000
 GX1            0.000         0.000         0.000         0.000         0.000
 GX2            0.000         0.000         0.000         0.000         0.000


           THETA
              Y6            Y7            Y8            Y9            Y10
              ________      ________      ________      ________      ________
 Y6             1.100
 Y7             0.000         1.100
 Y8             0.000         0.000         1.100
 Y9             0.000         0.000         0.000         1.100
 Y10            0.000         0.000         0.000         0.000         1.100
 GX1            0.000         0.000         0.000         0.000         0.000
 GX2            0.000         0.000         0.000         0.000         0.000


           THETA
              GX1           GX2
              ________      ________
 GX1            0.000
 GX2            0.000         0.000


           ALPHA
              ETA0S         ETA1S         ETA2S         GX1           GX2
              ________      ________      ________      ________      ________
               75.000        -4.000         1.000         0.000         0.000


           BETA
              ETA0S         ETA1S         ETA2S         GX1           GX2
              ________      ________      ________      ________      ________
 ETA0S          0.000         0.000         0.000         0.000         0.000
 ETA1S          0.000         0.000         0.000         0.000         0.000
 ETA2S          0.000         0.000         0.000         0.000         0.000
 GX1            0.000         0.000         0.000         0.000         0.000
 GX2            0.000         0.000         0.000         0.000         0.000


           PSI
              ETA0S         ETA1S         ETA2S         GX1           GX2
              ________      ________      ________      ________      ________
 ETA0S         70.000
 ETA1S          5.000         0.600
 ETA2S         -2.000         0.000         0.400
 GX1            0.000         0.000         0.000         0.524
 GX2            0.000         0.000         0.000         0.000         0.492


     STARTING VALUES FOR LATENT CLASS REGRESSION MODEL PART


           ALPHA(C)
              C#1           C#2
              ________      ________
                0.000         0.000


           GAMMA(C)
              GX1           GX2
              ________      ________
 C#1            0.000         0.000
 C#2            0.000         0.000


     STARTING VALUES FOR THE ADDITIONAL PARAMETERS


           NEW/ADDITIONAL PARAMETERS
              C1MUETA0      C1MUETA1      C1MUETA2      C1MUG         C1PSI00
              ________      ________      ________      ________      ________
                0.500         0.500         0.500         3.500         0.500


           NEW/ADDITIONAL PARAMETERS
              C1PSI01       C1PSI02       C1PSI11       C1PSI12       C1PSI22
              ________      ________      ________      ________      ________
                0.500         0.500         0.500         0.500         0.500


           NEW/ADDITIONAL PARAMETERS
              C2MUETA0      C2MUETA1      C2MUETA2      C2MUG         C2PSI00
              ________      ________      ________      ________      ________
                0.500         0.500         0.500         5.500         0.500


           NEW/ADDITIONAL PARAMETERS
              C2PSI01       C2PSI02       C2PSI11       C2PSI12       C2PSI22
              ________      ________      ________      ________      ________
                0.500         0.500         0.500         0.500         0.500


TECHNICAL 8 OUTPUT


  INITIAL STAGE ITERATIONS


  TECHNICAL 8 OUTPUT FOR UNPERTURBED STARTING VALUE SET


   E STEP  ITER  LOGLIKELIHOOD    ABS CHANGE   REL CHANGE  ALGORITHM
              1 -0.10475195D+05    0.0000000    0.0000000  EM
              2 -0.10219676D+05  255.5181514    0.0243927  EM
              3 -0.10188930D+05   30.7465816    0.0030086  EM
              4 -0.10183291D+05    5.6389466    0.0005534  EM
              5 -0.10181704D+05    1.5868264    0.0001558  EM
              6 -0.10181185D+05    0.5194917    0.0000510  EM


  TECHNICAL 8 OUTPUT FOR STARTING VALUE SET 1


   E STEP  ITER  LOGLIKELIHOOD    ABS CHANGE   REL CHANGE  ALGORITHM
              1 -0.32948167D+05    0.0000000    0.0000000  EM
              2 -0.10573216D+05 ************    0.6790955  EM
              3 -0.10509097D+05   64.1191135    0.0060643  EM
              4 -0.10500243D+05    8.8534776    0.0008425  EM
              5 -0.10497171D+05    3.0719547    0.0002926  EM
              6 -0.10496052D+05    1.1187671    0.0001066  EM
              7 -0.10495642D+05    0.4100653    0.0000391  EM


  TECHNICAL 8 OUTPUT FOR STARTING VALUE SET 2


   E STEP  ITER  LOGLIKELIHOOD    ABS CHANGE   REL CHANGE  ALGORITHM
              1 -0.24788278D+05    0.0000000    0.0000000  EM
              2 -0.11899244D+05 ************    0.5199649  EM
              3 -0.11417588D+05  481.6558723    0.0404779  EM
              4 -0.10974550D+05  443.0383778    0.0388031  EM
              5 -0.10750714D+05  223.8364195    0.0203960  EM
              6 -0.10597273D+05  153.4405219    0.0142726  EM
              7 -0.10525915D+05   71.3580725    0.0067336  EM
              8 -0.10504315D+05   21.5997946    0.0020521  EM
              9 -0.10495838D+05    8.4775431    0.0008071  EM
             10 -0.10491424D+05    4.4141339    0.0004206  EM


  TECHNICAL 8 OUTPUT FOR STARTING VALUE SET 3


   E STEP  ITER  LOGLIKELIHOOD    ABS CHANGE   REL CHANGE  ALGORITHM
              1 -0.17212247D+05    0.0000000    0.0000000  EM
              2 -0.12401825D+05 4810.4227026    0.2794767  EM
              3 -0.10875129D+05 1526.6957754    0.1231025  EM
              4 -0.10605196D+05  269.9326311    0.0248211  EM
              5 -0.10525355D+05   79.8409437    0.0075285  EM
              6 -0.10504559D+05   20.7962412    0.0019758  EM
              7 -0.10497031D+05    7.5281156    0.0007167  EM
              8 -0.10492550D+05    4.4810020    0.0004269  EM
              9 -0.10489890D+05    2.6595138    0.0002535  EM
             10 -0.10488128D+05    1.7621790    0.0001680  EM


  TECHNICAL 8 OUTPUT FOR STARTING VALUE SET 4


   E STEP  ITER  LOGLIKELIHOOD    ABS CHANGE   REL CHANGE  ALGORITHM
              1 -0.68643084D+05    0.0000000    0.0000000  EM
              2 -0.10504622D+05 ************    0.8469675  EM
              3 -0.10495545D+05    9.0775344    0.0008641  EM
              4 -0.10495544D+05    0.0006257    0.0000001  EM


  TECHNICAL 8 OUTPUT FOR STARTING VALUE SET 5


   E STEP  ITER  LOGLIKELIHOOD    ABS CHANGE   REL CHANGE  ALGORITHM
              1 -0.20605468D+05    0.0000000    0.0000000  EM
              2 -0.10913279D+05 9692.1892135    0.4703698  EM
              3 -0.10495412D+05  417.8672380    0.0382898  EM
              4 -0.10495242D+05    0.1697738    0.0000162  EM


  TECHNICAL 8 OUTPUT FOR STARTING VALUE SET 6


   E STEP  ITER  LOGLIKELIHOOD    ABS CHANGE   REL CHANGE  ALGORITHM
              1 -0.19755458D+05    0.0000000    0.0000000  EM
              2 -0.10494245D+05 9261.2131451    0.4687926  EM
              3 -0.10490284D+05    3.9609107    0.0003774  EM
              4 -0.10489078D+05    1.2055641    0.0001149  EM
              5 -0.10488169D+05    0.9092872    0.0000867  EM


  TECHNICAL 8 OUTPUT FOR STARTING VALUE SET 7


   E STEP  ITER  LOGLIKELIHOOD    ABS CHANGE   REL CHANGE  ALGORITHM
              1 -0.30172483D+05    0.0000000    0.0000000  EM
              2 -0.10499531D+05 ************    0.6520164  EM
              3 -0.10496328D+05    3.2027346    0.0003050  EM
              4 -0.10495603D+05    0.7248828    0.0000691  EM


  TECHNICAL 8 OUTPUT FOR STARTING VALUE SET 8


   E STEP  ITER  LOGLIKELIHOOD    ABS CHANGE   REL CHANGE  ALGORITHM
              1 -0.19581052D+05    0.0000000    0.0000000  EM
              2 -0.11390264D+05 8190.7875269    0.4183017  EM
              3 -0.10819655D+05  570.6093603    0.0500962  EM
              4 -0.10620760D+05  198.8954686    0.0183828  EM
              5 -0.10525307D+05   95.4525587    0.0089874  EM
              6 -0.10500771D+05   24.5355878    0.0023311  EM
              7 -0.10493048D+05    7.7237255    0.0007355  EM
              8 -0.10489924D+05    3.1239289    0.0002977  EM
              9 -0.10488025D+05    1.8990534    0.0001810  EM
             10 -0.10486770D+05    1.2546267    0.0001196  EM


  TECHNICAL 8 OUTPUT FOR STARTING VALUE SET 9


   E STEP  ITER  LOGLIKELIHOOD    ABS CHANGE   REL CHANGE  ALGORITHM
              1 -0.24283775D+05    0.0000000    0.0000000  EM
              2 -0.10481637D+05 ************    0.5683687  EM
              3 -0.10339718D+05  141.9193011    0.0135398  EM
              4 -0.10207233D+05  132.4848724    0.0128132  EM
              5 -0.10184160D+05   23.0728533    0.0022604  EM
              6 -0.10181473D+05    2.6875747    0.0002639  EM
              7 -0.10181087D+05    0.3856878    0.0000379  EM


  TECHNICAL 8 OUTPUT FOR STARTING VALUE SET 10


   E STEP  ITER  LOGLIKELIHOOD    ABS CHANGE   REL CHANGE  ALGORITHM
              1 -0.25553055D+05    0.0000000    0.0000000  EM
              2 -0.12401395D+05 ************    0.5146805  EM
              3 -0.12401311D+05    0.0836651    0.0000067  EM


  TECHNICAL 8 OUTPUT FOR STARTING VALUE SET 11


   E STEP  ITER  LOGLIKELIHOOD    ABS CHANGE   REL CHANGE  ALGORITHM
              1 -0.23802939D+05    0.0000000    0.0000000  EM
              2 -0.10556755D+05 ************    0.5564936  EM
              3 -0.10432526D+05  124.2296083    0.0117678  EM
              4 -0.10304257D+05  128.2691906    0.0122951  EM
              5 -0.10238082D+05   66.1741881    0.0064220  EM
              6 -0.10217807D+05   20.2753066    0.0019804  EM
              7 -0.10206093D+05   11.7140309    0.0011464  EM
              8 -0.10198474D+05    7.6189978    0.0007465  EM
              9 -0.10193338D+05    5.1360185    0.0005036  EM
             10 -0.10189837D+05    3.5011483    0.0003435  EM


  TECHNICAL 8 OUTPUT FOR STARTING VALUE SET 12


   E STEP  ITER  LOGLIKELIHOOD    ABS CHANGE   REL CHANGE  ALGORITHM
              1 -0.37420908D+05    0.0000000    0.0000000  EM
              2 -0.11081744D+05 ************    0.7038622  EM
              3 -0.10564198D+05  517.5461600    0.0467026  EM
              4 -0.10505641D+05   58.5564862    0.0055429  EM
              5 -0.10493844D+05   11.7968159    0.0011229  EM
              6 -0.10489855D+05    3.9892262    0.0003801  EM
              7 -0.10487391D+05    2.4640051    0.0002349  EM
              8 -0.10485999D+05    1.3924751    0.0001328  EM
              9 -0.10485274D+05    0.7247814    0.0000691  EM


  TECHNICAL 8 OUTPUT FOR STARTING VALUE SET 13


   E STEP  ITER  LOGLIKELIHOOD    ABS CHANGE   REL CHANGE  ALGORITHM
              1 -0.17973531D+05    0.0000000    0.0000000  EM
              2 -0.10465323D+05 7508.2080005    0.4177370  EM
              3 -0.10354271D+05  111.0521131    0.0106114  EM
              4 -0.10300459D+05   53.8113595    0.0051970  EM
              5 -0.10222950D+05   77.5095354    0.0075249  EM
              6 -0.10191072D+05   31.8780612    0.0031183  EM
              7 -0.10185018D+05    6.0533966    0.0005940  EM
              8 -0.10183406D+05    1.6117949    0.0001583  EM
              9 -0.10182620D+05    0.7861491    0.0000772  EM


  TECHNICAL 8 OUTPUT FOR STARTING VALUE SET 14


   E STEP  ITER  LOGLIKELIHOOD    ABS CHANGE   REL CHANGE  ALGORITHM
              1 -0.25629385D+05    0.0000000    0.0000000  EM
              2 -0.10452629D+05 ************    0.5921623  EM
              3 -0.10365204D+05   87.4255104    0.0083640  EM
              4 -0.10262944D+05  102.2594844    0.0098657  EM
              5 -0.10227127D+05   35.8178002    0.0034900  EM
              6 -0.10212419D+05   14.7079088    0.0014381  EM
              7 -0.10204241D+05    8.1781484    0.0008008  EM
              8 -0.10198888D+05    5.3529870    0.0005246  EM
              9 -0.10194910D+05    3.9778997    0.0003900  EM
             10 -0.10191701D+05    3.2088724    0.0003148  EM


  TECHNICAL 8 OUTPUT FOR STARTING VALUE SET 15


   E STEP  ITER  LOGLIKELIHOOD    ABS CHANGE   REL CHANGE  ALGORITHM
              1 -0.24187683D+05    0.0000000    0.0000000  EM
              2 -0.10367359D+05 ************    0.5713786  EM
              3 -0.10243476D+05  123.8825920    0.0119493  EM
              4 -0.10208241D+05   35.2357455    0.0034398  EM
              5 -0.10198236D+05   10.0045835    0.0009800  EM
              6 -0.10193527D+05    4.7085471    0.0004617  EM
              7 -0.10190420D+05    3.1070521    0.0003048  EM
              8 -0.10188034D+05    2.3860077    0.0002341  EM
              9 -0.10186049D+05    1.9855901    0.0001949  EM
             10 -0.10184424D+05    1.6247531    0.0001595  EM


  TECHNICAL 8 OUTPUT FOR STARTING VALUE SET 16


   E STEP  ITER  LOGLIKELIHOOD    ABS CHANGE   REL CHANGE  ALGORITHM
              1 -0.32781657D+05    0.0000000    0.0000000  EM
              2 -0.10380161D+05 ************    0.6833546  EM
              3 -0.10279336D+05  100.8252520    0.0097133  EM
              4 -0.10214469D+05   64.8665553    0.0063104  EM
              5 -0.10196086D+05   18.3827362    0.0017997  EM
              6 -0.10189463D+05    6.6237613    0.0006496  EM
              7 -0.10186218D+05    3.2447881    0.0003184  EM
              8 -0.10184387D+05    1.8304268    0.0001797  EM
              9 -0.10183276D+05    1.1118318    0.0001092  EM
             10 -0.10182564D+05    0.7111197    0.0000698  EM


  TECHNICAL 8 OUTPUT FOR STARTING VALUE SET 17


   E STEP  ITER  LOGLIKELIHOOD    ABS CHANGE   REL CHANGE  ALGORITHM
              1 -0.26471411D+05    0.0000000    0.0000000  EM
              2 -0.15381916D+05 ************    0.4189235  EM
              3 -0.12444870D+05 2937.0456440    0.1909415  EM
              4 -0.12341552D+05  103.3178341    0.0083020  EM
              5 -0.12316720D+05   24.8318048    0.0020120  EM
              6 -0.12295727D+05   20.9934964    0.0017045  EM
              7 -0.12293016D+05    2.7103983    0.0002204  EM
              8 -0.12267201D+05   25.8150346    0.0021000  EM
              9 -0.12256682D+05   10.5189205    0.0008575  EM
             10 -0.12255185D+05    1.4971349    0.0001221  EM


  TECHNICAL 8 OUTPUT FOR STARTING VALUE SET 18


   E STEP  ITER  LOGLIKELIHOOD    ABS CHANGE   REL CHANGE  ALGORITHM
              1 -0.16968310D+05    0.0000000    0.0000000  EM
              2 -0.10882212D+05 6086.0973722    0.3586743  EM
              3 -0.10593206D+05  289.0061870    0.0265577  EM
              4 -0.10537411D+05   55.7955031    0.0052671  EM
              5 -0.10514027D+05   23.3832210    0.0022191  EM
              6 -0.10502865D+05   11.1626678    0.0010617  EM
              7 -0.10498423D+05    4.4416845    0.0004229  EM
              8 -0.10495582D+05    2.8409938    0.0002706  EM
              9 -0.10493034D+05    2.5482347    0.0002428  EM
             10 -0.10489672D+05    3.3616081    0.0003204  EM


  TECHNICAL 8 OUTPUT FOR STARTING VALUE SET 19


   E STEP  ITER  LOGLIKELIHOOD    ABS CHANGE   REL CHANGE  ALGORITHM
              1 -0.27247317D+05    0.0000000    0.0000000  EM
              2 -0.10502202D+05 ************    0.6145602  EM
              3 -0.10495767D+05    6.4349275    0.0006127  EM
              4 -0.10495357D+05    0.4101237    0.0000391  EM


  TECHNICAL 8 OUTPUT FOR STARTING VALUE SET 20


   E STEP  ITER  LOGLIKELIHOOD    ABS CHANGE   REL CHANGE  ALGORITHM
              1 -0.24296051D+05    0.0000000    0.0000000  EM
              2 -0.10495363D+05 ************    0.5680219  EM
              3 -0.10495352D+05    0.0107422    0.0000010  EM


  FINAL STAGE ITERATIONS


  TECHNICAL 8 OUTPUT FOR STARTING VALUE SET 9


              7 -0.10181087D+05    0.3856878    0.0000379  EM
              8 -0.10181002D+05    0.0844122    0.0000083  EM
              9 -0.10180973D+05    0.0294869    0.0000029  EM
             10 -0.10180958D+05    0.0147856    0.0000015  EM
             11 -0.10180949D+05    0.0090084    0.0000009  EM
             12 -0.10180943D+05    0.0059890    0.0000006  EM
             13 -0.10180939D+05    0.0041411    0.0000004  EM
             14 -0.10180936D+05    0.0029207    0.0000003  EM
             15 -0.10180934D+05    0.0020813    0.0000002  EM
             16 -0.10180933D+05    0.0014824    0.0000001  EM
             17 -0.10180932D+05    0.0010606    0.0000001  EM
             18 -0.10180931D+05    0.0007600    0.0000001  EM
             19 -0.10180930D+05    0.0005452    0.0000001  EM
             20 -0.10180930D+05    0.0003914    0.0000000  EM
             21 -0.10180930D+05    0.0002812    0.0000000  EM
             22 -0.10180929D+05    0.0002021    0.0000000  EM
             23 -0.10180929D+05    0.0001454    0.0000000  EM
             24 -0.10180929D+05    0.0001047    0.0000000  EM
             25 -0.10180929D+05    0.0000754    0.0000000  EM
             26 -0.10180929D+05    0.0000541    0.0000000  EM
             27 -0.10180929D+05    0.0000441    0.0000000  EM
             28 -0.10180929D+05    0.0000287    0.0000000  EM
             29 -0.10180929D+05    0.0000207    0.0000000  EM
             30 -0.10180929D+05    0.0000149    0.0000000  EM
             31 -0.10180929D+05    0.0000107    0.0000000  EM
             32 -0.10180929D+05    0.0000076    0.0000000  EM
             33 -0.10180929D+05    0.0000056    0.0000000  EM
             34 -0.10180929D+05    0.0000040    0.0000000  EM
             35 -0.10180929D+05    0.0000029    0.0000000  EM
             36 -0.10180929D+05    0.0000020    0.0000000  EM
             37 -0.10180929D+05    0.0000015    0.0000000  EM
             38 -0.10180929D+05    0.0000010    0.0000000  EM
             39 -0.10180929D+05    0.0000007    0.0000000  EM
             40 -0.10180929D+05    0.0000006    0.0000000  EM
             41 -0.10180929D+05    0.0000004    0.0000000  EM
             42 -0.10180929D+05    0.0000003    0.0000000  EM
             43 -0.10180929D+05    0.0000003    0.0000000  EM
             44 -0.10180929D+05    0.0000001    0.0000000  EM
             45 -0.10180929D+05    0.0000001    0.0000000  EM
             46 -0.10180929D+05    0.0000001    0.0000000  EM
             47 -0.10180929D+05    0.0000000    0.0000000  EM
             48 -0.10180929D+05    0.0000000    0.0000000  EM
             49 -0.10180929D+05    0.0000000    0.0000000  EM
             50 -0.10180929D+05    0.0000001    0.0000000  EM
             51 -0.10180929D+05    0.0000000    0.0000000  EM
             52 -0.10180929D+05    0.0000000    0.0000000  EM
             53 -0.10180929D+05    0.0000000    0.0000000  EM
             54 -0.10180929D+05    0.0000000    0.0000000  EM
             55 -0.10180929D+05    0.0000000    0.0000000  EM
             56 -0.10180929D+05    0.0000000    0.0000000  EM
             57 -0.10180929D+05    0.0000000    0.0000000  EM
             58 -0.10180929D+05    0.0000000    0.0000000  EM
             59 -0.10180929D+05    0.0000000    0.0000000  EM


  TECHNICAL 8 OUTPUT FOR UNPERTURBED STARTING VALUE SET


              6 -0.10181185D+05    0.5194917    0.0000510  EM
              7 -0.10181018D+05    0.1664164    0.0000163  EM
              8 -0.10180965D+05    0.0532540    0.0000052  EM
              9 -0.10180947D+05    0.0182808    0.0000018  EM
             10 -0.10180939D+05    0.0073259    0.0000007  EM
             11 -0.10180936D+05    0.0036218    0.0000004  EM
             12 -0.10180934D+05    0.0021214    0.0000002  EM
             13 -0.10180932D+05    0.0013880    0.0000001  EM
             14 -0.10180931D+05    0.0009666    0.0000001  EM
             15 -0.10180931D+05    0.0006786    0.0000001  EM
             16 -0.10180930D+05    0.0004839    0.0000000  EM
             17 -0.10180930D+05    0.0003465    0.0000000  EM
             18 -0.10180929D+05    0.0002489    0.0000000  EM
             19 -0.10180929D+05    0.0001789    0.0000000  EM
             20 -0.10180929D+05    0.0001287    0.0000000  EM
             21 -0.10180929D+05    0.0000928    0.0000000  EM
             22 -0.10180929D+05    0.0000741    0.0000000  EM
             23 -0.10180929D+05    0.0000489    0.0000000  EM
             24 -0.10180929D+05    0.0000352    0.0000000  EM
             25 -0.10180929D+05    0.0000253    0.0000000  EM
             26 -0.10180929D+05    0.0000182    0.0000000  EM
             27 -0.10180929D+05    0.0000131    0.0000000  EM
             28 -0.10180929D+05    0.0000095    0.0000000  EM
             29 -0.10180929D+05    0.0000067    0.0000000  EM
             30 -0.10180929D+05    0.0000049    0.0000000  EM
             31 -0.10180929D+05    0.0000036    0.0000000  EM
             32 -0.10180929D+05    0.0000026    0.0000000  EM
             33 -0.10180929D+05    0.0000018    0.0000000  EM
             34 -0.10180929D+05    0.0000014    0.0000000  EM
             35 -0.10180929D+05    0.0000009    0.0000000  EM
             36 -0.10180929D+05    0.0000006    0.0000000  EM
             37 -0.10180929D+05    0.0000006    0.0000000  EM
             38 -0.10180929D+05    0.0000004    0.0000000  EM
             39 -0.10180929D+05    0.0000002    0.0000000  EM
             40 -0.10180929D+05    0.0000003    0.0000000  EM
             41 -0.10180929D+05    0.0000001    0.0000000  EM
             42 -0.10180929D+05    0.0000001    0.0000000  EM
             43 -0.10180929D+05    0.0000001    0.0000000  EM
             44 -0.10180929D+05    0.0000000    0.0000000  EM
             45 -0.10180929D+05    0.0000000    0.0000000  EM
             46 -0.10180929D+05    0.0000000    0.0000000  EM
             47 -0.10180929D+05    0.0000000    0.0000000  EM
             48 -0.10180929D+05    0.0000000    0.0000000  EM
             49 -0.10180929D+05    0.0000000    0.0000000  EM
             50 -0.10180929D+05    0.0000000    0.0000000  EM
             51 -0.10180929D+05    0.0000000    0.0000000  EM
             52 -0.10180929D+05    0.0000000    0.0000000  EM
             53 -0.10180929D+05    0.0000000    0.0000000  EM
             54 -0.10180929D+05    0.0000000    0.0000000  EM


  TECHNICAL 8 OUTPUT FOR STARTING VALUE SET 16


             10 -0.10182564D+05    0.7111197    0.0000698  EM
             11 -0.10182091D+05    0.4736152    0.0000465  EM
             12 -0.10181765D+05    0.3255719    0.0000320  EM
             13 -0.10181536D+05    0.2291773    0.0000225  EM
             14 -0.10181372D+05    0.1640830    0.0000161  EM
             15 -0.10181253D+05    0.1188383    0.0000117  EM
             16 -0.10181166D+05    0.0866903    0.0000085  EM
             17 -0.10181103D+05    0.0635097    0.0000062  EM
             18 -0.10181056D+05    0.0466152    0.0000046  EM
             19 -0.10181022D+05    0.0342345    0.0000034  EM
             20 -0.10180997D+05    0.0251282    0.0000025  EM
             21 -0.10180979D+05    0.0184276    0.0000018  EM
             22 -0.10180965D+05    0.0134931    0.0000013  EM
             23 -0.10180955D+05    0.0098683    0.0000010  EM
             24 -0.10180948D+05    0.0072042    0.0000007  EM
             25 -0.10180943D+05    0.0052436    0.0000005  EM
             26 -0.10180939D+05    0.0038320    0.0000004  EM
             27 -0.10180936D+05    0.0027788    0.0000003  EM
             28 -0.10180934D+05    0.0020156    0.0000002  EM
             29 -0.10180933D+05    0.0014756    0.0000001  EM
             30 -0.10180932D+05    0.0010630    0.0000001  EM
             31 -0.10180931D+05    0.0007692    0.0000001  EM
             32 -0.10180930D+05    0.0005653    0.0000001  EM
             33 -0.10180930D+05    0.0004050    0.0000000  EM
             34 -0.10180930D+05    0.0002925    0.0000000  EM
             35 -0.10180929D+05    0.0002113    0.0000000  EM
             36 -0.10180929D+05    0.0001526    0.0000000  EM
             37 -0.10180929D+05    0.0001102    0.0000000  EM
             38 -0.10180929D+05    0.0000794    0.0000000  EM
             39 -0.10180929D+05    0.0000574    0.0000000  EM
             40 -0.10180929D+05    0.0000415    0.0000000  EM
             41 -0.10180929D+05    0.0000300    0.0000000  EM
             42 -0.10180929D+05    0.0000217    0.0000000  EM
             43 -0.10180929D+05    0.0000224    0.0000000  EM
             44 -0.10180929D+05    0.0000116    0.0000000  EM
             45 -0.10180929D+05    0.0000083    0.0000000  EM
             46 -0.10180929D+05    0.0000060    0.0000000  EM
             47 -0.10180929D+05    0.0000043    0.0000000  EM
             48 -0.10180929D+05    0.0000030    0.0000000  EM
             49 -0.10180929D+05    0.0000023    0.0000000  EM
             50 -0.10180929D+05    0.0000016    0.0000000  EM
             51 -0.10180929D+05    0.0000012    0.0000000  EM
             52 -0.10180929D+05    0.0000008    0.0000000  EM
             53 -0.10180929D+05    0.0000005    0.0000000  EM
             54 -0.10180929D+05    0.0000005    0.0000000  EM
             55 -0.10180929D+05    0.0000003    0.0000000  EM
             56 -0.10180929D+05    0.0000002    0.0000000  EM
             57 -0.10180929D+05    0.0000001    0.0000000  EM
             58 -0.10180929D+05    0.0000001    0.0000000  EM
             59 -0.10180929D+05    0.0000002    0.0000000  EM
             60 -0.10180929D+05    0.0000001    0.0000000  EM
             61 -0.10180929D+05    0.0000001    0.0000000  EM
             62 -0.10180929D+05    0.0000000    0.0000000  EM
             63 -0.10180929D+05    0.0000000    0.0000000  EM
             64 -0.10180929D+05    0.0000000    0.0000000  EM
             65 -0.10180929D+05    0.0000000    0.0000000  EM
             66 -0.10180929D+05    0.0000000    0.0000000  EM
             67 -0.10180929D+05    0.0000000    0.0000000  EM
             68 -0.10180929D+05    0.0000000    0.0000000  EM
             69 -0.10180929D+05    0.0000000    0.0000000  EM
             70 -0.10180929D+05    0.0000000    0.0000000  EM
             71 -0.10180929D+05    0.0000000    0.0000000  EM


  TECHNICAL 8 OUTPUT FOR STARTING VALUE SET 13


              9 -0.10182620D+05    0.7861491    0.0000772  EM
             10 -0.10182125D+05    0.4948301    0.0000486  EM
             11 -0.10181789D+05    0.3362698    0.0000330  EM
             12 -0.10181553D+05    0.2360089    0.0000232  EM
             13 -0.10181384D+05    0.1687828    0.0000166  EM
             14 -0.10181262D+05    0.1221710    0.0000120  EM
             15 -0.10181173D+05    0.0890934    0.0000088  EM
             16 -0.10181108D+05    0.0652622    0.0000064  EM
             17 -0.10181060D+05    0.0478976    0.0000047  EM
             18 -0.10181025D+05    0.0351796    0.0000035  EM
             19 -0.10180999D+05    0.0258221    0.0000025  EM
             20 -0.10180980D+05    0.0189402    0.0000019  EM
             21 -0.10180966D+05    0.0138661    0.0000014  EM
             22 -0.10180956D+05    0.0101475    0.0000010  EM
             23 -0.10180949D+05    0.0074082    0.0000007  EM
             24 -0.10180943D+05    0.0053923    0.0000005  EM
             25 -0.10180939D+05    0.0039408    0.0000004  EM
             26 -0.10180936D+05    0.0028568    0.0000003  EM
             27 -0.10180934D+05    0.0020857    0.0000002  EM
             28 -0.10180933D+05    0.0015077    0.0000001  EM
             29 -0.10180932D+05    0.0010919    0.0000001  EM
             30 -0.10180931D+05    0.0008011    0.0000001  EM
             31 -0.10180930D+05    0.0005753    0.0000001  EM
             32 -0.10180930D+05    0.0004158    0.0000000  EM
             33 -0.10180930D+05    0.0003004    0.0000000  EM
             34 -0.10180929D+05    0.0002170    0.0000000  EM
             35 -0.10180929D+05    0.0001568    0.0000000  EM
             36 -0.10180929D+05    0.0001133    0.0000000  EM
             37 -0.10180929D+05    0.0000819    0.0000000  EM
             38 -0.10180929D+05    0.0000668    0.0000000  EM
             39 -0.10180929D+05    0.0000434    0.0000000  EM
             40 -0.10180929D+05    0.0000312    0.0000000  EM
             41 -0.10180929D+05    0.0000225    0.0000000  EM
             42 -0.10180929D+05    0.0000162    0.0000000  EM
             43 -0.10180929D+05    0.0000117    0.0000000  EM
             44 -0.10180929D+05    0.0000083    0.0000000  EM
             45 -0.10180929D+05    0.0000061    0.0000000  EM
             46 -0.10180929D+05    0.0000044    0.0000000  EM
             47 -0.10180929D+05    0.0000032    0.0000000  EM
             48 -0.10180929D+05    0.0000022    0.0000000  EM
             49 -0.10180929D+05    0.0000017    0.0000000  EM
             50 -0.10180929D+05    0.0000011    0.0000000  EM
             51 -0.10180929D+05    0.0000009    0.0000000  EM
             52 -0.10180929D+05    0.0000006    0.0000000  EM
             53 -0.10180929D+05    0.0000004    0.0000000  EM
             54 -0.10180929D+05    0.0000003    0.0000000  EM
             55 -0.10180929D+05    0.0000003    0.0000000  EM
             56 -0.10180929D+05    0.0000002    0.0000000  EM
             57 -0.10180929D+05    0.0000001    0.0000000  EM
             58 -0.10180929D+05    0.0000001    0.0000000  EM
             59 -0.10180929D+05    0.0000001    0.0000000  EM
             60 -0.10180929D+05    0.0000000    0.0000000  EM
             61 -0.10180929D+05    0.0000000    0.0000000  EM
             62 -0.10180929D+05    0.0000000    0.0000000  EM
             63 -0.10180929D+05    0.0000000    0.0000000  EM
             64 -0.10180929D+05    0.0000000    0.0000000  EM
             65 -0.10180929D+05    0.0000000    0.0000000  EM
             66 -0.10180929D+05    0.0000000    0.0000000  EM
             67 -0.10180929D+05    0.0000000    0.0000000  EM
             68 -0.10180929D+05    0.0000000    0.0000000  EM
             69 -0.10180929D+05    0.0000000    0.0000000  EM
             70 -0.10180929D+05    0.0000000    0.0000000  EM


DIAGRAM INFORMATION

  Mplus diagrams are currently not available for Mixture analysis.
  No diagram output was produced.


     Beginning Time:  14:58:10
        Ending Time:  15:39:59
       Elapsed Time:  00:41:49



MUTHEN & MUTHEN
3463 Stoner Ave.
Los Angeles, CA  90066

Tel: (310) 391-9971
Fax: (310) 391-8971
Web: www.StatModel.com
Support: Support@StatModel.com

Copyright (c) 1998-2019 Muthen & Muthen
